In file included from ../../../../nan/nan.h:82,
                 from ../ext/bson.h:17,
                 from ../ext/bson.cc:36:
../../../../nan/nan_new.h:24:43: error: ‘Handle’ is not a member of ‘v8’; did you mean ‘JobHandle’?
   24 | template <typename T> v8::Local<T> To(v8::Handle<v8::Integer> i);
      |                                           ^~~~~~
      |                                           JobHandle
../../../../nan/nan_new.h:24:61: error: expected primary-expression before ‘>’ token
   24 | template <typename T> v8::Local<T> To(v8::Handle<v8::Integer> i);
      |                                                             ^
../../../../nan/nan_new.h:24:63: error: ‘i’ was not declared in this scope
   24 | template <typename T> v8::Local<T> To(v8::Handle<v8::Integer> i);
      |                                                               ^
../../../../nan/nan_new.h:27:1: warning: inline variables are only available with ‘-std=c++17’ or ‘-std=gnu++17’
   27 | inline
      | ^~~~~~
../../../../nan/nan_new.h:29:21: error: ‘Handle’ is not a member of ‘v8’; did you mean ‘JobHandle’?
   29 | To<v8::Integer>(v8::Handle<v8::Integer> i) { return i->ToInteger(); }
      |                     ^~~~~~
      |                     JobHandle
../../../../nan/nan_new.h:29:39: error: expected primary-expression before ‘>’ token
   29 | To<v8::Integer>(v8::Handle<v8::Integer> i) { return i->ToInteger(); }
      |                                       ^
../../../../nan/nan_new.h:29:41: error: ‘i’ was not declared in this scope
   29 | To<v8::Integer>(v8::Handle<v8::Integer> i) { return i->ToInteger(); }
      |                                         ^
../../../../nan/nan_new.h:29:43: error: expected ‘;’ before ‘{’ token
   29 | To<v8::Integer>(v8::Handle<v8::Integer> i) { return i->ToInteger(); }
      |                                           ^~
      |                                           ;
../../../../nan/nan_new.h:32:1: warning: inline variables are only available with ‘-std=c++17’ or ‘-std=gnu++17’
   32 | inline
      | ^~~~~~
../../../../nan/nan_new.h:34:19: error: ‘Handle’ is not a member of ‘v8’; did you mean ‘JobHandle’?
   34 | To<v8::Int32>(v8::Handle<v8::Integer> i)   { return i->ToInt32(); }
      |                   ^~~~~~
      |                   JobHandle
../../../../nan/nan_new.h:34:37: error: expected primary-expression before ‘>’ token
   34 | To<v8::Int32>(v8::Handle<v8::Integer> i)   { return i->ToInt32(); }
      |                                     ^
../../../../nan/nan_new.h:34:39: error: ‘i’ was not declared in this scope
   34 | To<v8::Int32>(v8::Handle<v8::Integer> i)   { return i->ToInt32(); }
      |                                       ^
../../../../nan/nan_new.h:34:41: error: expected ‘;’ before ‘{’ token
   34 | To<v8::Int32>(v8::Handle<v8::Integer> i)   { return i->ToInt32(); }
      |                                         ^  ~
      |                                         ;
../../../../nan/nan_new.h:37:1: warning: inline variables are only available with ‘-std=c++17’ or ‘-std=gnu++17’
   37 | inline
      | ^~~~~~
../../../../nan/nan_new.h:39:20: error: ‘Handle’ is not a member of ‘v8’; did you mean ‘JobHandle’?
   39 | To<v8::Uint32>(v8::Handle<v8::Integer> i)  { return i->ToUint32(); }
      |                    ^~~~~~
      |                    JobHandle
../../../../nan/nan_new.h:39:38: error: expected primary-expression before ‘>’ token
   39 | To<v8::Uint32>(v8::Handle<v8::Integer> i)  { return i->ToUint32(); }
      |                                      ^
../../../../nan/nan_new.h:39:40: error: ‘i’ was not declared in this scope
   39 | To<v8::Uint32>(v8::Handle<v8::Integer> i)  { return i->ToUint32(); }
      |                                        ^
../../../../nan/nan_new.h:39:42: error: expected ‘;’ before ‘{’ token
   39 | To<v8::Uint32>(v8::Handle<v8::Integer> i)  { return i->ToUint32(); }
      |                                          ^ ~
      |                                          ;
../../../../nan/nan_new.h:66:12: error: ‘v8::Handle’ has not been declared
   66 |      , v8::Handle<v8::ObjectTemplate> tmpl = v8::Handle<v8::ObjectTemplate>()
      |            ^~~~~~
../../../../nan/nan_new.h:66:18: error: expected ‘,’ or ‘...’ before ‘<’ token
   66 |      , v8::Handle<v8::ObjectTemplate> tmpl = v8::Handle<v8::ObjectTemplate>()
      |                  ^
../../../../nan/nan_new.h:66:8: error: default argument missing for parameter 2 of ‘static NanIntern::FactoryBase<v8::Context>::return_t NanIntern::Factory<v8::Context>::New(v8::ExtensionConfiguration*, int)’
   66 |      , v8::Handle<v8::ObjectTemplate> tmpl = v8::Handle<v8::ObjectTemplate>()
      |        ^~~~~~~~~~
../../../../nan/nan_new.h:65:36: note: ...following parameter 1 which has a default argument
   65 |   New( v8::ExtensionConfiguration* extensions = NULL
      |                                    ^
../../../../nan/nan_new.h:85:12: error: ‘v8::Handle’ has not been declared
   85 |      , v8::Handle<v8::Value> data = v8::Handle<v8::Value>());
      |            ^~~~~~
../../../../nan/nan_new.h:85:18: error: expected ‘,’ or ‘...’ before ‘<’ token
   85 |      , v8::Handle<v8::Value> data = v8::Handle<v8::Value>());
      |                  ^
../../../../nan/nan_new.h:93:12: error: ‘v8::Handle’ has not been declared
   93 |      , v8::Handle<v8::Value> data = v8::Handle<v8::Value>()
      |            ^~~~~~
../../../../nan/nan_new.h:93:18: error: expected ‘,’ or ‘...’ before ‘<’ token
   93 |      , v8::Handle<v8::Value> data = v8::Handle<v8::Value>()
      |                  ^
../../../../nan/nan_new.h:93:8: error: default argument missing for parameter 2 of ‘static NanIntern::FactoryBase<v8::FunctionTemplate>::return_t NanIntern::Factory<v8::FunctionTemplate>::New(NanFunctionCallback, int)’
   93 |      , v8::Handle<v8::Value> data = v8::Handle<v8::Value>()
      |        ^~~~~~~~~~
../../../../nan/nan_new.h:92:28: note: ...following parameter 1 which has a default argument
   92 |   New( NanFunctionCallback callback = NULL
      |                            ^
../../../../nan/nan_new.h:139:11: error: ‘v8::Handle’ has not been declared
  139 |       v8::Handle<v8::String> pattern, v8::RegExp::Flags flags);
      |           ^~~~~~
../../../../nan/nan_new.h:139:17: error: expected ‘,’ or ‘...’ before ‘<’ token
  139 |       v8::Handle<v8::String> pattern, v8::RegExp::Flags flags);
      |                 ^
../../../../nan/nan_new.h:151:15: error: ‘Handle’ in namespace ‘v8’ does not name a template type; did you mean ‘JobHandle’?
  151 |   typedef v8::Handle<v8::FunctionTemplate> FTH;
      |               ^~~~~~
      |               JobHandle
../../../../nan/nan_new.h:152:30: error: ‘FTH’ has not been declared
  152 |   static inline return_t New(FTH receiver = FTH());
      |                              ^~~
../../../../nan/nan_new.h:152:45: error: ‘FTH’ was not declared in this scope
  152 |   static inline return_t New(FTH receiver = FTH());
      |                                             ^~~
../../../../nan/nan_new.h:171:34: error: ‘v8::Handle’ has not been declared
  171 |   static inline return_t New(v8::Handle<v8::String> value);
      |                                  ^~~~~~
../../../../nan/nan_new.h:171:40: error: expected ‘,’ or ‘...’ before ‘<’ token
  171 |   static inline return_t New(v8::Handle<v8::String> value);
      |                                        ^
In file included from ../../../../nan/nan_new.h:189,
                 from ../../../../nan/nan.h:82,
                 from ../ext/bson.h:17,
                 from ../ext/bson.cc:36:
../../../../nan/nan_implementation_12_inl.h: In static member function ‘static NanIntern::FactoryBase<v8::BooleanObject>::return_t NanIntern::Factory<v8::BooleanObject>::New(bool)’:
../../../../nan/nan_implementation_12_inl.h:49:38: error: no matching function for call to ‘v8::BooleanObject::New(bool&)’
   49 |   return v8::BooleanObject::New(value).As<v8::BooleanObject>();
      |                                      ^
In file included from ../ext/bson.cc:14:
/home/connor/.cache/node-gyp/15.3.0/include/node/v8.h:5884:23: note: candidate: ‘static v8::Local<v8::Value> v8::BooleanObject::New(v8::Isolate*, bool)’
 5884 |   static Local<Value> New(Isolate* isolate, bool value);
      |                       ^~~
/home/connor/.cache/node-gyp/15.3.0/include/node/v8.h:5884:23: note:   candidate expects 2 arguments, 1 provided
In file included from ../../../../nan/nan_new.h:189,
                 from ../../../../nan/nan.h:82,
                 from ../ext/bson.h:17,
                 from ../ext/bson.cc:36:
../../../../nan/nan_implementation_12_inl.h:49:60: error: expected primary-expression before ‘>’ token
   49 |   return v8::BooleanObject::New(value).As<v8::BooleanObject>();
      |                                                            ^
../../../../nan/nan_implementation_12_inl.h:49:62: error: expected primary-expression before ‘)’ token
   49 |   return v8::BooleanObject::New(value).As<v8::BooleanObject>();
      |                                                              ^
../../../../nan/nan_implementation_12_inl.h: At global scope:
../../../../nan/nan_implementation_12_inl.h:56:32: error: ‘v8::Handle’ has not been declared
   56 |                          , v8::Handle<v8::ObjectTemplate> tmpl
      |                                ^~~~~~
../../../../nan/nan_implementation_12_inl.h:56:38: error: expected ‘,’ or ‘...’ before ‘<’ token
   56 |                          , v8::Handle<v8::ObjectTemplate> tmpl
      |                                      ^
../../../../nan/nan_implementation_12_inl.h: In static member function ‘static NanIntern::FactoryBase<v8::Context>::return_t NanIntern::Factory<v8::Context>::New(v8::ExtensionConfiguration*, int)’:
../../../../nan/nan_implementation_12_inl.h:58:66: error: ‘tmpl’ was not declared in this scope
   58 |   return v8::Context::New(v8::Isolate::GetCurrent(), extensions, tmpl, obj);
      |                                                                  ^~~~
../../../../nan/nan_implementation_12_inl.h:58:72: error: ‘obj’ was not declared in this scope
   58 |   return v8::Context::New(v8::Isolate::GetCurrent(), extensions, tmpl, obj);
      |                                                                        ^~~
../../../../nan/nan_implementation_12_inl.h: In static member function ‘static NanIntern::FactoryBase<v8::Date>::return_t NanIntern::Factory<v8::Date>::New(double)’:
../../../../nan/nan_implementation_12_inl.h:65:47: error: cannot convert ‘v8::Isolate*’ to ‘v8::Local<v8::Context>’
   65 |   return v8::Date::New(v8::Isolate::GetCurrent(), value).As<v8::Date>();
      |                        ~~~~~~~~~~~~~~~~~~~~~~~^~
      |                                               |
      |                                               v8::Isolate*
In file included from ../ext/bson.cc:14:
/home/connor/.cache/node-gyp/15.3.0/include/node/v8.h:5833:69: note:   initializing argument 1 of ‘static v8::MaybeLocal<v8::Value> v8::Date::New(v8::Local<v8::Context>, double)’
 5833 |   static V8_WARN_UNUSED_RESULT MaybeLocal<Value> New(Local<Context> context,
      |                                                      ~~~~~~~~~~~~~~~^~~~~~~
In file included from ../../../../nan/nan_new.h:189,
                 from ../../../../nan/nan.h:82,
                 from ../ext/bson.h:17,
                 from ../ext/bson.cc:36:
../../../../nan/nan_implementation_12_inl.h:65:69: error: expected primary-expression before ‘>’ token
   65 |   return v8::Date::New(v8::Isolate::GetCurrent(), value).As<v8::Date>();
      |                                                                     ^
../../../../nan/nan_implementation_12_inl.h:65:71: error: expected primary-expression before ‘)’ token
   65 |   return v8::Date::New(v8::Isolate::GetCurrent(), value).As<v8::Date>();
      |                                                                       ^
../../../../nan/nan_implementation_12_inl.h: At global scope:
../../../../nan/nan_implementation_12_inl.h:79:33: error: ‘v8::Handle’ has not been declared
   79 |                           , v8::Handle<v8::Value> data) {
      |                                 ^~~~~~
../../../../nan/nan_implementation_12_inl.h:79:39: error: expected ‘,’ or ‘...’ before ‘<’ token
   79 |                           , v8::Handle<v8::Value> data) {
      |                                       ^
../../../../nan/nan_implementation_12_inl.h: In static member function ‘static NanIntern::FactoryBase<v8::Function>::return_t NanIntern::Factory<v8::Function>::New(NanFunctionCallback, int)’:
../../../../nan/nan_implementation_12_inl.h:82:29: error: ‘data’ was not declared in this scope
   82 |                           , data);
      |                             ^~~~
../../../../nan/nan_implementation_12_inl.h: At global scope:
../../../../nan/nan_implementation_12_inl.h:89:41: error: ‘v8::Handle’ has not been declared
   89 |                                   , v8::Handle<v8::Value> data
      |                                         ^~~~~~
../../../../nan/nan_implementation_12_inl.h:89:47: error: expected ‘,’ or ‘...’ before ‘<’ token
   89 |                                   , v8::Handle<v8::Value> data
      |                                               ^
../../../../nan/nan_implementation_12_inl.h: In static member function ‘static NanIntern::FactoryBase<v8::FunctionTemplate>::return_t NanIntern::Factory<v8::FunctionTemplate>::New(NanFunctionCallback, int)’:
../../../../nan/nan_implementation_12_inl.h:93:37: error: ‘data’ was not declared in this scope
   93 |                                   , data
      |                                     ^~~~
../../../../nan/nan_implementation_12_inl.h:94:37: error: ‘signature’ was not declared in this scope; did you mean ‘sigreturn’?
   94 |                                   , signature);
      |                                     ^~~~~~~~~
      |                                     sigreturn
../../../../nan/nan_implementation_12_inl.h: In static member function ‘static NanIntern::FactoryBase<v8::Uint32>::return_t NanIntern::Factory<v8::Uint32>::New(int32_t)’:
../../../../nan/nan_implementation_12_inl.h:129:68: error: no match for call to ‘(v8::Local<v8::Uint32>) (v8::Local<v8::Integer>)’
  129 |       v8::Uint32::NewFromUnsigned(v8::Isolate::GetCurrent(), value));
      |                                                                    ^
../../../../nan/nan_implementation_12_inl.h: In static member function ‘static NanIntern::FactoryBase<v8::Uint32>::return_t NanIntern::Factory<v8::Uint32>::New(uint32_t)’:
../../../../nan/nan_implementation_12_inl.h:135:68: error: no match for call to ‘(v8::Local<v8::Uint32>) (v8::Local<v8::Integer>)’
  135 |       v8::Uint32::NewFromUnsigned(v8::Isolate::GetCurrent(), value));
      |                                                                    ^
../../../../nan/nan_implementation_12_inl.h: At global scope:
../../../../nan/nan_implementation_12_inl.h:155:1: error: ‘NanIntern::FactoryBase<v8::RegExp>::return_t NanIntern::Factory<v8::RegExp>::New’ is not a static data member of ‘struct NanIntern::Factory<v8::RegExp>’
  155 | Factory<v8::RegExp>::New(
      | ^~~~~~~~~~~~~~~~~~~
../../../../nan/nan_implementation_12_inl.h:156:9: error: ‘Handle’ is not a member of ‘v8’; did you mean ‘JobHandle’?
  156 |     v8::Handle<v8::String> pattern
      |         ^~~~~~
      |         JobHandle
../../../../nan/nan_implementation_12_inl.h:156:26: error: expected primary-expression before ‘>’ token
  156 |     v8::Handle<v8::String> pattern
      |                          ^
../../../../nan/nan_implementation_12_inl.h:156:28: error: ‘pattern’ was not declared in this scope
  156 |     v8::Handle<v8::String> pattern
      |                            ^~~~~~~
../../../../nan/nan_implementation_12_inl.h:157:23: error: expected primary-expression before ‘flags’
  157 |   , v8::RegExp::Flags flags) {
      |                       ^~~~~
../../../../nan/nan_implementation_12_inl.h:157:30: error: expected ‘,’ or ‘;’ before ‘{’ token
  157 |   , v8::RegExp::Flags flags) {
      |                              ^
../../../../nan/nan_implementation_12_inl.h: In static member function ‘static NanIntern::FactoryBase<v8::Script>::return_t NanIntern::Factory<v8::Script>::New(v8::Local<v8::String>)’:
../../../../nan/nan_implementation_12_inl.h:166:69: error: no matching function for call to ‘v8::ScriptCompiler::Compile(v8::Isolate*, v8::ScriptCompiler::Source*)’
  166 |   return v8::ScriptCompiler::Compile(v8::Isolate::GetCurrent(), &src);
      |                                                                     ^
In file included from ../ext/bson.cc:14:
/home/connor/.cache/node-gyp/15.3.0/include/node/v8.h:1898:51: note: candidate: ‘static v8::MaybeLocal<v8::Script> v8::ScriptCompiler::Compile(v8::Local<v8::Context>, v8::ScriptCompiler::Source*, v8::ScriptCompiler::CompileOptions, v8::ScriptCompiler::NoCacheReason)’
 1898 |   static V8_WARN_UNUSED_RESULT MaybeLocal<Script> Compile(
      |                                                   ^~~~~~~
/home/connor/.cache/node-gyp/15.3.0/include/node/v8.h:1899:22: note:   no known conversion for argument 1 from ‘v8::Isolate*’ to ‘v8::Local<v8::Context>’
 1899 |       Local<Context> context, Source* source,
      |       ~~~~~~~~~~~~~~~^~~~~~~
/home/connor/.cache/node-gyp/15.3.0/include/node/v8.h:1925:51: note: candidate: ‘static v8::MaybeLocal<v8::Script> v8::ScriptCompiler::Compile(v8::Local<v8::Context>, v8::ScriptCompiler::StreamedSource*, v8::Local<v8::String>, const v8::ScriptOrigin&)’
 1925 |   static V8_WARN_UNUSED_RESULT MaybeLocal<Script> Compile(
      |                                                   ^~~~~~~
/home/connor/.cache/node-gyp/15.3.0/include/node/v8.h:1925:51: note:   candidate expects 4 arguments, 2 provided
In file included from ../../../../nan/nan_new.h:189,
                 from ../../../../nan/nan.h:82,
                 from ../ext/bson.h:17,
                 from ../ext/bson.cc:36:
../../../../nan/nan_implementation_12_inl.h: In static member function ‘static NanIntern::FactoryBase<v8::Script>::return_t NanIntern::Factory<v8::Script>::New(v8::Local<v8::String>, const v8::ScriptOrigin&)’:
../../../../nan/nan_implementation_12_inl.h:173:69: error: no matching function for call to ‘v8::ScriptCompiler::Compile(v8::Isolate*, v8::ScriptCompiler::Source*)’
  173 |   return v8::ScriptCompiler::Compile(v8::Isolate::GetCurrent(), &src);
      |                                                                     ^
In file included from ../ext/bson.cc:14:
/home/connor/.cache/node-gyp/15.3.0/include/node/v8.h:1898:51: note: candidate: ‘static v8::MaybeLocal<v8::Script> v8::ScriptCompiler::Compile(v8::Local<v8::Context>, v8::ScriptCompiler::Source*, v8::ScriptCompiler::CompileOptions, v8::ScriptCompiler::NoCacheReason)’
 1898 |   static V8_WARN_UNUSED_RESULT MaybeLocal<Script> Compile(
      |                                                   ^~~~~~~
/home/connor/.cache/node-gyp/15.3.0/include/node/v8.h:1899:22: note:   no known conversion for argument 1 from ‘v8::Isolate*’ to ‘v8::Local<v8::Context>’
 1899 |       Local<Context> context, Source* source,
      |       ~~~~~~~~~~~~~~~^~~~~~~
/home/connor/.cache/node-gyp/15.3.0/include/node/v8.h:1925:51: note: candidate: ‘static v8::MaybeLocal<v8::Script> v8::ScriptCompiler::Compile(v8::Local<v8::Context>, v8::ScriptCompiler::StreamedSource*, v8::Local<v8::String>, const v8::ScriptOrigin&)’
 1925 |   static V8_WARN_UNUSED_RESULT MaybeLocal<Script> Compile(
      |                                                   ^~~~~~~
/home/connor/.cache/node-gyp/15.3.0/include/node/v8.h:1925:51: note:   candidate expects 4 arguments, 2 provided
In file included from ../../../../nan/nan_new.h:189,
                 from ../../../../nan/nan.h:82,
                 from ../ext/bson.h:17,
                 from ../ext/bson.cc:36:
../../../../nan/nan_implementation_12_inl.h: At global scope:
../../../../nan/nan_implementation_12_inl.h:179:1: error: ‘NanIntern::FactoryBase<v8::Signature>::return_t NanIntern::Factory<v8::Signature>::New’ is not a static data member of ‘struct NanIntern::Factory<v8::Signature>’
  179 | Factory<v8::Signature>::New(Factory<v8::Signature>::FTH receiver) {
      | ^~~~~~~~~~~~~~~~~~~~~~
../../../../nan/nan_implementation_12_inl.h:179:53: error: ‘FTH’ is not a member of ‘NanIntern::Factory<v8::Signature>’
  179 | Factory<v8::Signature>::New(Factory<v8::Signature>::FTH receiver) {
      |                                                     ^~~
../../../../nan/nan_implementation_12_inl.h:179:67: error: expected ‘,’ or ‘;’ before ‘{’ token
  179 | Factory<v8::Signature>::New(Factory<v8::Signature>::FTH receiver) {
      |                                                                   ^
../../../../nan/nan_implementation_12_inl.h: In static member function ‘static NanIntern::FactoryBase<v8::String>::return_t NanIntern::Factory<v8::String>::New(const char*, int)’:
../../../../nan/nan_implementation_12_inl.h:193:19: error: ‘kNormalString’ is not a member of ‘v8::String’
  193 |       v8::String::kNormalString, length);
      |                   ^~~~~~~~~~~~~
../../../../nan/nan_implementation_12_inl.h: In static member function ‘static NanIntern::FactoryBase<v8::String>::return_t NanIntern::Factory<v8::String>::New(const string&)’:
../../../../nan/nan_implementation_12_inl.h:200:33: error: ‘kNormalString’ is not a member of ‘v8::String’
  200 |       value.data(), v8::String::kNormalString, static_cast<int>(value.size()));
      |                                 ^~~~~~~~~~~~~
../../../../nan/nan_implementation_12_inl.h: In static member function ‘static NanIntern::FactoryBase<v8::String>::return_t NanIntern::Factory<v8::String>::New(const uint8_t*, int)’:
../../../../nan/nan_implementation_12_inl.h:206:21: error: ‘kNormalString’ is not a member of ‘v8::String’
  206 |         v8::String::kNormalString, length);
      |                     ^~~~~~~~~~~~~
../../../../nan/nan_implementation_12_inl.h: In static member function ‘static NanIntern::FactoryBase<v8::String>::return_t NanIntern::Factory<v8::String>::New(const uint16_t*, int)’:
../../../../nan/nan_implementation_12_inl.h:212:21: error: ‘kNormalString’ is not a member of ‘v8::String’
  212 |         v8::String::kNormalString, length);
      |                     ^~~~~~~~~~~~~
../../../../nan/nan_implementation_12_inl.h: In static member function ‘static NanIntern::FactoryBase<v8::String>::return_t NanIntern::Factory<v8::String>::New(v8::String::ExternalStringResource*)’:
../../../../nan/nan_implementation_12_inl.h:217:22: error: ‘NewExternal’ is not a member of ‘v8::String’
  217 |   return v8::String::NewExternal(v8::Isolate::GetCurrent(), value);
      |                      ^~~~~~~~~~~
../../../../nan/nan_implementation_12_inl.h: In static member function ‘static NanIntern::FactoryBase<v8::String>::return_t NanIntern::Factory<v8::String>::New(NanExternalOneByteStringResource*)’:
../../../../nan/nan_implementation_12_inl.h:222:22: error: ‘NewExternal’ is not a member of ‘v8::String’
  222 |   return v8::String::NewExternal(v8::Isolate::GetCurrent(), value);
      |                      ^~~~~~~~~~~
../../../../nan/nan_implementation_12_inl.h: At global scope:
../../../../nan/nan_implementation_12_inl.h:228:1: error: ‘NanIntern::FactoryBase<v8::StringObject>::return_t NanIntern::Factory<v8::StringObject>::New’ is not a static data member of ‘struct NanIntern::Factory<v8::StringObject>’
  228 | Factory<v8::StringObject>::New(v8::Handle<v8::String> value) {
      | ^~~~~~~~~~~~~~~~~~~~~~~~~
../../../../nan/nan_implementation_12_inl.h:228:36: error: ‘Handle’ is not a member of ‘v8’; did you mean ‘JobHandle’?
  228 | Factory<v8::StringObject>::New(v8::Handle<v8::String> value) {
      |                                    ^~~~~~
      |                                    JobHandle
../../../../nan/nan_implementation_12_inl.h:228:53: error: expected primary-expression before ‘>’ token
  228 | Factory<v8::StringObject>::New(v8::Handle<v8::String> value) {
      |                                                     ^
../../../../nan/nan_implementation_12_inl.h:228:55: error: ‘value’ was not declared in this scope
  228 | Factory<v8::StringObject>::New(v8::Handle<v8::String> value) {
      |                                                       ^~~~~
../../../../nan/nan_implementation_12_inl.h:228:62: error: expected ‘,’ or ‘;’ before ‘{’ token
  228 | Factory<v8::StringObject>::New(v8::Handle<v8::String> value) {
      |                                                              ^
../../../../nan/nan_implementation_12_inl.h: In static member function ‘static NanIntern::FactoryBase<v8::UnboundScript>::return_t NanIntern::Factory<v8::UnboundScript>::New(v8::Local<v8::String>)’:
../../../../nan/nan_implementation_12_inl.h:237:30: error: ‘CompileUnbound’ is not a member of ‘v8::ScriptCompiler’
  237 |   return v8::ScriptCompiler::CompileUnbound(v8::Isolate::GetCurrent(), &src);
      |                              ^~~~~~~~~~~~~~
../../../../nan/nan_implementation_12_inl.h: In static member function ‘static NanIntern::FactoryBase<v8::UnboundScript>::return_t NanIntern::Factory<v8::UnboundScript>::New(v8::Local<v8::String>, const v8::ScriptOrigin&)’:
../../../../nan/nan_implementation_12_inl.h:244:30: error: ‘CompileUnbound’ is not a member of ‘v8::ScriptCompiler’
  244 |   return v8::ScriptCompiler::CompileUnbound(v8::Isolate::GetCurrent(), &src);
      |                              ^~~~~~~~~~~~~~
../../../../nan/nan_implementation_12_inl.h: At global scope:
../../../../nan/nan_implementation_12_inl.h:252:1: warning: inline variables are only available with ‘-std=c++17’ or ‘-std=gnu++17’
  252 | inline v8::Local<T> NanNew(v8::Handle<T> h) {
      | ^~~~~~
../../../../nan/nan_implementation_12_inl.h:252:32: error: ‘Handle’ is not a member of ‘v8’; did you mean ‘JobHandle’?
  252 | inline v8::Local<T> NanNew(v8::Handle<T> h) {
      |                                ^~~~~~
      |                                JobHandle
../../../../nan/nan_implementation_12_inl.h:252:40: error: expected primary-expression before ‘>’ token
  252 | inline v8::Local<T> NanNew(v8::Handle<T> h) {
      |                                        ^
../../../../nan/nan_implementation_12_inl.h:252:42: error: ‘h’ was not declared in this scope
  252 | inline v8::Local<T> NanNew(v8::Handle<T> h) {
      |                                          ^
../../../../nan/nan_implementation_12_inl.h:252:44: error: expected ‘;’ before ‘{’ token
  252 | inline v8::Local<T> NanNew(v8::Handle<T> h) {
      |                                            ^~
      |                                            ;
../../../../nan/nan_implementation_12_inl.h:257:54: error: ‘template<class T> v8::Local<T> NanNew(const v8::Persistent<T, v8::NonCopyablePersistentTraits<T> >&)’ conflicts with a previous declaration
  257 | inline v8::Local<T> NanNew(v8::Persistent<T> const& p) {
      |                                                      ^
../../../../nan/nan_implementation_12_inl.h:252:21: note: previous declaration ‘template<class T> v8::Local<T> NanNew<T>’
  252 | inline v8::Local<T> NanNew(v8::Handle<T> h) {
      |                     ^~~~~~
In file included from ../../../../nan/nan.h:82,
                 from ../ext/bson.h:17,
                 from ../ext/bson.cc:36:
../../../../nan/nan_new.h:201:8: error: ‘template<class T> typename NanIntern::Factory<T>::return_t NanNew()’ conflicts with a previous declaration
  201 | NanNew() {
      |        ^
In file included from ../../../../nan/nan_new.h:189,
                 from ../../../../nan/nan.h:82,
                 from ../ext/bson.h:17,
                 from ../ext/bson.cc:36:
../../../../nan/nan_implementation_12_inl.h:252:21: note: previous declaration ‘template<class T> v8::Local<T> NanNew<T>’
  252 | inline v8::Local<T> NanNew(v8::Handle<T> h) {
      |                     ^~~~~~
In file included from ../../../../nan/nan.h:82,
                 from ../ext/bson.h:17,
                 from ../ext/bson.cc:36:
../../../../nan/nan_new.h:207:15: error: ‘template<class T, class A0> typename NanIntern::Factory<T>::return_t NanNew(A0)’ conflicts with a previous declaration
  207 | NanNew(A0 arg0) {
      |               ^
In file included from ../../../../nan/nan_new.h:189,
                 from ../../../../nan/nan.h:82,
                 from ../ext/bson.h:17,
                 from ../ext/bson.cc:36:
../../../../nan/nan_implementation_12_inl.h:252:21: note: previous declaration ‘template<class T> v8::Local<T> NanNew<T>’
  252 | inline v8::Local<T> NanNew(v8::Handle<T> h) {
      |                     ^~~~~~
In file included from ../../../../nan/nan.h:82,
                 from ../ext/bson.h:17,
                 from ../ext/bson.cc:36:
../../../../nan/nan_new.h:213:24: error: ‘template<class T, class A0, class A1> typename NanIntern::Factory<T>::return_t NanNew(A0, A1)’ conflicts with a previous declaration
  213 | NanNew(A0 arg0, A1 arg1) {
      |                        ^
In file included from ../../../../nan/nan_new.h:189,
                 from ../../../../nan/nan.h:82,
                 from ../ext/bson.h:17,
                 from ../ext/bson.cc:36:
../../../../nan/nan_implementation_12_inl.h:252:21: note: previous declaration ‘template<class T> v8::Local<T> NanNew<T>’
  252 | inline v8::Local<T> NanNew(v8::Handle<T> h) {
      |                     ^~~~~~
In file included from ../../../../nan/nan.h:82,
                 from ../ext/bson.h:17,
                 from ../ext/bson.cc:36:
../../../../nan/nan_new.h:219:33: error: ‘template<class T, class A0, class A1, class A2> typename NanIntern::Factory<T>::return_t NanNew(A0, A1, A2)’ conflicts with a previous declaration
  219 | NanNew(A0 arg0, A1 arg1, A2 arg2) {
      |                                 ^
In file included from ../../../../nan/nan_new.h:189,
                 from ../../../../nan/nan.h:82,
                 from ../ext/bson.h:17,
                 from ../ext/bson.cc:36:
../../../../nan/nan_implementation_12_inl.h:252:21: note: previous declaration ‘template<class T> v8::Local<T> NanNew<T>’
  252 | inline v8::Local<T> NanNew(v8::Handle<T> h) {
      |                     ^~~~~~
In file included from ../../../../nan/nan.h:82,
                 from ../ext/bson.h:17,
                 from ../ext/bson.cc:36:
../../../../nan/nan_new.h:225:42: error: ‘template<class T, class A0, class A1, class A2, class A3> typename NanIntern::Factory<T>::return_t NanNew(A0, A1, A2, A3)’ conflicts with a previous declaration
  225 | NanNew(A0 arg0, A1 arg1, A2 arg2, A3 arg3) {
      |                                          ^
In file included from ../../../../nan/nan_new.h:189,
                 from ../../../../nan/nan.h:82,
                 from ../ext/bson.h:17,
                 from ../ext/bson.cc:36:
../../../../nan/nan_implementation_12_inl.h:252:21: note: previous declaration ‘template<class T> v8::Local<T> NanNew<T>’
  252 | inline v8::Local<T> NanNew(v8::Handle<T> h) {
      |                     ^~~~~~
In file included from ../../../../nan/nan.h:82,
                 from ../ext/bson.h:17,
                 from ../ext/bson.cc:36:
../../../../nan/nan_new.h:238:13: error: ‘v8::Handle’ has not been declared
  238 |       , v8::Handle<v8::Value> data = v8::Handle<v8::Value>()) {
      |             ^~~~~~
../../../../nan/nan_new.h:238:19: error: expected ‘,’ or ‘...’ before ‘<’ token
  238 |       , v8::Handle<v8::Value> data = v8::Handle<v8::Value>()) {
      |                   ^
../../../../nan/nan_new.h:238:61: error: ‘template<class T> typename NanIntern::Factory<T>::return_t NanNew(NanFunctionCallback, int)’ conflicts with a previous declaration
  238 |       , v8::Handle<v8::Value> data = v8::Handle<v8::Value>()) {
      |                                                             ^
In file included from ../../../../nan/nan_new.h:189,
                 from ../../../../nan/nan.h:82,
                 from ../ext/bson.h:17,
                 from ../ext/bson.cc:36:
../../../../nan/nan_implementation_12_inl.h:252:21: note: previous declaration ‘template<class T> v8::Local<T> NanNew<T>’
  252 | inline v8::Local<T> NanNew(v8::Handle<T> h) {
      |                     ^~~~~~
In file included from ../../../../nan/nan.h:82,
                 from ../ext/bson.h:17,
                 from ../ext/bson.cc:36:
../../../../nan/nan_new.h: In function ‘typename NanIntern::Factory<T>::return_t NanNew(NanFunctionCallback, int)’:
../../../../nan/nan_new.h:239:49: error: ‘data’ was not declared in this scope
  239 |     return NanIntern::Factory<T>::New(callback, data);
      |                                                 ^~~~
../../../../nan/nan_new.h: At global scope:
../../../../nan/nan_new.h:246:13: error: ‘v8::Handle’ has not been declared
  246 |       , v8::Handle<v8::Value> data = v8::Handle<v8::Value>()
      |             ^~~~~~
../../../../nan/nan_new.h:246:19: error: expected ‘,’ or ‘...’ before ‘<’ token
  246 |       , v8::Handle<v8::Value> data = v8::Handle<v8::Value>()
      |                   ^
../../../../nan/nan_new.h:247:21: error: ‘template<class T, class A2> typename NanIntern::Factory<T>::return_t NanNew(NanFunctionCallback, int)’ conflicts with a previous declaration
  247 |       , A2 a2 = A2()) {
      |                     ^
In file included from ../../../../nan/nan_new.h:189,
                 from ../../../../nan/nan.h:82,
                 from ../ext/bson.h:17,
                 from ../ext/bson.cc:36:
../../../../nan/nan_implementation_12_inl.h:252:21: note: previous declaration ‘template<class T> v8::Local<T> NanNew<T>’
  252 | inline v8::Local<T> NanNew(v8::Handle<T> h) {
      |                     ^~~~~~
In file included from ../../../../nan/nan.h:82,
                 from ../ext/bson.h:17,
                 from ../ext/bson.cc:36:
../../../../nan/nan_new.h: In function ‘typename NanIntern::Factory<T>::return_t NanNew(NanFunctionCallback, int)’:
../../../../nan/nan_new.h:248:49: error: ‘data’ was not declared in this scope
  248 |     return NanIntern::Factory<T>::New(callback, data, a2);
      |                                                 ^~~~
../../../../nan/nan_new.h:248:55: error: ‘a2’ was not declared in this scope; did you mean ‘A2’?
  248 |     return NanIntern::Factory<T>::New(callback, data, a2);
      |                                                       ^~
      |                                                       A2
../../../../nan/nan_new.h: At global scope:
../../../../nan/nan_new.h:253:23: warning: inline variables are only available with ‘-std=c++17’ or ‘-std=gnu++17’
  253 | template <typename T> inline v8::Local<T> NanNew(v8::Handle<T> h);
      |                       ^~~~~~
../../../../nan/nan_new.h:253:43: error: redefinition of ‘template<class T> v8::Local<T> NanNew’
  253 | template <typename T> inline v8::Local<T> NanNew(v8::Handle<T> h);
      |                                           ^~~~~~
In file included from ../../../../nan/nan_new.h:189,
                 from ../../../../nan/nan.h:82,
                 from ../ext/bson.h:17,
                 from ../ext/bson.cc:36:
../../../../nan/nan_implementation_12_inl.h:252:21: note: ‘template<class T> v8::Local<T> NanNew<T>’ previously declared here
  252 | inline v8::Local<T> NanNew(v8::Handle<T> h) {
      |                     ^~~~~~
In file included from ../../../../nan/nan.h:82,
                 from ../ext/bson.h:17,
                 from ../ext/bson.cc:36:
../../../../nan/nan_new.h:253:54: error: ‘Handle’ is not a member of ‘v8’; did you mean ‘JobHandle’?
  253 | template <typename T> inline v8::Local<T> NanNew(v8::Handle<T> h);
      |                                                      ^~~~~~
      |                                                      JobHandle
../../../../nan/nan_new.h:253:62: error: expected primary-expression before ‘>’ token
  253 | template <typename T> inline v8::Local<T> NanNew(v8::Handle<T> h);
      |                                                              ^
../../../../nan/nan_new.h:253:64: error: ‘h’ was not declared in this scope
  253 | template <typename T> inline v8::Local<T> NanNew(v8::Handle<T> h);
      |                                                                ^
../../../../nan/nan_new.h:254:76: error: ‘template<class T> v8::Local<T> NanNew(const v8::Persistent<T, v8::NonCopyablePersistentTraits<T> >&)’ conflicts with a previous declaration
  254 | template <typename T> inline v8::Local<T> NanNew(v8::Persistent<T> const& p);
      |                                                                            ^
In file included from ../../../../nan/nan_new.h:189,
                 from ../../../../nan/nan.h:82,
                 from ../ext/bson.h:17,
                 from ../ext/bson.cc:36:
../../../../nan/nan_implementation_12_inl.h:252:21: note: previous declaration ‘template<class T> v8::Local<T> NanNew<T>’
  252 | inline v8::Local<T> NanNew(v8::Handle<T> h) {
      |                     ^~~~~~
In file included from ../../../../nan/nan.h:82,
                 from ../ext/bson.h:17,
                 from ../ext/bson.cc:36:
../../../../nan/nan_new.h:258:18: error: ‘NanIntern::FactoryBase<v8::Boolean>::return_t NanNew(bool)’ redeclared as different kind of entity
  258 | NanNew(bool value) {
      |                  ^
In file included from ../../../../nan/nan_new.h:189,
                 from ../../../../nan/nan.h:82,
                 from ../ext/bson.h:17,
                 from ../ext/bson.cc:36:
../../../../nan/nan_implementation_12_inl.h:252:21: note: previous declaration ‘template<class T> v8::Local<T> NanNew<T>’
  252 | inline v8::Local<T> NanNew(v8::Handle<T> h) {
      |                     ^~~~~~
In file included from ../../../../nan/nan.h:82,
                 from ../ext/bson.h:17,
                 from ../ext/bson.cc:36:
../../../../nan/nan_new.h: In function ‘NanIntern::FactoryBase<v8::Boolean>::return_t NanNew(bool)’:
../../../../nan/nan_new.h:259:35: error: no match for call to ‘(v8::Local<v8::Boolean>) (bool&)’
  259 |   return NanNew<v8::Boolean>(value);
      |                                   ^
../../../../nan/nan_new.h: At global scope:
../../../../nan/nan_new.h:264:21: error: ‘NanIntern::IntegerFactory<v8::Int32>::return_t NanNew(int32_t)’ redeclared as different kind of entity
  264 | NanNew(int32_t value) {
      |                     ^
In file included from ../../../../nan/nan_new.h:189,
                 from ../../../../nan/nan.h:82,
                 from ../ext/bson.h:17,
                 from ../ext/bson.cc:36:
../../../../nan/nan_implementation_12_inl.h:252:21: note: previous declaration ‘template<class T> v8::Local<T> NanNew<T>’
  252 | inline v8::Local<T> NanNew(v8::Handle<T> h) {
      |                     ^~~~~~
In file included from ../../../../nan/nan.h:82,
                 from ../ext/bson.h:17,
                 from ../ext/bson.cc:36:
../../../../nan/nan_new.h: In function ‘NanIntern::IntegerFactory<v8::Int32>::return_t NanNew(int32_t)’:
../../../../nan/nan_new.h:265:33: error: no match for call to ‘(v8::Local<v8::Int32>) (int32_t&)’
  265 |   return NanNew<v8::Int32>(value);
      |                                 ^
../../../../nan/nan_new.h: At global scope:
../../../../nan/nan_new.h:270:22: error: ‘NanIntern::FactoryBase<v8::Uint32>::return_t NanNew(uint32_t)’ redeclared as different kind of entity
  270 | NanNew(uint32_t value) {
      |                      ^
In file included from ../../../../nan/nan_new.h:189,
                 from ../../../../nan/nan.h:82,
                 from ../ext/bson.h:17,
                 from ../ext/bson.cc:36:
../../../../nan/nan_implementation_12_inl.h:252:21: note: previous declaration ‘template<class T> v8::Local<T> NanNew<T>’
  252 | inline v8::Local<T> NanNew(v8::Handle<T> h) {
      |                     ^~~~~~
In file included from ../../../../nan/nan.h:82,
                 from ../ext/bson.h:17,
                 from ../ext/bson.cc:36:
../../../../nan/nan_new.h: In function ‘NanIntern::FactoryBase<v8::Uint32>::return_t NanNew(uint32_t)’:
../../../../nan/nan_new.h:271:34: error: no match for call to ‘(v8::Local<v8::Uint32>) (uint32_t&)’
  271 |   return NanNew<v8::Uint32>(value);
      |                                  ^
../../../../nan/nan_new.h: At global scope:
../../../../nan/nan_new.h:276:20: error: ‘NanIntern::FactoryBase<v8::Number>::return_t NanNew(double)’ redeclared as different kind of entity
  276 | NanNew(double value) {
      |                    ^
In file included from ../../../../nan/nan_new.h:189,
                 from ../../../../nan/nan.h:82,
                 from ../ext/bson.h:17,
                 from ../ext/bson.cc:36:
../../../../nan/nan_implementation_12_inl.h:252:21: note: previous declaration ‘template<class T> v8::Local<T> NanNew<T>’
  252 | inline v8::Local<T> NanNew(v8::Handle<T> h) {
      |                     ^~~~~~
In file included from ../../../../nan/nan.h:82,
                 from ../ext/bson.h:17,
                 from ../ext/bson.cc:36:
../../../../nan/nan_new.h: In function ‘NanIntern::FactoryBase<v8::Number>::return_t NanNew(double)’:
../../../../nan/nan_new.h:277:34: error: no match for call to ‘(v8::Local<v8::Number>) (double&)’
  277 |   return NanNew<v8::Number>(value);
      |                                  ^
../../../../nan/nan_new.h: At global scope:
../../../../nan/nan_new.h:282:32: error: ‘NanIntern::FactoryBase<v8::String>::return_t NanNew(const string&)’ redeclared as different kind of entity
  282 | NanNew(std::string const& value) {
      |                                ^
In file included from ../../../../nan/nan_new.h:189,
                 from ../../../../nan/nan.h:82,
                 from ../ext/bson.h:17,
                 from ../ext/bson.cc:36:
../../../../nan/nan_implementation_12_inl.h:252:21: note: previous declaration ‘template<class T> v8::Local<T> NanNew<T>’
  252 | inline v8::Local<T> NanNew(v8::Handle<T> h) {
      |                     ^~~~~~
In file included from ../../../../nan/nan.h:82,
                 from ../ext/bson.h:17,
                 from ../ext/bson.cc:36:
../../../../nan/nan_new.h: In function ‘NanIntern::FactoryBase<v8::String>::return_t NanNew(const string&)’:
../../../../nan/nan_new.h:283:34: error: no match for call to ‘(v8::Local<v8::String>) (const string&)’
  283 |   return NanNew<v8::String>(value);
      |                                  ^
../../../../nan/nan_new.h: At global scope:
../../../../nan/nan_new.h:288:38: error: ‘NanIntern::FactoryBase<v8::String>::return_t NanNew(const char*, int)’ redeclared as different kind of entity
  288 | NanNew(const char * value, int length) {
      |                                      ^
In file included from ../../../../nan/nan_new.h:189,
                 from ../../../../nan/nan.h:82,
                 from ../ext/bson.h:17,
                 from ../ext/bson.cc:36:
../../../../nan/nan_implementation_12_inl.h:252:21: note: previous declaration ‘template<class T> v8::Local<T> NanNew<T>’
  252 | inline v8::Local<T> NanNew(v8::Handle<T> h) {
      |                     ^~~~~~
In file included from ../../../../nan/nan.h:82,
                 from ../ext/bson.h:17,
                 from ../ext/bson.cc:36:
../../../../nan/nan_new.h: In function ‘NanIntern::FactoryBase<v8::String>::return_t NanNew(const char*, int)’:
../../../../nan/nan_new.h:289:42: error: no match for call to ‘(v8::Local<v8::String>) (const char*&, int&)’
  289 |   return NanNew<v8::String>(value, length);
      |                                          ^
../../../../nan/nan_new.h: At global scope:
../../../../nan/nan_new.h:294:26: error: ‘NanIntern::FactoryBase<v8::String>::return_t NanNew(const char*)’ redeclared as different kind of entity
  294 | NanNew(const char * value) {
      |                          ^
In file included from ../../../../nan/nan_new.h:189,
                 from ../../../../nan/nan.h:82,
                 from ../ext/bson.h:17,
                 from ../ext/bson.cc:36:
../../../../nan/nan_implementation_12_inl.h:252:21: note: previous declaration ‘template<class T> v8::Local<T> NanNew<T>’
  252 | inline v8::Local<T> NanNew(v8::Handle<T> h) {
      |                     ^~~~~~
In file included from ../../../../nan/nan.h:82,
                 from ../ext/bson.h:17,
                 from ../ext/bson.cc:36:
../../../../nan/nan_new.h: In function ‘NanIntern::FactoryBase<v8::String>::return_t NanNew(const char*)’:
../../../../nan/nan_new.h:295:34: error: no match for call to ‘(v8::Local<v8::String>) (const char*&)’
  295 |   return NanNew<v8::String>(value);
      |                                  ^
../../../../nan/nan_new.h: At global scope:
../../../../nan/nan_new.h:300:29: error: ‘NanIntern::FactoryBase<v8::String>::return_t NanNew(const uint8_t*)’ redeclared as different kind of entity
  300 | NanNew(const uint8_t * value) {
      |                             ^
In file included from ../../../../nan/nan_new.h:189,
                 from ../../../../nan/nan.h:82,
                 from ../ext/bson.h:17,
                 from ../ext/bson.cc:36:
../../../../nan/nan_implementation_12_inl.h:252:21: note: previous declaration ‘template<class T> v8::Local<T> NanNew<T>’
  252 | inline v8::Local<T> NanNew(v8::Handle<T> h) {
      |                     ^~~~~~
In file included from ../../../../nan/nan.h:82,
                 from ../ext/bson.h:17,
                 from ../ext/bson.cc:36:
../../../../nan/nan_new.h: In function ‘NanIntern::FactoryBase<v8::String>::return_t NanNew(const uint8_t*)’:
../../../../nan/nan_new.h:301:34: error: no match for call to ‘(v8::Local<v8::String>) (const uint8_t*&)’
  301 |   return NanNew<v8::String>(value);
      |                                  ^
../../../../nan/nan_new.h: At global scope:
../../../../nan/nan_new.h:306:30: error: ‘NanIntern::FactoryBase<v8::String>::return_t NanNew(const uint16_t*)’ redeclared as different kind of entity
  306 | NanNew(const uint16_t * value) {
      |                              ^
In file included from ../../../../nan/nan_new.h:189,
                 from ../../../../nan/nan.h:82,
                 from ../ext/bson.h:17,
                 from ../ext/bson.cc:36:
../../../../nan/nan_implementation_12_inl.h:252:21: note: previous declaration ‘template<class T> v8::Local<T> NanNew<T>’
  252 | inline v8::Local<T> NanNew(v8::Handle<T> h) {
      |                     ^~~~~~
In file included from ../../../../nan/nan.h:82,
                 from ../ext/bson.h:17,
                 from ../ext/bson.cc:36:
../../../../nan/nan_new.h: In function ‘NanIntern::FactoryBase<v8::String>::return_t NanNew(const uint16_t*)’:
../../../../nan/nan_new.h:307:34: error: no match for call to ‘(v8::Local<v8::String>) (const uint16_t*&)’
  307 |   return NanNew<v8::String>(value);
      |                                  ^
../../../../nan/nan_new.h: At global scope:
../../../../nan/nan_new.h:312:50: error: ‘NanIntern::FactoryBase<v8::String>::return_t NanNew(v8::String::ExternalStringResource*)’ redeclared as different kind of entity
  312 | NanNew(v8::String::ExternalStringResource * value) {
      |                                                  ^
In file included from ../../../../nan/nan_new.h:189,
                 from ../../../../nan/nan.h:82,
                 from ../ext/bson.h:17,
                 from ../ext/bson.cc:36:
../../../../nan/nan_implementation_12_inl.h:252:21: note: previous declaration ‘template<class T> v8::Local<T> NanNew<T>’
  252 | inline v8::Local<T> NanNew(v8::Handle<T> h) {
      |                     ^~~~~~
In file included from ../../../../nan/nan.h:82,
                 from ../ext/bson.h:17,
                 from ../ext/bson.cc:36:
../../../../nan/nan_new.h: In function ‘NanIntern::FactoryBase<v8::String>::return_t NanNew(v8::String::ExternalStringResource*)’:
../../../../nan/nan_new.h:313:34: error: no match for call to ‘(v8::Local<v8::String>) (v8::String::ExternalStringResource*&)’
  313 |   return NanNew<v8::String>(value);
      |                                  ^
../../../../nan/nan_new.h: At global scope:
../../../../nan/nan_new.h:318:48: error: ‘NanIntern::FactoryBase<v8::String>::return_t NanNew(NanExternalOneByteStringResource*)’ redeclared as different kind of entity
  318 | NanNew(NanExternalOneByteStringResource * value) {
      |                                                ^
In file included from ../../../../nan/nan_new.h:189,
                 from ../../../../nan/nan.h:82,
                 from ../ext/bson.h:17,
                 from ../ext/bson.cc:36:
../../../../nan/nan_implementation_12_inl.h:252:21: note: previous declaration ‘template<class T> v8::Local<T> NanNew<T>’
  252 | inline v8::Local<T> NanNew(v8::Handle<T> h) {
      |                     ^~~~~~
In file included from ../../../../nan/nan.h:82,
                 from ../ext/bson.h:17,
                 from ../ext/bson.cc:36:
../../../../nan/nan_new.h: In function ‘NanIntern::FactoryBase<v8::String>::return_t NanNew(NanExternalOneByteStringResource*)’:
../../../../nan/nan_new.h:319:34: error: no match for call to ‘(v8::Local<v8::String>) (NanExternalOneByteStringResource*&)’
  319 |   return NanNew<v8::String>(value);
      |                                  ^
../../../../nan/nan_new.h: At global scope:
../../../../nan/nan_new.h:322:1: warning: inline variables are only available with ‘-std=c++17’ or ‘-std=gnu++17’
  322 | inline
      | ^~~~~~
../../../../nan/nan_new.h:324:12: error: ‘NanIntern::FactoryBase<v8::RegExp>::return_t NanNew’ redeclared as different kind of entity
  324 | NanNew(v8::Handle<v8::String> pattern, v8::RegExp::Flags flags) {
      |            ^~~~~~
In file included from ../../../../nan/nan_new.h:189,
                 from ../../../../nan/nan.h:82,
                 from ../ext/bson.h:17,
                 from ../ext/bson.cc:36:
../../../../nan/nan_implementation_12_inl.h:252:21: note: previous declaration ‘template<class T> v8::Local<T> NanNew<T>’
  252 | inline v8::Local<T> NanNew(v8::Handle<T> h) {
      |                     ^~~~~~
In file included from ../../../../nan/nan.h:82,
                 from ../ext/bson.h:17,
                 from ../ext/bson.cc:36:
../../../../nan/nan_new.h:324:12: error: ‘Handle’ is not a member of ‘v8’; did you mean ‘JobHandle’?
  324 | NanNew(v8::Handle<v8::String> pattern, v8::RegExp::Flags flags) {
      |            ^~~~~~
      |            JobHandle
../../../../nan/nan_new.h:324:29: error: expected primary-expression before ‘>’ token
  324 | NanNew(v8::Handle<v8::String> pattern, v8::RegExp::Flags flags) {
      |                             ^
../../../../nan/nan_new.h:324:31: error: ‘pattern’ was not declared in this scope
  324 | NanNew(v8::Handle<v8::String> pattern, v8::RegExp::Flags flags) {
      |                               ^~~~~~~
../../../../nan/nan_new.h:324:58: error: expected primary-expression before ‘flags’
  324 | NanNew(v8::Handle<v8::String> pattern, v8::RegExp::Flags flags) {
      |                                                          ^~~~~
In file included from ../ext/bson.h:17,
                 from ../ext/bson.cc:36:
../../../../nan/nan.h:220:9: error: ‘v8::Handle’ has not been declared
  220 |   , v8::Handle<v8::String> opt, bool def
      |         ^~~~~~
../../../../nan/nan.h:220:15: error: expected ‘,’ or ‘...’ before ‘<’ token
  220 |   , v8::Handle<v8::String> opt, bool def
      |               ^
../../../../nan/nan.h: In function ‘bool NanBooleanOptionValue(v8::Local<v8::Object>, int)’:
../../../../nan/nan.h:222:7: error: ‘def’ was not declared in this scope
  222 |   if (def) {
      |       ^~~
../../../../nan/nan.h:224:27: error: ‘opt’ was not declared in this scope
  224 |       || !optionsObj->Has(opt)
      |                           ^~~
../../../../nan/nan.h:228:26: error: ‘opt’ was not declared in this scope
  228 |       && optionsObj->Has(opt)
      |                          ^~~
../../../../nan/nan.h: At global scope:
../../../../nan/nan.h:235:9: error: ‘v8::Handle’ has not been declared
  235 |   , v8::Handle<v8::String> opt
      |         ^~~~~~
../../../../nan/nan.h:235:15: error: expected ‘,’ or ‘...’ before ‘<’ token
  235 |   , v8::Handle<v8::String> opt
      |               ^
../../../../nan/nan.h:233:17: error: redefinition of ‘bool NanBooleanOptionValue(v8::Local<v8::Object>, int)’
  233 | NAN_INLINE bool NanBooleanOptionValue(
      |                 ^~~~~~~~~~~~~~~~~~~~~
../../../../nan/nan.h:218:17: note: ‘bool NanBooleanOptionValue(v8::Local<v8::Object>, int)’ previously defined here
  218 | NAN_INLINE bool NanBooleanOptionValue(
      |                 ^~~~~~~~~~~~~~~~~~~~~
../../../../nan/nan.h: In function ‘bool NanBooleanOptionValue(v8::Local<v8::Object>, int)’:
../../../../nan/nan.h:237:44: error: ‘opt’ was not declared in this scope
  237 |   return NanBooleanOptionValue(optionsObj, opt, false);
      |                                            ^~~
../../../../nan/nan.h: At global scope:
../../../../nan/nan.h:242:9: error: ‘v8::Handle’ has not been declared
  242 |   , v8::Handle<v8::String> opt
      |         ^~~~~~
../../../../nan/nan.h:242:15: error: expected ‘,’ or ‘...’ before ‘<’ token
  242 |   , v8::Handle<v8::String> opt
      |               ^
../../../../nan/nan.h: In function ‘uint32_t NanUInt32OptionValue(v8::Local<v8::Object>, int)’:
../../../../nan/nan.h:246:24: error: ‘opt’ was not declared in this scope
  246 |     && optionsObj->Has(opt)
      |                        ^~~
../../../../nan/nan.h:249:9: error: ‘def’ was not declared in this scope
  249 |       : def;
      |         ^~~
../../../../nan/nan.h: At global scope:
../../../../nan/nan.h:253:14: error: redefinition of ‘template<class T> v8::Local<T> NanNew’
  253 | v8::Local<T> NanNew(v8::Handle<T>);
      |              ^~~~~~
In file included from ../../../../nan/nan_new.h:189,
                 from ../../../../nan/nan.h:82,
                 from ../ext/bson.h:17,
                 from ../ext/bson.cc:36:
../../../../nan/nan_implementation_12_inl.h:252:21: note: ‘template<class T> v8::Local<T> NanNew<T>’ previously declared here
  252 | inline v8::Local<T> NanNew(v8::Handle<T> h) {
      |                     ^~~~~~
In file included from ../ext/bson.h:17,
                 from ../ext/bson.cc:36:
../../../../nan/nan.h:253:25: error: ‘Handle’ is not a member of ‘v8’; did you mean ‘JobHandle’?
  253 | v8::Local<T> NanNew(v8::Handle<T>);
      |                         ^~~~~~
      |                         JobHandle
../../../../nan/nan.h:253:33: error: expected primary-expression before ‘>’ token
  253 | v8::Local<T> NanNew(v8::Handle<T>);
      |                                 ^
../../../../nan/nan.h:253:34: error: expected primary-expression before ‘)’ token
  253 | v8::Local<T> NanNew(v8::Handle<T>);
      |                                  ^
In file included from ../ext/bson.h:17,
                 from ../ext/bson.cc:36:
../../../../nan/nan.h:41:21: warning: inline variables are only available with ‘-std=c++17’ or ‘-std=gnu++17’
   41 | # define NAN_INLINE inline __attribute__((always_inline))
      |                     ^~~~~~
../../../../nan/nan.h:256:1: note: in expansion of macro ‘NAN_INLINE’
  256 | NAN_INLINE v8::Local<T> _NanEnsureLocal(v8::Handle<T> val) {
      | ^~~~~~~~~~
In file included from ../ext/bson.h:17,
                 from ../ext/bson.cc:36:
../../../../nan/nan.h:256:45: warning: ‘always_inline’ attribute ignored [-Wattributes]
  256 | NAN_INLINE v8::Local<T> _NanEnsureLocal(v8::Handle<T> val) {
      |                                             ^~~~~~
../../../../nan/nan.h:256:45: error: ‘Handle’ is not a member of ‘v8’; did you mean ‘JobHandle’?
  256 | NAN_INLINE v8::Local<T> _NanEnsureLocal(v8::Handle<T> val) {
      |                                             ^~~~~~
      |                                             JobHandle
../../../../nan/nan.h:256:53: error: expected primary-expression before ‘>’ token
  256 | NAN_INLINE v8::Local<T> _NanEnsureLocal(v8::Handle<T> val) {
      |                                                     ^
../../../../nan/nan.h:256:55: error: ‘val’ was not declared in this scope
  256 | NAN_INLINE v8::Local<T> _NanEnsureLocal(v8::Handle<T> val) {
      |                                                       ^~~
../../../../nan/nan.h:256:59: error: expected ‘;’ before ‘{’ token
  256 | NAN_INLINE v8::Local<T> _NanEnsureLocal(v8::Handle<T> val) {
      |                                                           ^~
      |                                                           ;
../../../../nan/nan.h:261:57: error: ‘template<class T> v8::Local<T> _NanEnsureLocal(v8::Local<T>)’ conflicts with a previous declaration
  261 | NAN_INLINE v8::Local<T> _NanEnsureLocal(v8::Local<T> val) {
      |                                                         ^
../../../../nan/nan.h:256:25: note: previous declaration ‘template<class T> v8::Local<T> _NanEnsureLocal<T>’
  256 | NAN_INLINE v8::Local<T> _NanEnsureLocal(v8::Handle<T> val) {
      |                         ^~~~~~~~~~~~~~~
../../../../nan/nan.h:266:54: error: ‘template<class T> v8::Local<v8::Value> _NanEnsureLocal(T)’ conflicts with a previous declaration
  266 | NAN_INLINE v8::Local<v8::Value> _NanEnsureLocal(T val) {
      |                                                      ^
../../../../nan/nan.h:256:25: note: previous declaration ‘template<class T> v8::Local<T> _NanEnsureLocal<T>’
  256 | NAN_INLINE v8::Local<T> _NanEnsureLocal(v8::Handle<T> val) {
      |                         ^~~~~~~~~~~~~~~
../../../../nan/nan.h: In function ‘v8::Local<v8::Value> _NanEnsureLocal(T)’:
../../../../nan/nan.h:267:16: error: missing template arguments before ‘(’ token
  267 |   return NanNew(val);
      |                ^
../../../../nan/nan.h: In function ‘bool NanIdleNotification(int)’:
../../../../nan/nan.h:289:39: error: ‘class v8::Isolate’ has no member named ‘IdleNotification’; did you mean ‘IdleNotificationDeadline’?
  289 |     return v8::Isolate::GetCurrent()->IdleNotification(idle_time_in_ms);
      |                                       ^~~~~~~~~~~~~~~~
      |                                       IdleNotificationDeadline
../../../../nan/nan.h: In function ‘v8::Local<v8::Primitive> NanUndefined()’:
../../../../nan/nan.h:398:58: error: missing template arguments before ‘(’ token
  398 | # define NanEscapeScope(val) scope.Escape(_NanEnsureLocal(val))
      |                                                          ^
../../../../nan/nan.h:414:12: note: in expansion of macro ‘NanEscapeScope’
  414 |     return NanEscapeScope(NanNew(v8::Undefined(v8::Isolate::GetCurrent())));
      |            ^~~~~~~~~~~~~~
../../../../nan/nan.h:414:33: error: missing template arguments before ‘(’ token
  414 |     return NanEscapeScope(NanNew(v8::Undefined(v8::Isolate::GetCurrent())));
      |                                 ^
../../../../nan/nan.h:398:59: note: in definition of macro ‘NanEscapeScope’
  398 | # define NanEscapeScope(val) scope.Escape(_NanEnsureLocal(val))
      |                                                           ^~~
../../../../nan/nan.h: In function ‘v8::Local<v8::Primitive> NanNull()’:
../../../../nan/nan.h:398:58: error: missing template arguments before ‘(’ token
  398 | # define NanEscapeScope(val) scope.Escape(_NanEnsureLocal(val))
      |                                                          ^
../../../../nan/nan.h:419:12: note: in expansion of macro ‘NanEscapeScope’
  419 |     return NanEscapeScope(NanNew(v8::Null(v8::Isolate::GetCurrent())));
      |            ^~~~~~~~~~~~~~
../../../../nan/nan.h:419:33: error: missing template arguments before ‘(’ token
  419 |     return NanEscapeScope(NanNew(v8::Null(v8::Isolate::GetCurrent())));
      |                                 ^
../../../../nan/nan.h:398:59: note: in definition of macro ‘NanEscapeScope’
  398 | # define NanEscapeScope(val) scope.Escape(_NanEnsureLocal(val))
      |                                                           ^~~
../../../../nan/nan.h: In function ‘v8::Local<v8::Boolean> NanTrue()’:
../../../../nan/nan.h:398:58: error: missing template arguments before ‘(’ token
  398 | # define NanEscapeScope(val) scope.Escape(_NanEnsureLocal(val))
      |                                                          ^
../../../../nan/nan.h:424:12: note: in expansion of macro ‘NanEscapeScope’
  424 |     return NanEscapeScope(NanNew(v8::True(v8::Isolate::GetCurrent())));
      |            ^~~~~~~~~~~~~~
../../../../nan/nan.h:424:33: error: missing template arguments before ‘(’ token
  424 |     return NanEscapeScope(NanNew(v8::True(v8::Isolate::GetCurrent())));
      |                                 ^
../../../../nan/nan.h:398:59: note: in definition of macro ‘NanEscapeScope’
  398 | # define NanEscapeScope(val) scope.Escape(_NanEnsureLocal(val))
      |                                                           ^~~
../../../../nan/nan.h: In function ‘v8::Local<v8::Boolean> NanFalse()’:
../../../../nan/nan.h:398:58: error: missing template arguments before ‘(’ token
  398 | # define NanEscapeScope(val) scope.Escape(_NanEnsureLocal(val))
      |                                                          ^
../../../../nan/nan.h:429:12: note: in expansion of macro ‘NanEscapeScope’
  429 |     return NanEscapeScope(NanNew(v8::False(v8::Isolate::GetCurrent())));
      |            ^~~~~~~~~~~~~~
../../../../nan/nan.h:429:33: error: missing template arguments before ‘(’ token
  429 |     return NanEscapeScope(NanNew(v8::False(v8::Isolate::GetCurrent())));
      |                                 ^
../../../../nan/nan.h:398:59: note: in definition of macro ‘NanEscapeScope’
  398 | # define NanEscapeScope(val) scope.Escape(_NanEnsureLocal(val))
      |                                                           ^~~
../../../../nan/nan.h: At global scope:
../../../../nan/nan.h:437:19: error: variable or field ‘NanSetTemplate’ declared void
  437 |   NAN_INLINE void NanSetTemplate(
      |                   ^~~~~~~~~~~~~~
../../../../nan/nan.h:438:11: error: ‘Handle’ is not a member of ‘v8’; did you mean ‘JobHandle’?
  438 |       v8::Handle<v8::Template> templ
      |           ^~~~~~
      |           JobHandle
../../../../nan/nan.h:438:30: error: expected primary-expression before ‘>’ token
  438 |       v8::Handle<v8::Template> templ
      |                              ^
../../../../nan/nan.h:438:32: error: ‘templ’ was not declared in this scope
  438 |       v8::Handle<v8::Template> templ
      |                                ^~~~~
../../../../nan/nan.h:439:7: error: expected primary-expression before ‘const’
  439 |     , const char *name
      |       ^~~~~
../../../../nan/nan.h:440:11: error: ‘Handle’ is not a member of ‘v8’; did you mean ‘JobHandle’?
  440 |     , v8::Handle<v8::Data> value) {
      |           ^~~~~~
      |           JobHandle
../../../../nan/nan.h:440:26: error: expected primary-expression before ‘>’ token
  440 |     , v8::Handle<v8::Data> value) {
      |                          ^
../../../../nan/nan.h:440:28: error: ‘value’ was not declared in this scope
  440 |     , v8::Handle<v8::Data> value) {
      |                            ^~~~~
../../../../nan/nan.h:444:19: error: variable or field ‘NanSetTemplate’ declared void
  444 |   NAN_INLINE void NanSetTemplate(
      |                   ^~~~~~~~~~~~~~
../../../../nan/nan.h:445:11: error: ‘Handle’ is not a member of ‘v8’; did you mean ‘JobHandle’?
  445 |       v8::Handle<v8::Template> templ
      |           ^~~~~~
      |           JobHandle
../../../../nan/nan.h:445:30: error: expected primary-expression before ‘>’ token
  445 |       v8::Handle<v8::Template> templ
      |                              ^
../../../../nan/nan.h:445:32: error: ‘templ’ was not declared in this scope
  445 |       v8::Handle<v8::Template> templ
      |                                ^~~~~
../../../../nan/nan.h:446:11: error: ‘Handle’ is not a member of ‘v8’; did you mean ‘JobHandle’?
  446 |     , v8::Handle<v8::String> name
      |           ^~~~~~
      |           JobHandle
../../../../nan/nan.h:446:28: error: expected primary-expression before ‘>’ token
  446 |     , v8::Handle<v8::String> name
      |                            ^
../../../../nan/nan.h:446:30: error: ‘name’ was not declared in this scope
  446 |     , v8::Handle<v8::String> name
      |                              ^~~~
../../../../nan/nan.h:447:11: error: ‘Handle’ is not a member of ‘v8’; did you mean ‘JobHandle’?
  447 |     , v8::Handle<v8::Data> value
      |           ^~~~~~
      |           JobHandle
../../../../nan/nan.h:447:26: error: expected primary-expression before ‘>’ token
  447 |     , v8::Handle<v8::Data> value
      |                          ^
../../../../nan/nan.h:447:28: error: ‘value’ was not declared in this scope
  447 |     , v8::Handle<v8::Data> value
      |                            ^~~~~
../../../../nan/nan.h:448:29: error: expected primary-expression before ‘attributes’
  448 |     , v8::PropertyAttribute attributes) {
      |                             ^~~~~~~~~~
In file included from ../ext/bson.h:17,
                 from ../ext/bson.cc:36:
../../../../nan/nan.h:41:21: warning: inline variables are only available with ‘-std=c++17’ or ‘-std=gnu++17’
   41 | # define NAN_INLINE inline __attribute__((always_inline))
      |                     ^~~~~~
../../../../nan/nan.h:456:3: note: in expansion of macro ‘NAN_INLINE’
  456 |   NAN_INLINE void* NanGetInternalFieldPointer(
      |   ^~~~~~~~~~
In file included from ../ext/bson.h:17,
                 from ../ext/bson.cc:36:
../../../../nan/nan.h:457:11: warning: ‘always_inline’ attribute ignored [-Wattributes]
  457 |       v8::Handle<v8::Object> object
      |           ^~~~~~
../../../../nan/nan.h:457:11: error: ‘Handle’ is not a member of ‘v8’; did you mean ‘JobHandle’?
  457 |       v8::Handle<v8::Object> object
      |           ^~~~~~
      |           JobHandle
../../../../nan/nan.h:457:28: error: expected primary-expression before ‘>’ token
  457 |       v8::Handle<v8::Object> object
      |                            ^
../../../../nan/nan.h:457:30: error: ‘object’ was not declared in this scope
  457 |       v8::Handle<v8::Object> object
      |                              ^~~~~~
../../../../nan/nan.h:458:7: error: expected primary-expression before ‘int’
  458 |     , int index) {
      |       ^~~
../../../../nan/nan.h:458:16: error: expression list treated as compound expression in initializer [-fpermissive]
  458 |     , int index) {
      |                ^
../../../../nan/nan.h:462:19: error: variable or field ‘NanSetInternalFieldPointer’ declared void
  462 |   NAN_INLINE void NanSetInternalFieldPointer(
      |                   ^~~~~~~~~~~~~~~~~~~~~~~~~~
../../../../nan/nan.h:463:11: error: ‘Handle’ is not a member of ‘v8’; did you mean ‘JobHandle’?
  463 |       v8::Handle<v8::Object> object
      |           ^~~~~~
      |           JobHandle
../../../../nan/nan.h:463:28: error: expected primary-expression before ‘>’ token
  463 |       v8::Handle<v8::Object> object
      |                            ^
../../../../nan/nan.h:463:30: error: ‘object’ was not declared in this scope
  463 |       v8::Handle<v8::Object> object
      |                              ^~~~~~
../../../../nan/nan.h:464:7: error: expected primary-expression before ‘int’
  464 |     , int index
      |       ^~~
../../../../nan/nan.h:465:7: error: expected primary-expression before ‘void’
  465 |     , void* value) {
      |       ^~~~
../../../../nan/nan.h:472:19: error: variable or field ‘NanAddGCEpilogueCallback’ declared void
  472 |   NAN_INLINE void NanAddGCEpilogueCallback(
      |                   ^~~~~~~~~~~~~~~~~~~~~~~~
../../../../nan/nan.h:473:20: error: ‘GCEpilogueCallback’ is not a member of ‘v8::Isolate’
  473 |       v8::Isolate::GCEpilogueCallback callback
      |                    ^~~~~~~~~~~~~~~~~~
../../../../nan/nan.h:474:18: error: expected primary-expression before ‘gc_type_filter’
  474 |     , v8::GCType gc_type_filter = v8::kGCTypeAll) {
      |                  ^~~~~~~~~~~~~~
../../../../nan/nan.h:478:19: error: variable or field ‘NanRemoveGCEpilogueCallback’ declared void
  478 |   NAN_INLINE void NanRemoveGCEpilogueCallback(
      |                   ^~~~~~~~~~~~~~~~~~~~~~~~~~~
../../../../nan/nan.h:479:20: error: ‘GCEpilogueCallback’ is not a member of ‘v8::Isolate’
  479 |       v8::Isolate::GCEpilogueCallback callback) {
      |                    ^~~~~~~~~~~~~~~~~~
../../../../nan/nan.h:483:19: error: variable or field ‘NanAddGCPrologueCallback’ declared void
  483 |   NAN_INLINE void NanAddGCPrologueCallback(
      |                   ^~~~~~~~~~~~~~~~~~~~~~~~
../../../../nan/nan.h:484:20: error: ‘GCPrologueCallback’ is not a member of ‘v8::Isolate’
  484 |       v8::Isolate::GCPrologueCallback callback
      |                    ^~~~~~~~~~~~~~~~~~
../../../../nan/nan.h:485:18: error: expected primary-expression before ‘gc_type_filter’
  485 |     , v8::GCType gc_type_filter = v8::kGCTypeAll) {
      |                  ^~~~~~~~~~~~~~
../../../../nan/nan.h:489:19: error: variable or field ‘NanRemoveGCPrologueCallback’ declared void
  489 |   NAN_INLINE void NanRemoveGCPrologueCallback(
      |                   ^~~~~~~~~~~~~~~~~~~~~~~~~~~
../../../../nan/nan.h:490:20: error: ‘GCPrologueCallback’ is not a member of ‘v8::Isolate’
  490 |       v8::Isolate::GCPrologueCallback callback) {
      |                    ^~~~~~~~~~~~~~~~~~
../../../../nan/nan.h: In function ‘v8::Local<v8::String> NanSymbol(const char*, int)’:
../../../../nan/nan.h:501:43: error: no match for call to ‘(v8::Local<v8::String>) (const char*&, int&)’
  501 |     return NanNew<v8::String>(data, length);
      |                                           ^
../../../../nan/nan.h: At global scope:
../../../../nan/nan.h:507:11: error: ‘v8::Handle’ has not been declared
  507 |     , v8::Handle<T> obj) {
      |           ^~~~~~
../../../../nan/nan.h:507:17: error: expected ‘,’ or ‘...’ before ‘<’ token
  507 |     , v8::Handle<T> obj) {
      |                 ^
../../../../nan/nan.h: In function ‘void NanAssignPersistent(v8::Persistent<T, v8::NonCopyablePersistentTraits<T> >&, int)’:
../../../../nan/nan.h:508:47: error: ‘obj’ was not declared in this scope
  508 |       handle.Reset(v8::Isolate::GetCurrent(), obj);
      |                                               ^~~
../../../../nan/nan.h: At global scope:
../../../../nan/nan.h:524:47: error: expected ‘)’ before ‘<’ token
  524 |     NAN_INLINE _NanWeakCallbackInfo(v8::Handle<T> handle, P* param, Callback cb)
      |                                    ~          ^
      |                                               )
../../../../nan/nan.h: In member function ‘v8::Local<T> _NanWeakCallbackData<T, P>::GetValue() const’:
../../../../nan/nan.h:545:20: error: missing template arguments before ‘(’ token
  545 |       return NanNew(info_->persistent);
      |                    ^
../../../../nan/nan.h: At global scope:
../../../../nan/nan.h:569:15: error: ‘WeakCallbackData’ in namespace ‘v8’ does not name a template type; did you mean ‘WeakCallbackType’?
  569 |     const v8::WeakCallbackData<T, _NanWeakCallbackInfo<T, P> > &data) {
      |               ^~~~~~~~~~~~~~~~
      |               WeakCallbackType
../../../../nan/nan.h:569:31: error: expected ‘,’ or ‘...’ before ‘<’ token
  569 |     const v8::WeakCallbackData<T, _NanWeakCallbackInfo<T, P> > &data) {
      |                               ^
../../../../nan/nan.h: In function ‘void _NanWeakCallbackDispatcher(int)’:
../../../../nan/nan.h:570:42: error: ‘data’ was not declared in this scope
  570 |       _NanWeakCallbackInfo<T, P> *info = data.GetParameter();
      |                                          ^~~~
In file included from ../ext/bson.h:17,
                 from ../ext/bson.cc:36:
../../../../nan/nan.h: At global scope:
../../../../nan/nan.h:41:21: warning: inline variables are only available with ‘-std=c++17’ or ‘-std=gnu++17’
   41 | # define NAN_INLINE inline __attribute__((always_inline))
      |                     ^~~~~~
../../../../nan/nan.h:584:1: note: in expansion of macro ‘NAN_INLINE’
  584 | NAN_INLINE _NanWeakCallbackInfo<T, P>* NanMakeWeakPersistent(
      | ^~~~~~~~~~
In file included from ../ext/bson.h:17,
                 from ../ext/bson.cc:36:
../../../../nan/nan.h:585:9: warning: ‘always_inline’ attribute ignored [-Wattributes]
  585 |     v8::Handle<T> handle
      |         ^~~~~~
../../../../nan/nan.h:585:9: error: ‘Handle’ is not a member of ‘v8’; did you mean ‘JobHandle’?
  585 |     v8::Handle<T> handle
      |         ^~~~~~
      |         JobHandle
../../../../nan/nan.h:585:17: error: expected primary-expression before ‘>’ token
  585 |     v8::Handle<T> handle
      |                 ^
../../../../nan/nan.h:585:19: error: ‘handle’ was not declared in this scope
  585 |     v8::Handle<T> handle
      |                   ^~~~~~
../../../../nan/nan.h:586:6: error: expected primary-expression before ‘*’ token
  586 |   , P* parameter
      |      ^
../../../../nan/nan.h:586:8: error: ‘parameter’ was not declared in this scope
  586 |   , P* parameter
      |        ^~~~~~~~~
../../../../nan/nan.h:587:51: error: expected ‘(’ before ‘callback’
  587 |   , typename _NanWeakCallbackInfo<T, P>::Callback callback) {
      |                                                   ^~~~~~~~
      |                                                   (
../../../../nan/nan.h:587:60: error: expected ‘;’ before ‘{’ token
  587 |   , typename _NanWeakCallbackInfo<T, P>::Callback callback) {
      |                                                            ^~
      |                                                            ;
../../../../nan/nan.h: In function ‘v8::Local<v8::Value> NanError(const char*)’:
../../../../nan/nan.h:598:63: error: no match for call to ‘(v8::Local<v8::String>) (const char*&)’
  598 | # define _NAN_ERROR(fun, errmsg) fun(NanNew<v8::String>(errmsg))
      |                                                               ^
../../../../nan/nan.h:607:13: note: in expansion of macro ‘_NAN_ERROR’
  607 |     return  _NAN_ERROR(v8::Exception::Error, errmsg);
      |             ^~~~~~~~~~
../../../../nan/nan.h: In function ‘void NanThrowError(const char*)’:
../../../../nan/nan.h:598:63: error: no match for call to ‘(v8::Local<v8::String>) (const char*&)’
  598 | # define _NAN_ERROR(fun, errmsg) fun(NanNew<v8::String>(errmsg))
      |                                                               ^
../../../../nan/nan.h:603:49: note: in expansion of macro ‘_NAN_ERROR’
  603 |       v8::Isolate::GetCurrent()->ThrowException(_NAN_ERROR(fun, errmsg));      \
      |                                                 ^~~~~~~~~~
../../../../nan/nan.h:611:5: note: in expansion of macro ‘_NAN_THROW_ERROR’
  611 |     _NAN_THROW_ERROR(v8::Exception::Error, errmsg);
      |     ^~~~~~~~~~~~~~~~
../../../../nan/nan.h: At global scope:
../../../../nan/nan.h:614:19: error: variable or field ‘NanThrowError’ declared void
  614 |   NAN_INLINE void NanThrowError(v8::Handle<v8::Value> error) {
      |                   ^~~~~~~~~~~~~
../../../../nan/nan.h:614:37: error: ‘Handle’ is not a member of ‘v8’; did you mean ‘JobHandle’?
  614 |   NAN_INLINE void NanThrowError(v8::Handle<v8::Value> error) {
      |                                     ^~~~~~
      |                                     JobHandle
../../../../nan/nan.h:614:53: error: expected primary-expression before ‘>’ token
  614 |   NAN_INLINE void NanThrowError(v8::Handle<v8::Value> error) {
      |                                                     ^
../../../../nan/nan.h:614:55: error: ‘error’ was not declared in this scope; did you mean ‘herror’?
  614 |   NAN_INLINE void NanThrowError(v8::Handle<v8::Value> error) {
      |                                                       ^~~~~
      |                                                       herror
../../../../nan/nan.h: In function ‘v8::Local<v8::Value> NanError(const char*, int)’:
../../../../nan/nan.h:623:75: error: no match for call to ‘(v8::Local<v8::String>) (const char*&)’
  623 |     v8::Local<v8::Value> err = v8::Exception::Error(NanNew<v8::String>(msg));
      |                                                                           ^
../../../../nan/nan.h:625:39: error: no match for call to ‘(v8::Local<v8::String>) (const char [5])’
  625 |     obj->Set(NanNew<v8::String>("code"), NanNew<v8::Integer>(errorNumber));
      |                                       ^
../../../../nan/nan.h:625:73: error: no match for call to ‘(v8::Local<v8::Integer>) (const int&)’
  625 |     obj->Set(NanNew<v8::String>("code"), NanNew<v8::Integer>(errorNumber));
      |                                                                         ^
../../../../nan/nan.h: In function ‘void NanThrowError(const char*, int)’:
../../../../nan/nan.h:633:45: error: no matching function for call to ‘NanThrowError(v8::Local<v8::Value>)’
  633 |     NanThrowError(NanError(msg, errorNumber));
      |                                             ^
../../../../nan/nan.h:610:19: note: candidate: ‘void NanThrowError(const char*)’
  610 |   NAN_INLINE void NanThrowError(const char* errmsg) {
      |                   ^~~~~~~~~~~~~
../../../../nan/nan.h:610:45: note:   no known conversion for argument 1 from ‘v8::Local<v8::Value>’ to ‘const char*’
  610 |   NAN_INLINE void NanThrowError(const char* errmsg) {
      |                                 ~~~~~~~~~~~~^~~~~~
../../../../nan/nan.h:629:19: note: candidate: ‘void NanThrowError(const char*, int)’
  629 |   NAN_INLINE void NanThrowError(
      |                   ^~~~~~~~~~~~~
../../../../nan/nan.h:629:19: note:   candidate expects 2 arguments, 1 provided
../../../../nan/nan.h: In function ‘v8::Local<v8::Value> NanTypeError(const char*)’:
../../../../nan/nan.h:598:63: error: no match for call to ‘(v8::Local<v8::String>) (const char*&)’
  598 | # define _NAN_ERROR(fun, errmsg) fun(NanNew<v8::String>(errmsg))
      |                                                               ^
../../../../nan/nan.h:637:12: note: in expansion of macro ‘_NAN_ERROR’
  637 |     return _NAN_ERROR(v8::Exception::TypeError, errmsg);
      |            ^~~~~~~~~~
../../../../nan/nan.h: In function ‘void NanThrowTypeError(const char*)’:
../../../../nan/nan.h:598:63: error: no match for call to ‘(v8::Local<v8::String>) (const char*&)’
  598 | # define _NAN_ERROR(fun, errmsg) fun(NanNew<v8::String>(errmsg))
      |                                                               ^
../../../../nan/nan.h:603:49: note: in expansion of macro ‘_NAN_ERROR’
  603 |       v8::Isolate::GetCurrent()->ThrowException(_NAN_ERROR(fun, errmsg));      \
      |                                                 ^~~~~~~~~~
../../../../nan/nan.h:641:5: note: in expansion of macro ‘_NAN_THROW_ERROR’
  641 |     _NAN_THROW_ERROR(v8::Exception::TypeError, errmsg);
      |     ^~~~~~~~~~~~~~~~
../../../../nan/nan.h: In function ‘v8::Local<v8::Value> NanRangeError(const char*)’:
../../../../nan/nan.h:598:63: error: no match for call to ‘(v8::Local<v8::String>) (const char*&)’
  598 | # define _NAN_ERROR(fun, errmsg) fun(NanNew<v8::String>(errmsg))
      |                                                               ^
../../../../nan/nan.h:645:12: note: in expansion of macro ‘_NAN_ERROR’
  645 |     return _NAN_ERROR(v8::Exception::RangeError, errmsg);
      |            ^~~~~~~~~~
../../../../nan/nan.h: In function ‘void NanThrowRangeError(const char*)’:
../../../../nan/nan.h:598:63: error: no match for call to ‘(v8::Local<v8::String>) (const char*&)’
  598 | # define _NAN_ERROR(fun, errmsg) fun(NanNew<v8::String>(errmsg))
      |                                                               ^
../../../../nan/nan.h:603:49: note: in expansion of macro ‘_NAN_ERROR’
  603 |       v8::Isolate::GetCurrent()->ThrowException(_NAN_ERROR(fun, errmsg));      \
      |                                                 ^~~~~~~~~~
../../../../nan/nan.h:649:5: note: in expansion of macro ‘_NAN_THROW_ERROR’
  649 |     _NAN_THROW_ERROR(v8::Exception::RangeError, errmsg);
      |     ^~~~~~~~~~~~~~~~
../../../../nan/nan.h: At global scope:
../../../../nan/nan.h:661:13: error: ‘node::smalloc’ has not been declared
  661 |     , node::smalloc::FreeCallback callback
      |             ^~~~~~~
../../../../nan/nan.h:661:35: error: expected ‘,’ or ‘...’ before ‘callback’
  661 |     , node::smalloc::FreeCallback callback
      |                                   ^~~~~~~~
../../../../nan/nan.h: In function ‘v8::Local<v8::Object> NanNewBufferHandle(char*, size_t, int)’:
../../../../nan/nan.h:665:50: error: ‘callback’ was not declared in this scope; did you mean ‘calloc’?
  665 |         v8::Isolate::GetCurrent(), data, length, callback, hint);
      |                                                  ^~~~~~~~
      |                                                  calloc
../../../../nan/nan.h:665:60: error: ‘hint’ was not declared in this scope; did you mean ‘uint’?
  665 |         v8::Isolate::GetCurrent(), data, length, callback, hint);
      |                                                            ^~~~
      |                                                            uint
../../../../nan/nan.h: In function ‘v8::Local<v8::Object> NanNewBufferHandle(const char*, uint32_t)’:
../../../../nan/nan.h:672:57: error: invalid conversion from ‘const char*’ to ‘char*’ [-fpermissive]
  672 |     return node::Buffer::New(v8::Isolate::GetCurrent(), data, size);
      |                                                         ^~~~
      |                                                         |
      |                                                         const char*
In file included from ../ext/bson.cc:24:
/home/connor/.cache/node-gyp/15.3.0/include/node/node_buffer.h:65:50: note:   initializing argument 2 of ‘v8::MaybeLocal<v8::Object> node::Buffer::New(v8::Isolate*, char*, size_t)’
   65 |                                            char* data,
      |                                            ~~~~~~^~~~
In file included from ../ext/bson.h:17,
                 from ../ext/bson.cc:36:
../../../../nan/nan.h:672:29: error: could not convert ‘node::Buffer::New(v8::Isolate::GetCurrent(), ((char*)data), ((size_t)size))’ from ‘v8::MaybeLocal<v8::Object>’ to ‘v8::Local<v8::Object>’
  672 |     return node::Buffer::New(v8::Isolate::GetCurrent(), data, size);
      |            ~~~~~~~~~~~~~~~~~^~~~~~~~~~~~~~~~~~~~~~~~~~~~~~~~~~~~~~~
      |                             |
      |                             v8::MaybeLocal<v8::Object>
../../../../nan/nan.h: In function ‘v8::Local<v8::Object> NanNewBufferHandle(uint32_t)’:
../../../../nan/nan.h:676:29: error: could not convert ‘node::Buffer::New(v8::Isolate::GetCurrent(), ((size_t)size))’ from ‘v8::MaybeLocal<v8::Object>’ to ‘v8::Local<v8::Object>’
  676 |     return node::Buffer::New(v8::Isolate::GetCurrent(), size);
      |            ~~~~~~~~~~~~~~~~~^~~~~~~~~~~~~~~~~~~~~~~~~~~~~~~~~
      |                             |
      |                             v8::MaybeLocal<v8::Object>
../../../../nan/nan.h: In function ‘v8::Local<v8::Object> NanBufferUse(char*, uint32_t)’:
../../../../nan/nan.h:683:26: error: ‘Use’ is not a member of ‘node::Buffer’
  683 |     return node::Buffer::Use(v8::Isolate::GetCurrent(), data, size);
      |                          ^~~
../../../../nan/nan.h: At global scope:
../../../../nan/nan.h:688:11: error: ‘v8::Handle’ has not been declared
  688 |     , v8::Handle<v8::Value> value
      |           ^~~~~~
../../../../nan/nan.h:688:17: error: expected ‘,’ or ‘...’ before ‘<’ token
  688 |     , v8::Handle<v8::Value> value
      |                 ^
../../../../nan/nan.h: In function ‘bool NanHasInstance(const v8::Persistent<v8::FunctionTemplate>&, int)’:
../../../../nan/nan.h:690:18: error: missing template arguments before ‘(’ token
  690 |     return NanNew(function_template)->HasInstance(value);
      |                  ^
../../../../nan/nan.h:690:51: error: ‘value’ was not declared in this scope
  690 |     return NanNew(function_template)->HasInstance(value);
      |                                                   ^~~~~
../../../../nan/nan.h: At global scope:
../../../../nan/nan.h:695:11: error: ‘v8::Handle’ has not been declared
  695 |     , v8::Handle<v8::ObjectTemplate> tmpl = v8::Handle<v8::ObjectTemplate>()
      |           ^~~~~~
../../../../nan/nan.h:695:17: error: expected ‘,’ or ‘...’ before ‘<’ token
  695 |     , v8::Handle<v8::ObjectTemplate> tmpl = v8::Handle<v8::ObjectTemplate>()
      |                 ^
../../../../nan/nan.h:695:7: error: default argument missing for parameter 2 of ‘v8::Local<v8::Context> NanNewContextHandle(v8::ExtensionConfiguration*, int)’
  695 |     , v8::Handle<v8::ObjectTemplate> tmpl = v8::Handle<v8::ObjectTemplate>()
      |       ^~~~~~~~~~
../../../../nan/nan.h:694:35: note: ...following parameter 1 which has a default argument
  694 |       v8::ExtensionConfiguration* extensions = NULL
      |                                   ^
../../../../nan/nan.h: In function ‘v8::Local<v8::Context> NanNewContextHandle(v8::ExtensionConfiguration*, int)’:
../../../../nan/nan.h:701:47: error: ‘tmpl’ was not declared in this scope
  701 |       , v8::Context::New(isolate, extensions, tmpl, obj)
      |                                               ^~~~
../../../../nan/nan.h:701:53: error: ‘obj’ was not declared in this scope
  701 |       , v8::Context::New(isolate, extensions, tmpl, obj)
      |                                                     ^~~
../../../../nan/nan.h: In function ‘v8::Local<v8::Script> NanCompileScript(v8::Local<v8::String>, const v8::ScriptOrigin&)’:
../../../../nan/nan.h:710:74: error: no matching function for call to ‘v8::ScriptCompiler::Compile(v8::Isolate*, v8::ScriptCompiler::Source*)’
  710 |     return v8::ScriptCompiler::Compile(v8::Isolate::GetCurrent(), &source);
      |                                                                          ^
In file included from ../ext/bson.cc:14:
/home/connor/.cache/node-gyp/15.3.0/include/node/v8.h:1898:51: note: candidate: ‘static v8::MaybeLocal<v8::Script> v8::ScriptCompiler::Compile(v8::Local<v8::Context>, v8::ScriptCompiler::Source*, v8::ScriptCompiler::CompileOptions, v8::ScriptCompiler::NoCacheReason)’
 1898 |   static V8_WARN_UNUSED_RESULT MaybeLocal<Script> Compile(
      |                                                   ^~~~~~~
/home/connor/.cache/node-gyp/15.3.0/include/node/v8.h:1899:22: note:   no known conversion for argument 1 from ‘v8::Isolate*’ to ‘v8::Local<v8::Context>’
 1899 |       Local<Context> context, Source* source,
      |       ~~~~~~~~~~~~~~~^~~~~~~
/home/connor/.cache/node-gyp/15.3.0/include/node/v8.h:1925:51: note: candidate: ‘static v8::MaybeLocal<v8::Script> v8::ScriptCompiler::Compile(v8::Local<v8::Context>, v8::ScriptCompiler::StreamedSource*, v8::Local<v8::String>, const v8::ScriptOrigin&)’
 1925 |   static V8_WARN_UNUSED_RESULT MaybeLocal<Script> Compile(
      |                                                   ^~~~~~~
/home/connor/.cache/node-gyp/15.3.0/include/node/v8.h:1925:51: note:   candidate expects 4 arguments, 2 provided
In file included from ../ext/bson.h:17,
                 from ../ext/bson.cc:36:
../../../../nan/nan.h: In function ‘v8::Local<v8::Script> NanCompileScript(v8::Local<v8::String>)’:
../../../../nan/nan.h:717:74: error: no matching function for call to ‘v8::ScriptCompiler::Compile(v8::Isolate*, v8::ScriptCompiler::Source*)’
  717 |     return v8::ScriptCompiler::Compile(v8::Isolate::GetCurrent(), &source);
      |                                                                          ^
In file included from ../ext/bson.cc:14:
/home/connor/.cache/node-gyp/15.3.0/include/node/v8.h:1898:51: note: candidate: ‘static v8::MaybeLocal<v8::Script> v8::ScriptCompiler::Compile(v8::Local<v8::Context>, v8::ScriptCompiler::Source*, v8::ScriptCompiler::CompileOptions, v8::ScriptCompiler::NoCacheReason)’
 1898 |   static V8_WARN_UNUSED_RESULT MaybeLocal<Script> Compile(
      |                                                   ^~~~~~~
/home/connor/.cache/node-gyp/15.3.0/include/node/v8.h:1899:22: note:   no known conversion for argument 1 from ‘v8::Isolate*’ to ‘v8::Local<v8::Context>’
 1899 |       Local<Context> context, Source* source,
      |       ~~~~~~~~~~~~~~~^~~~~~~
/home/connor/.cache/node-gyp/15.3.0/include/node/v8.h:1925:51: note: candidate: ‘static v8::MaybeLocal<v8::Script> v8::ScriptCompiler::Compile(v8::Local<v8::Context>, v8::ScriptCompiler::StreamedSource*, v8::Local<v8::String>, const v8::ScriptOrigin&)’
 1925 |   static V8_WARN_UNUSED_RESULT MaybeLocal<Script> Compile(
      |                                                   ^~~~~~~
/home/connor/.cache/node-gyp/15.3.0/include/node/v8.h:1925:51: note:   candidate expects 4 arguments, 2 provided
In file included from ../ext/bson.h:17,
                 from ../ext/bson.cc:36:
../../../../nan/nan.h: At global scope:
../../../../nan/nan.h:41:21: warning: inline variables are only available with ‘-std=c++17’ or ‘-std=gnu++17’
   41 | # define NAN_INLINE inline __attribute__((always_inline))
      |                     ^~~~~~
../../../../nan/nan.h:720:3: note: in expansion of macro ‘NAN_INLINE’
  720 |   NAN_INLINE v8::Local<v8::Value> NanRunScript(
      |   ^~~~~~~~~~
In file included from ../ext/bson.h:17,
                 from ../ext/bson.cc:36:
../../../../nan/nan.h:721:11: warning: ‘always_inline’ attribute ignored [-Wattributes]
  721 |       v8::Handle<NanUnboundScript> script
      |           ^~~~~~
../../../../nan/nan.h:721:11: error: ‘Handle’ is not a member of ‘v8’; did you mean ‘JobHandle’?
  721 |       v8::Handle<NanUnboundScript> script
      |           ^~~~~~
      |           JobHandle
../../../../nan/nan.h:721:34: error: expected primary-expression before ‘>’ token
  721 |       v8::Handle<NanUnboundScript> script
      |                                  ^
../../../../nan/nan.h:721:36: error: ‘script’ was not declared in this scope
  721 |       v8::Handle<NanUnboundScript> script
      |                                    ^~~~~~
../../../../nan/nan.h:722:5: error: expected ‘,’ or ‘;’ before ‘{’ token
  722 |   ) {
      |     ^
In file included from ../ext/bson.h:17,
                 from ../ext/bson.cc:36:
../../../../nan/nan.h:41:21: warning: inline variables are only available with ‘-std=c++17’ or ‘-std=gnu++17’
   41 | # define NAN_INLINE inline __attribute__((always_inline))
      |                     ^~~~~~
../../../../nan/nan.h:726:3: note: in expansion of macro ‘NAN_INLINE’
  726 |   NAN_INLINE v8::Local<v8::Value> NanRunScript(
      |   ^~~~~~~~~~
In file included from ../ext/bson.h:17,
                 from ../ext/bson.cc:36:
../../../../nan/nan.h:727:11: warning: ‘always_inline’ attribute ignored [-Wattributes]
  727 |       v8::Handle<NanBoundScript> script
      |           ^~~~~~
../../../../nan/nan.h:726:35: error: redefinition of ‘v8::Local<v8::Value> NanRunScript’
  726 |   NAN_INLINE v8::Local<v8::Value> NanRunScript(
      |                                   ^~~~~~~~~~~~
../../../../nan/nan.h:720:35: note: ‘v8::Local<v8::Value> NanRunScript’ previously declared here
  720 |   NAN_INLINE v8::Local<v8::Value> NanRunScript(
      |                                   ^~~~~~~~~~~~
../../../../nan/nan.h:727:11: error: ‘Handle’ is not a member of ‘v8’; did you mean ‘JobHandle’?
  727 |       v8::Handle<NanBoundScript> script
      |           ^~~~~~
      |           JobHandle
../../../../nan/nan.h:727:32: error: expected primary-expression before ‘>’ token
  727 |       v8::Handle<NanBoundScript> script
      |                                ^
../../../../nan/nan.h:727:34: error: ‘script’ was not declared in this scope
  727 |       v8::Handle<NanBoundScript> script
      |                                  ^~~~~~
In file included from ../ext/bson.h:17,
                 from ../ext/bson.cc:36:
../../../../nan/nan.h:41:21: warning: inline variables are only available with ‘-std=c++17’ or ‘-std=gnu++17’
   41 | # define NAN_INLINE inline __attribute__((always_inline))
      |                     ^~~~~~
../../../../nan/nan.h:732:3: note: in expansion of macro ‘NAN_INLINE’
  732 |   NAN_INLINE v8::Local<v8::Value> NanMakeCallback(
      |   ^~~~~~~~~~
In file included from ../ext/bson.h:17,
                 from ../ext/bson.cc:36:
../../../../nan/nan.h:733:11: warning: ‘always_inline’ attribute ignored [-Wattributes]
  733 |       v8::Handle<v8::Object> target
      |           ^~~~~~
../../../../nan/nan.h:733:11: error: ‘Handle’ is not a member of ‘v8’; did you mean ‘JobHandle’?
  733 |       v8::Handle<v8::Object> target
      |           ^~~~~~
      |           JobHandle
../../../../nan/nan.h:733:28: error: expected primary-expression before ‘>’ token
  733 |       v8::Handle<v8::Object> target
      |                            ^
../../../../nan/nan.h:733:30: error: ‘target’ was not declared in this scope
  733 |       v8::Handle<v8::Object> target
      |                              ^~~~~~
../../../../nan/nan.h:734:11: error: ‘Handle’ is not a member of ‘v8’; did you mean ‘JobHandle’?
  734 |     , v8::Handle<v8::Function> func
      |           ^~~~~~
      |           JobHandle
../../../../nan/nan.h:734:30: error: expected primary-expression before ‘>’ token
  734 |     , v8::Handle<v8::Function> func
      |                              ^
../../../../nan/nan.h:734:32: error: ‘func’ was not declared in this scope
  734 |     , v8::Handle<v8::Function> func
      |                                ^~~~
../../../../nan/nan.h:735:7: error: expected primary-expression before ‘int’
  735 |     , int argc
      |       ^~~
../../../../nan/nan.h:736:11: error: ‘Handle’ is not a member of ‘v8’; did you mean ‘JobHandle’?
  736 |     , v8::Handle<v8::Value>* argv) {
      |           ^~~~~~
      |           JobHandle
../../../../nan/nan.h:736:27: error: expected primary-expression before ‘>’ token
  736 |     , v8::Handle<v8::Value>* argv) {
      |                           ^
../../../../nan/nan.h:736:30: error: ‘argv’ was not declared in this scope
  736 |     , v8::Handle<v8::Value>* argv) {
      |                              ^~~~
../../../../nan/nan.h:736:36: error: expected ‘,’ or ‘;’ before ‘{’ token
  736 |     , v8::Handle<v8::Value>* argv) {
      |                                    ^
In file included from ../ext/bson.h:17,
                 from ../ext/bson.cc:36:
../../../../nan/nan.h:41:21: warning: inline variables are only available with ‘-std=c++17’ or ‘-std=gnu++17’
   41 | # define NAN_INLINE inline __attribute__((always_inline))
      |                     ^~~~~~
../../../../nan/nan.h:741:3: note: in expansion of macro ‘NAN_INLINE’
  741 |   NAN_INLINE v8::Local<v8::Value> NanMakeCallback(
      |   ^~~~~~~~~~
In file included from ../ext/bson.h:17,
                 from ../ext/bson.cc:36:
../../../../nan/nan.h:742:11: warning: ‘always_inline’ attribute ignored [-Wattributes]
  742 |       v8::Handle<v8::Object> target
      |           ^~~~~~
../../../../nan/nan.h:741:35: error: redefinition of ‘v8::Local<v8::Value> NanMakeCallback’
  741 |   NAN_INLINE v8::Local<v8::Value> NanMakeCallback(
      |                                   ^~~~~~~~~~~~~~~
../../../../nan/nan.h:732:35: note: ‘v8::Local<v8::Value> NanMakeCallback’ previously declared here
  732 |   NAN_INLINE v8::Local<v8::Value> NanMakeCallback(
      |                                   ^~~~~~~~~~~~~~~
../../../../nan/nan.h:742:11: error: ‘Handle’ is not a member of ‘v8’; did you mean ‘JobHandle’?
  742 |       v8::Handle<v8::Object> target
      |           ^~~~~~
      |           JobHandle
../../../../nan/nan.h:742:28: error: expected primary-expression before ‘>’ token
  742 |       v8::Handle<v8::Object> target
      |                            ^
../../../../nan/nan.h:742:30: error: ‘target’ was not declared in this scope
  742 |       v8::Handle<v8::Object> target
      |                              ^~~~~~
../../../../nan/nan.h:743:11: error: ‘Handle’ is not a member of ‘v8’; did you mean ‘JobHandle’?
  743 |     , v8::Handle<v8::String> symbol
      |           ^~~~~~
      |           JobHandle
../../../../nan/nan.h:743:28: error: expected primary-expression before ‘>’ token
  743 |     , v8::Handle<v8::String> symbol
      |                            ^
../../../../nan/nan.h:743:30: error: ‘symbol’ was not declared in this scope
  743 |     , v8::Handle<v8::String> symbol
      |                              ^~~~~~
../../../../nan/nan.h:744:7: error: expected primary-expression before ‘int’
  744 |     , int argc
      |       ^~~
../../../../nan/nan.h:745:11: error: ‘Handle’ is not a member of ‘v8’; did you mean ‘JobHandle’?
  745 |     , v8::Handle<v8::Value>* argv) {
      |           ^~~~~~
      |           JobHandle
../../../../nan/nan.h:745:27: error: expected primary-expression before ‘>’ token
  745 |     , v8::Handle<v8::Value>* argv) {
      |                           ^
../../../../nan/nan.h:745:30: error: ‘argv’ was not declared in this scope
  745 |     , v8::Handle<v8::Value>* argv) {
      |                              ^~~~
In file included from ../ext/bson.h:17,
                 from ../ext/bson.cc:36:
../../../../nan/nan.h:41:21: warning: inline variables are only available with ‘-std=c++17’ or ‘-std=gnu++17’
   41 | # define NAN_INLINE inline __attribute__((always_inline))
      |                     ^~~~~~
../../../../nan/nan.h:750:3: note: in expansion of macro ‘NAN_INLINE’
  750 |   NAN_INLINE v8::Local<v8::Value> NanMakeCallback(
      |   ^~~~~~~~~~
In file included from ../ext/bson.h:17,
                 from ../ext/bson.cc:36:
../../../../nan/nan.h:751:11: warning: ‘always_inline’ attribute ignored [-Wattributes]
  751 |       v8::Handle<v8::Object> target
      |           ^~~~~~
../../../../nan/nan.h:750:35: error: redefinition of ‘v8::Local<v8::Value> NanMakeCallback’
  750 |   NAN_INLINE v8::Local<v8::Value> NanMakeCallback(
      |                                   ^~~~~~~~~~~~~~~
../../../../nan/nan.h:732:35: note: ‘v8::Local<v8::Value> NanMakeCallback’ previously declared here
  732 |   NAN_INLINE v8::Local<v8::Value> NanMakeCallback(
      |                                   ^~~~~~~~~~~~~~~
../../../../nan/nan.h:751:11: error: ‘Handle’ is not a member of ‘v8’; did you mean ‘JobHandle’?
  751 |       v8::Handle<v8::Object> target
      |           ^~~~~~
      |           JobHandle
../../../../nan/nan.h:751:28: error: expected primary-expression before ‘>’ token
  751 |       v8::Handle<v8::Object> target
      |                            ^
../../../../nan/nan.h:751:30: error: ‘target’ was not declared in this scope
  751 |       v8::Handle<v8::Object> target
      |                              ^~~~~~
../../../../nan/nan.h:752:7: error: expected primary-expression before ‘const’
  752 |     , const char* method
      |       ^~~~~
../../../../nan/nan.h:753:7: error: expected primary-expression before ‘int’
  753 |     , int argc
      |       ^~~
../../../../nan/nan.h:754:11: error: ‘Handle’ is not a member of ‘v8’; did you mean ‘JobHandle’?
  754 |     , v8::Handle<v8::Value>* argv) {
      |           ^~~~~~
      |           JobHandle
../../../../nan/nan.h:754:27: error: expected primary-expression before ‘>’ token
  754 |     , v8::Handle<v8::Value>* argv) {
      |                           ^
../../../../nan/nan.h:754:30: error: ‘argv’ was not declared in this scope
  754 |     , v8::Handle<v8::Value>* argv) {
      |                              ^~~~
../../../../nan/nan.h:776:50: error: expected ‘)’ before ‘<’ token
  776 |     NAN_INLINE explicit NanAsciiString(v8::Handle<v8::Value> from) {
      |                                       ~          ^
      |                                                  )
../../../../nan/nan.h:810:49: error: expected ‘)’ before ‘<’ token
  810 |     NAN_INLINE explicit NanUtf8String(v8::Handle<v8::Value> from) {
      |                                      ~          ^
      |                                                 )
../../../../nan/nan.h:843:49: error: expected ‘)’ before ‘<’ token
  843 |     NAN_INLINE explicit NanUcs2String(v8::Handle<v8::Value> from) {
      |                                      ~          ^
      |                                                 )
../../../../nan/nan.h:1484:34: error: ‘Handle’ in namespace ‘v8’ does not name a template type; did you mean ‘JobHandle’?
 1484 |   explicit NanCallback(const v8::Handle<v8::Function> &fn) {
      |                                  ^~~~~~
      |                                  JobHandle
../../../../nan/nan.h:1484:40: error: expected ‘,’ or ‘...’ before ‘<’ token
 1484 |   explicit NanCallback(const v8::Handle<v8::Function> &fn) {
      |                                        ^
../../../../nan/nan.h:1507:41: error: ‘Handle’ in namespace ‘v8’ does not name a template type; did you mean ‘JobHandle’?
 1507 |   NAN_INLINE void SetFunction(const v8::Handle<v8::Function> &fn) {
      |                                         ^~~~~~
      |                                         JobHandle
../../../../nan/nan.h:1507:47: error: expected ‘,’ or ‘...’ before ‘<’ token
 1507 |   NAN_INLINE void SetFunction(const v8::Handle<v8::Function> &fn) {
      |                                               ^
../../../../nan/nan.h:1523:18: error: ‘Handle’ in namespace ‘v8’ does not name a template type; did you mean ‘JobHandle’?
 1523 |   NAN_INLINE v8::Handle<v8::Value>
      |                  ^~~~~~
      |                  JobHandle
../../../../nan/nan.h:1535:18: error: ‘Handle’ in namespace ‘v8’ does not name a template type; did you mean ‘JobHandle’?
 1535 |   NAN_INLINE v8::Handle<v8::Value>
      |                  ^~~~~~
      |                  JobHandle
../../../../nan/nan.h:1550:7: error: ‘Handle’ in namespace ‘v8’ does not name a template type; did you mean ‘JobHandle’?
 1550 |   v8::Handle<v8::Value> Call_(v8::Isolate *isolate
      |       ^~~~~~
      |       JobHandle
../../../../nan/nan.h: In constructor ‘NanCallback::NanCallback()’:
../../../../nan/nan.h:1480:52: error: no match for call to ‘(v8::Local<v8::Object>) ()’
 1480 |     v8::Local<v8::Object> obj = NanNew<v8::Object>();
      |                                                    ^
../../../../nan/nan.h:1481:36: error: no matching function for call to ‘NanAssignPersistent(v8::Persistent<v8::Object>&, v8::Local<v8::Object>&)’
 1481 |     NanAssignPersistent(handle, obj);
      |                                    ^
../../../../nan/nan.h:505:19: note: candidate: ‘template<class T> void NanAssignPersistent(v8::Persistent<T, v8::NonCopyablePersistentTraits<T> >&, int)’
  505 |   NAN_INLINE void NanAssignPersistent(
      |                   ^~~~~~~~~~~~~~~~~~~
../../../../nan/nan.h:505:19: note:   template argument deduction/substitution failed:
../../../../nan/nan.h:1481:33: note:   cannot convert ‘obj’ (type ‘v8::Local<v8::Object>’) to type ‘int’
 1481 |     NanAssignPersistent(handle, obj);
      |                                 ^~~
../../../../nan/nan.h:512:19: note: candidate: ‘template<class T> void NanAssignPersistent(v8::Persistent<T, v8::NonCopyablePersistentTraits<T> >&, const v8::Persistent<T, v8::NonCopyablePersistentTraits<T> >&)’
  512 |   NAN_INLINE void NanAssignPersistent(
      |                   ^~~~~~~~~~~~~~~~~~~
../../../../nan/nan.h:512:19: note:   template argument deduction/substitution failed:
../../../../nan/nan.h:1481:36: note:   ‘v8::Local<v8::Object>’ is not derived from ‘const v8::Persistent<T, v8::NonCopyablePersistentTraits<T> >’
 1481 |     NanAssignPersistent(handle, obj);
      |                                    ^
../../../../nan/nan.h: In constructor ‘NanCallback::NanCallback(int)’:
../../../../nan/nan.h:1486:52: error: no match for call to ‘(v8::Local<v8::Object>) ()’
 1486 |     v8::Local<v8::Object> obj = NanNew<v8::Object>();
      |                                                    ^
../../../../nan/nan.h:1487:36: error: no matching function for call to ‘NanAssignPersistent(v8::Persistent<v8::Object>&, v8::Local<v8::Object>&)’
 1487 |     NanAssignPersistent(handle, obj);
      |                                    ^
../../../../nan/nan.h:505:19: note: candidate: ‘template<class T> void NanAssignPersistent(v8::Persistent<T, v8::NonCopyablePersistentTraits<T> >&, int)’
  505 |   NAN_INLINE void NanAssignPersistent(
      |                   ^~~~~~~~~~~~~~~~~~~
../../../../nan/nan.h:505:19: note:   template argument deduction/substitution failed:
../../../../nan/nan.h:1487:33: note:   cannot convert ‘obj’ (type ‘v8::Local<v8::Object>’) to type ‘int’
 1487 |     NanAssignPersistent(handle, obj);
      |                                 ^~~
../../../../nan/nan.h:512:19: note: candidate: ‘template<class T> void NanAssignPersistent(v8::Persistent<T, v8::NonCopyablePersistentTraits<T> >&, const v8::Persistent<T, v8::NonCopyablePersistentTraits<T> >&)’
  512 |   NAN_INLINE void NanAssignPersistent(
      |                   ^~~~~~~~~~~~~~~~~~~
../../../../nan/nan.h:512:19: note:   template argument deduction/substitution failed:
../../../../nan/nan.h:1487:36: note:   ‘v8::Local<v8::Object>’ is not derived from ‘const v8::Persistent<T, v8::NonCopyablePersistentTraits<T> >’
 1487 |     NanAssignPersistent(handle, obj);
      |                                    ^
../../../../nan/nan.h:1488:17: error: ‘fn’ was not declared in this scope; did you mean ‘yn’?
 1488 |     SetFunction(fn);
      |                 ^~
      |                 yn
../../../../nan/nan.h: In member function ‘bool NanCallback::operator==(const NanCallback&) const’:
../../../../nan/nan.h:1498:36: error: missing template arguments before ‘(’ token
 1498 |     v8::Local<v8::Value> a = NanNew(handle)->Get(kCallbackIndex);
      |                                    ^
../../../../nan/nan.h:1499:36: error: missing template arguments before ‘(’ token
 1499 |     v8::Local<v8::Value> b = NanNew(other.handle)->Get(kCallbackIndex);
      |                                    ^
../../../../nan/nan.h: In member function ‘void NanCallback::SetFunction(int)’:
../../../../nan/nan.h:1509:11: error: missing template arguments before ‘(’ token
 1509 |     NanNew(handle)->Set(kCallbackIndex, fn);
      |           ^
../../../../nan/nan.h:1509:41: error: ‘fn’ was not declared in this scope; did you mean ‘yn’?
 1509 |     NanNew(handle)->Set(kCallbackIndex, fn);
      |                                         ^~
      |                                         yn
../../../../nan/nan.h: In member function ‘v8::Local<v8::Function> NanCallback::GetFunction() const’:
../../../../nan/nan.h:398:58: error: missing template arguments before ‘(’ token
  398 | # define NanEscapeScope(val) scope.Escape(_NanEnsureLocal(val))
      |                                                          ^
../../../../nan/nan.h:1514:12: note: in expansion of macro ‘NanEscapeScope’
 1514 |     return NanEscapeScope(NanNew(handle)->Get(kCallbackIndex)
      |            ^~~~~~~~~~~~~~
../../../../nan/nan.h:1514:33: error: missing template arguments before ‘(’ token
 1514 |     return NanEscapeScope(NanNew(handle)->Get(kCallbackIndex)
      |                                 ^
../../../../nan/nan.h:398:59: note: in definition of macro ‘NanEscapeScope’
  398 | # define NanEscapeScope(val) scope.Escape(_NanEnsureLocal(val))
      |                                                           ^~~
../../../../nan/nan.h:1515:25: error: expected primary-expression before ‘>’ token
 1515 |         .As<v8::Function>());
      |                         ^
../../../../nan/nan.h:398:59: note: in definition of macro ‘NanEscapeScope’
  398 | # define NanEscapeScope(val) scope.Escape(_NanEnsureLocal(val))
      |                                                           ^~~
../../../../nan/nan.h:1515:27: error: expected primary-expression before ‘)’ token
 1515 |         .As<v8::Function>());
      |                           ^
../../../../nan/nan.h:398:59: note: in definition of macro ‘NanEscapeScope’
  398 | # define NanEscapeScope(val) scope.Escape(_NanEnsureLocal(val))
      |                                                           ^~~
../../../../nan/nan.h: In member function ‘bool NanCallback::IsEmpty() const’:
../../../../nan/nan.h:1520:18: error: missing template arguments before ‘(’ token
 1520 |     return NanNew(handle)->Get(kCallbackIndex)->IsUndefined();
      |                  ^
../../../../nan/nan.h: In constructor ‘NanAsyncWorker::NanAsyncWorker(NanCallback*)’:
../../../../nan/nan.h:1597:52: error: no match for call to ‘(v8::Local<v8::Object>) ()’
 1597 |     v8::Local<v8::Object> obj = NanNew<v8::Object>();
      |                                                    ^
../../../../nan/nan.h:1598:46: error: no matching function for call to ‘NanAssignPersistent(v8::Persistent<v8::Object>&, v8::Local<v8::Object>&)’
 1598 |     NanAssignPersistent(persistentHandle, obj);
      |                                              ^
../../../../nan/nan.h:505:19: note: candidate: ‘template<class T> void NanAssignPersistent(v8::Persistent<T, v8::NonCopyablePersistentTraits<T> >&, int)’
  505 |   NAN_INLINE void NanAssignPersistent(
      |                   ^~~~~~~~~~~~~~~~~~~
../../../../nan/nan.h:505:19: note:   template argument deduction/substitution failed:
../../../../nan/nan.h:1598:43: note:   cannot convert ‘obj’ (type ‘v8::Local<v8::Object>’) to type ‘int’
 1598 |     NanAssignPersistent(persistentHandle, obj);
      |                                           ^~~
../../../../nan/nan.h:512:19: note: candidate: ‘template<class T> void NanAssignPersistent(v8::Persistent<T, v8::NonCopyablePersistentTraits<T> >&, const v8::Persistent<T, v8::NonCopyablePersistentTraits<T> >&)’
  512 |   NAN_INLINE void NanAssignPersistent(
      |                   ^~~~~~~~~~~~~~~~~~~
../../../../nan/nan.h:512:19: note:   template argument deduction/substitution failed:
../../../../nan/nan.h:1598:46: note:   ‘v8::Local<v8::Object>’ is not derived from ‘const v8::Persistent<T, v8::NonCopyablePersistentTraits<T> >’
 1598 |     NanAssignPersistent(persistentHandle, obj);
      |                                              ^
../../../../nan/nan.h: In member function ‘void NanAsyncWorker::SaveToPersistent(const char*, const v8::Local<v8::Object>&)’:
../../../../nan/nan.h:1625:42: error: missing template arguments before ‘(’ token
 1625 |     v8::Local<v8::Object> handle = NanNew(persistentHandle);
      |                                          ^
../../../../nan/nan.h:1626:39: error: no match for call to ‘(v8::Local<v8::String>) (const char*&)’
 1626 |     handle->Set(NanNew<v8::String>(key), obj);
      |                                       ^
../../../../nan/nan.h: In member function ‘v8::Local<v8::Object> NanAsyncWorker::GetFromPersistent(const char*) const’:
../../../../nan/nan.h:1631:42: error: missing template arguments before ‘(’ token
 1631 |     v8::Local<v8::Object> handle = NanNew(persistentHandle);
      |                                          ^
../../../../nan/nan.h:398:58: error: missing template arguments before ‘(’ token
  398 | # define NanEscapeScope(val) scope.Escape(_NanEnsureLocal(val))
      |                                                          ^
../../../../nan/nan.h:1632:12: note: in expansion of macro ‘NanEscapeScope’
 1632 |     return NanEscapeScope(handle->Get(NanNew(key)).As<v8::Object>());
      |            ^~~~~~~~~~~~~~
../../../../nan/nan.h:1632:45: error: missing template arguments before ‘(’ token
 1632 |     return NanEscapeScope(handle->Get(NanNew(key)).As<v8::Object>());
      |                                             ^
../../../../nan/nan.h:398:59: note: in definition of macro ‘NanEscapeScope’
  398 | # define NanEscapeScope(val) scope.Escape(_NanEnsureLocal(val))
      |                                                           ^~~
../../../../nan/nan.h:1632:65: error: expected primary-expression before ‘>’ token
 1632 |     return NanEscapeScope(handle->Get(NanNew(key)).As<v8::Object>());
      |                                                                 ^
../../../../nan/nan.h:398:59: note: in definition of macro ‘NanEscapeScope’
  398 | # define NanEscapeScope(val) scope.Escape(_NanEnsureLocal(val))
      |                                                           ^~~
../../../../nan/nan.h:1632:67: error: expected primary-expression before ‘)’ token
 1632 |     return NanEscapeScope(handle->Get(NanNew(key)).As<v8::Object>());
      |                                                                   ^
../../../../nan/nan.h:398:59: note: in definition of macro ‘NanEscapeScope’
  398 | # define NanEscapeScope(val) scope.Escape(_NanEnsureLocal(val))
      |                                                           ^~~
../../../../nan/nan.h: In member function ‘virtual void NanAsyncWorker::HandleOKCallback()’:
../../../../nan/nan.h:1648:15: error: ‘class NanCallback’ has no member named ‘Call’
 1648 |     callback->Call(0, NULL);
      |               ^~~~
../../../../nan/nan.h: In member function ‘virtual void NanAsyncWorker::HandleErrorCallback()’:
../../../../nan/nan.h:1655:63: error: no match for call to ‘(v8::Local<v8::String>) (const char*)’
 1655 |         v8::Exception::Error(NanNew<v8::String>(ErrorMessage()))
      |                                                               ^
../../../../nan/nan.h:1657:15: error: ‘class NanCallback’ has no member named ‘Call’
 1657 |     callback->Call(1, argv);
      |               ^~~~
../../../../nan/nan.h: In function ‘void NanAsyncQueueWorker(NanAsyncWorker*)’:
../../../../nan/nan.h:1800:7: warning: cast between incompatible function types from ‘void (*)(uv_work_t*)’ {aka ‘void (*)(uv_work_s*)’} to ‘uv_after_work_cb’ {aka ‘void (*)(uv_work_s*, int)’} [-Wcast-function-type]
 1800 |     , (uv_after_work_cb)NanAsyncExecuteComplete
      |       ^~~~~~~~~~~~~~~~~~~~~~~~~~~~~~~~~~~~~~~~~
../../../../nan/nan.h: At global scope:
../../../../nan/nan.h:1957:9: error: ‘Handle’ is not a member of ‘v8’; did you mean ‘JobHandle’?
 1957 |     v8::Handle<v8::Value> val
      |         ^~~~~~
      |         JobHandle
../../../../nan/nan.h:1957:25: error: expected primary-expression before ‘>’ token
 1957 |     v8::Handle<v8::Value> val
      |                         ^
../../../../nan/nan.h:1957:27: error: ‘val’ was not declared in this scope
 1957 |     v8::Handle<v8::Value> val
      |                           ^~~
../../../../nan/nan.h:1958:5: error: expected primary-expression before ‘const’
 1958 |   , const char** data
      |     ^~~~~
../../../../nan/nan.h:1959:11: error: expected primary-expression before ‘*’ token
 1959 |   , size_t* len
      |           ^
../../../../nan/nan.h:1959:13: error: ‘len’ was not declared in this scope
 1959 |   , size_t* len
      |             ^~~
../../../../nan/nan.h:1960:1: error: expression list treated as compound expression in initializer [-fpermissive]
 1960 | ) {
      | ^
In file included from ../ext/bson.h:17,
                 from ../ext/bson.cc:36:
../../../../nan/nan.h:41:21: warning: inline variables are only available with ‘-std=c++17’ or ‘-std=gnu++17’
   41 | # define NAN_INLINE inline __attribute__((always_inline))
      |                     ^~~~~~
../../../../nan/nan.h:2029:1: note: in expansion of macro ‘NAN_INLINE’
 2029 | NAN_INLINE ssize_t NanDecodeBytes(
      | ^~~~~~~~~~
In file included from ../ext/bson.h:17,
                 from ../ext/bson.cc:36:
../../../../nan/nan.h:2030:9: warning: ‘always_inline’ attribute ignored [-Wattributes]
 2030 |     v8::Handle<v8::Value> val, enum Nan::Encoding encoding = Nan::BINARY) {
      |         ^~~~~~
../../../../nan/nan.h:2030:9: error: ‘Handle’ is not a member of ‘v8’; did you mean ‘JobHandle’?
 2030 |     v8::Handle<v8::Value> val, enum Nan::Encoding encoding = Nan::BINARY) {
      |         ^~~~~~
      |         JobHandle
../../../../nan/nan.h:2030:25: error: expected primary-expression before ‘>’ token
 2030 |     v8::Handle<v8::Value> val, enum Nan::Encoding encoding = Nan::BINARY) {
      |                         ^
../../../../nan/nan.h:2030:27: error: ‘val’ was not declared in this scope
 2030 |     v8::Handle<v8::Value> val, enum Nan::Encoding encoding = Nan::BINARY) {
      |                           ^~~
../../../../nan/nan.h:2030:32: error: expected primary-expression before ‘enum’
 2030 |     v8::Handle<v8::Value> val, enum Nan::Encoding encoding = Nan::BINARY) {
      |                                ^~~~
../../../../nan/nan.h:2030:73: error: expression list treated as compound expression in initializer [-fpermissive]
 2030 |     v8::Handle<v8::Value> val, enum Nan::Encoding encoding = Nan::BINARY) {
      |                                                                         ^
../../../../nan/nan.h:2049:9: error: ‘v8::Handle’ has not been declared
 2049 |   , v8::Handle<v8::Value> val
      |         ^~~~~~
../../../../nan/nan.h:2049:15: error: expected ‘,’ or ‘...’ before ‘<’ token
 2049 |   , v8::Handle<v8::Value> val
      |               ^
../../../../nan/nan.h: In function ‘ssize_t NanDecodeWrite(char*, size_t, int)’:
../../../../nan/nan.h:2056:7: error: ‘val’ was not declared in this scope
 2056 |     , val
      |       ^~~
../../../../nan/nan.h:2057:35: error: ‘encoding’ was not declared in this scope; did you mean ‘node::encoding’?
 2057 |     , static_cast<node::encoding>(encoding));
      |                                   ^~~~~~~~
      |                                   node::encoding
In file included from ../ext/bson.cc:22:
/home/connor/.cache/node-gyp/15.3.0/include/node/node.h:720:6: note: ‘node::encoding’ declared here
  720 | enum encoding {
      |      ^~~~~~~~
In file included from ../ext/bson.h:17,
                 from ../ext/bson.cc:36:
../../../../nan/nan.h: At global scope:
../../../../nan/nan.h:41:21: warning: inline variables are only available with ‘-std=c++17’ or ‘-std=gnu++17’
   41 | # define NAN_INLINE inline __attribute__((always_inline))
      |                     ^~~~~~
../../../../nan/nan.h:2072:22: note: in expansion of macro ‘NAN_INLINE’
 2072 | /* NAN_DEPRECATED */ NAN_INLINE void* _NanRawString(
      |                      ^~~~~~~~~~
In file included from ../ext/bson.h:17,
                 from ../ext/bson.cc:36:
../../../../nan/nan.h:2073:9: warning: ‘always_inline’ attribute ignored [-Wattributes]
 2073 |     v8::Handle<v8::Value> from
      |         ^~~~~~
../../../../nan/nan.h:2073:9: error: ‘Handle’ is not a member of ‘v8’; did you mean ‘JobHandle’?
 2073 |     v8::Handle<v8::Value> from
      |         ^~~~~~
      |         JobHandle
../../../../nan/nan.h:2073:25: error: expected primary-expression before ‘>’ token
 2073 |     v8::Handle<v8::Value> from
      |                         ^
../../../../nan/nan.h:2073:27: error: ‘from’ was not declared in this scope; did you mean ‘fromfp’?
 2073 |     v8::Handle<v8::Value> from
      |                           ^~~~
      |                           fromfp
../../../../nan/nan.h:2074:5: error: expected primary-expression before ‘enum’
 2074 |   , enum Nan::Encoding encoding
      |     ^~~~
../../../../nan/nan.h:2075:12: error: expected primary-expression before ‘*’ token
 2075 |   , size_t *datalen
      |            ^
../../../../nan/nan.h:2075:13: error: ‘datalen’ was not declared in this scope
 2075 |   , size_t *datalen
      |             ^~~~~~~
../../../../nan/nan.h:2076:5: error: expected primary-expression before ‘void’
 2076 |   , void *buf
      |     ^~~~
../../../../nan/nan.h:2077:12: error: expected primary-expression before ‘buflen’
 2077 |   , size_t buflen
      |            ^~~~~~
../../../../nan/nan.h:2078:5: error: expected primary-expression before ‘int’
 2078 |   , int flags
      |     ^~~
../../../../nan/nan.h:2079:1: error: expression list treated as compound expression in initializer [-fpermissive]
 2079 | ) {
      | ^
In file included from ../ext/bson.h:17,
                 from ../ext/bson.cc:36:
../../../../nan/nan.h:41:21: warning: inline variables are only available with ‘-std=c++17’ or ‘-std=gnu++17’
   41 | # define NAN_INLINE inline __attribute__((always_inline))
      |                     ^~~~~~
../../../../nan/nan.h:2220:16: note: in expansion of macro ‘NAN_INLINE’
 2220 | NAN_DEPRECATED NAN_INLINE void* NanRawString(
      |                ^~~~~~~~~~
In file included from ../ext/bson.h:17,
                 from ../ext/bson.cc:36:
../../../../nan/nan.h:2221:9: warning: ‘always_inline’ attribute ignored [-Wattributes]
 2221 |     v8::Handle<v8::Value> from
      |         ^~~~~~
../../../../nan/nan.h:2221:9: error: ‘Handle’ is not a member of ‘v8’; did you mean ‘JobHandle’?
 2221 |     v8::Handle<v8::Value> from
      |         ^~~~~~
      |         JobHandle
../../../../nan/nan.h:2221:25: error: expected primary-expression before ‘>’ token
 2221 |     v8::Handle<v8::Value> from
      |                         ^
../../../../nan/nan.h:2221:27: error: ‘from’ was not declared in this scope; did you mean ‘fromfp’?
 2221 |     v8::Handle<v8::Value> from
      |                           ^~~~
      |                           fromfp
../../../../nan/nan.h:2222:5: error: expected primary-expression before ‘enum’
 2222 |   , enum Nan::Encoding encoding
      |     ^~~~
../../../../nan/nan.h:2223:12: error: expected primary-expression before ‘*’ token
 2223 |   , size_t *datalen
      |            ^
../../../../nan/nan.h:2223:13: error: ‘datalen’ was not declared in this scope
 2223 |   , size_t *datalen
      |             ^~~~~~~
../../../../nan/nan.h:2224:5: error: expected primary-expression before ‘void’
 2224 |   , void *buf
      |     ^~~~
../../../../nan/nan.h:2225:12: error: expected primary-expression before ‘buflen’
 2225 |   , size_t buflen
      |            ^~~~~~
../../../../nan/nan.h:2226:5: error: expected primary-expression before ‘int’
 2226 |   , int flags
      |     ^~~
../../../../nan/nan.h:2227:1: error: expression list treated as compound expression in initializer [-fpermissive]
 2227 | ) {
      | ^
In file included from ../ext/bson.h:17,
                 from ../ext/bson.cc:36:
../../../../nan/nan.h:41:21: warning: inline variables are only available with ‘-std=c++17’ or ‘-std=gnu++17’
   41 | # define NAN_INLINE inline __attribute__((always_inline))
      |                     ^~~~~~
../../../../nan/nan.h:2232:16: note: in expansion of macro ‘NAN_INLINE’
 2232 | NAN_DEPRECATED NAN_INLINE char* NanCString(
      |                ^~~~~~~~~~
In file included from ../ext/bson.h:17,
                 from ../ext/bson.cc:36:
../../../../nan/nan.h:2233:9: warning: ‘always_inline’ attribute ignored [-Wattributes]
 2233 |     v8::Handle<v8::Value> from
      |         ^~~~~~
../../../../nan/nan.h:2233:9: error: ‘Handle’ is not a member of ‘v8’; did you mean ‘JobHandle’?
 2233 |     v8::Handle<v8::Value> from
      |         ^~~~~~
      |         JobHandle
../../../../nan/nan.h:2233:25: error: expected primary-expression before ‘>’ token
 2233 |     v8::Handle<v8::Value> from
      |                         ^
../../../../nan/nan.h:2233:27: error: ‘from’ was not declared in this scope; did you mean ‘fromfp’?
 2233 |     v8::Handle<v8::Value> from
      |                           ^~~~
      |                           fromfp
../../../../nan/nan.h:2234:12: error: expected primary-expression before ‘*’ token
 2234 |   , size_t *datalen
      |            ^
../../../../nan/nan.h:2234:13: error: ‘datalen’ was not declared in this scope
 2234 |   , size_t *datalen
      |             ^~~~~~~
../../../../nan/nan.h:2235:5: error: expected primary-expression before ‘char’
 2235 |   , char *buf = NULL
      |     ^~~~
../../../../nan/nan.h:2236:12: error: expected primary-expression before ‘buflen’
 2236 |   , size_t buflen = 0
      |            ^~~~~~
../../../../nan/nan.h:2237:5: error: expected primary-expression before ‘int’
 2237 |   , int flags = v8::String::NO_OPTIONS
      |     ^~~
../../../../nan/nan.h:2238:1: error: expression list treated as compound expression in initializer [-fpermissive]
 2238 | ) {
      | ^
../../../../nan/nan.h:2247:9: error: ‘v8::Handle’ has not been declared
 2247 |   , v8::Handle<v8::Data> value
      |         ^~~~~~
../../../../nan/nan.h:2247:15: error: expected ‘,’ or ‘...’ before ‘<’ token
 2247 |   , v8::Handle<v8::Data> value
      |               ^
../../../../nan/nan.h: In function ‘void NanSetPrototypeTemplate(v8::Local<v8::FunctionTemplate>, const char*, int)’:
../../../../nan/nan.h:2249:52: error: ‘value’ was not declared in this scope
 2249 |   NanSetTemplate(templ->PrototypeTemplate(), name, value);
      |                                                    ^~~~~
../../../../nan/nan.h:2249:3: error: ‘NanSetTemplate’ was not declared in this scope
 2249 |   NanSetTemplate(templ->PrototypeTemplate(), name, value);
      |   ^~~~~~~~~~~~~~
../../../../nan/nan.h: At global scope:
../../../../nan/nan.h:2254:9: error: ‘v8::Handle’ has not been declared
 2254 |   , v8::Handle<v8::String> name
      |         ^~~~~~
../../../../nan/nan.h:2254:15: error: expected ‘,’ or ‘...’ before ‘<’ token
 2254 |   , v8::Handle<v8::String> name
      |               ^
../../../../nan/nan.h: In function ‘void NanSetPrototypeTemplate(v8::Local<v8::FunctionTemplate>, int)’:
../../../../nan/nan.h:2258:46: error: ‘name’ was not declared in this scope
 2258 |   NanSetTemplate(templ->PrototypeTemplate(), name, value, attributes);
      |                                              ^~~~
../../../../nan/nan.h:2258:52: error: ‘value’ was not declared in this scope
 2258 |   NanSetTemplate(templ->PrototypeTemplate(), name, value, attributes);
      |                                                    ^~~~~
../../../../nan/nan.h:2258:59: error: ‘attributes’ was not declared in this scope; did you mean ‘__attribute__’?
 2258 |   NanSetTemplate(templ->PrototypeTemplate(), name, value, attributes);
      |                                                           ^~~~~~~~~~
      |                                                           __attribute__
../../../../nan/nan.h:2258:3: error: ‘NanSetTemplate’ was not declared in this scope
 2258 |   NanSetTemplate(templ->PrototypeTemplate(), name, value, attributes);
      |   ^~~~~~~~~~~~~~
../../../../nan/nan.h: At global scope:
../../../../nan/nan.h:2264:9: error: ‘v8::Handle’ has not been declared
 2264 |   , v8::Handle<v8::Data> value
      |         ^~~~~~
../../../../nan/nan.h:2264:15: error: expected ‘,’ or ‘...’ before ‘<’ token
 2264 |   , v8::Handle<v8::Data> value
      |               ^
../../../../nan/nan.h: In function ‘void NanSetInstanceTemplate(v8::Local<v8::FunctionTemplate>, const char*, int)’:
../../../../nan/nan.h:2266:51: error: ‘value’ was not declared in this scope
 2266 |   NanSetTemplate(templ->InstanceTemplate(), name, value);
      |                                                   ^~~~~
../../../../nan/nan.h:2266:3: error: ‘NanSetTemplate’ was not declared in this scope; did you mean ‘NanSetInstanceTemplate’?
 2266 |   NanSetTemplate(templ->InstanceTemplate(), name, value);
      |   ^~~~~~~~~~~~~~
      |   NanSetInstanceTemplate
../../../../nan/nan.h: At global scope:
../../../../nan/nan.h:2271:9: error: ‘v8::Handle’ has not been declared
 2271 |   , v8::Handle<v8::String> name
      |         ^~~~~~
../../../../nan/nan.h:2271:15: error: expected ‘,’ or ‘...’ before ‘<’ token
 2271 |   , v8::Handle<v8::String> name
      |               ^
../../../../nan/nan.h: In function ‘void NanSetInstanceTemplate(v8::Local<v8::FunctionTemplate>, int)’:
../../../../nan/nan.h:2275:45: error: ‘name’ was not declared in this scope
 2275 |   NanSetTemplate(templ->InstanceTemplate(), name, value, attributes);
      |                                             ^~~~
../../../../nan/nan.h:2275:51: error: ‘value’ was not declared in this scope
 2275 |   NanSetTemplate(templ->InstanceTemplate(), name, value, attributes);
      |                                                   ^~~~~
../../../../nan/nan.h:2275:58: error: ‘attributes’ was not declared in this scope; did you mean ‘__attribute__’?
 2275 |   NanSetTemplate(templ->InstanceTemplate(), name, value, attributes);
      |                                                          ^~~~~~~~~~
      |                                                          __attribute__
../../../../nan/nan.h:2275:3: error: ‘NanSetTemplate’ was not declared in this scope; did you mean ‘NanSetInstanceTemplate’?
 2275 |   NanSetTemplate(templ->InstanceTemplate(), name, value, attributes);
      |   ^~~~~~~~~~~~~~
      |   NanSetInstanceTemplate
../../../../nan/nan.h: At global scope:
../../../../nan/nan.h:2282:1: error: variable or field ‘NanExport’ declared void
 2282 | NanExport(v8::Handle<v8::Object> target, const char * name,
      | ^~~~~~~~~
../../../../nan/nan.h:2282:15: error: ‘Handle’ is not a member of ‘v8’; did you mean ‘JobHandle’?
 2282 | NanExport(v8::Handle<v8::Object> target, const char * name,
      |               ^~~~~~
      |               JobHandle
../../../../nan/nan.h:2282:32: error: expected primary-expression before ‘>’ token
 2282 | NanExport(v8::Handle<v8::Object> target, const char * name,
      |                                ^
../../../../nan/nan.h:2282:34: error: ‘target’ was not declared in this scope
 2282 | NanExport(v8::Handle<v8::Object> target, const char * name,
      |                                  ^~~~~~
../../../../nan/nan.h:2282:42: error: expected primary-expression before ‘const’
 2282 | NanExport(v8::Handle<v8::Object> target, const char * name,
      |                                          ^~~~~
../../../../nan/nan.h:2283:25: error: expected primary-expression before ‘f’
 2283 |     NanFunctionCallback f) {
      |                         ^
../../../../nan/nan.h:2291:29: error: expected ‘)’ before ‘<’ token
 2291 |   explicit NanTap(v8::Handle<v8::Value> t) : t_() {
      |                  ~          ^
      |                             )
../../../../nan/nan.h: In member function ‘void NanTap::plan(int)’:
../../../../nan/nan.h:2298:9: error: ‘Handle’ is not a member of ‘v8’; did you mean ‘JobHandle’?
 2298 |     v8::Handle<v8::Value> arg = NanNew(i);
      |         ^~~~~~
      |         JobHandle
../../../../nan/nan.h:2298:25: error: expected primary-expression before ‘>’ token
 2298 |     v8::Handle<v8::Value> arg = NanNew(i);
      |                         ^
../../../../nan/nan.h:2298:27: error: ‘arg’ was not declared in this scope
 2298 |     v8::Handle<v8::Value> arg = NanNew(i);
      |                           ^~~
../../../../nan/nan.h:2298:39: error: missing template arguments before ‘(’ token
 2298 |     v8::Handle<v8::Value> arg = NanNew(i);
      |                                       ^
../../../../nan/nan.h:2299:27: error: missing template arguments before ‘(’ token
 2299 |     NanMakeCallback(NanNew(t_), "plan", 1, &arg);
      |                           ^
../../../../nan/nan.h: In member function ‘void NanTap::ok(bool, const char*)’:
../../../../nan/nan.h:2303:9: error: ‘Handle’ is not a member of ‘v8’; did you mean ‘JobHandle’?
 2303 |     v8::Handle<v8::Value> args[2];
      |         ^~~~~~
      |         JobHandle
../../../../nan/nan.h:2303:25: error: expected primary-expression before ‘>’ token
 2303 |     v8::Handle<v8::Value> args[2];
      |                         ^
../../../../nan/nan.h:2303:27: error: ‘args’ was not declared in this scope
 2303 |     v8::Handle<v8::Value> args[2];
      |                           ^~~~
../../../../nan/nan.h:2304:21: error: missing template arguments before ‘(’ token
 2304 |     args[0] = NanNew(isOk);
      |                     ^
../../../../nan/nan.h:2305:30: error: missing template arguments before ‘(’ token
 2305 |     if (msg) args[1] = NanNew(msg);
      |                              ^
../../../../nan/nan.h:2306:27: error: missing template arguments before ‘(’ token
 2306 |     NanMakeCallback(NanNew(t_), "ok", msg ? 2 : 1, args);
      |                           ^
In file included from ../ext/bson.cc:36:
../ext/bson.h: At global scope:
../ext/bson.h:56:25: error: ‘Handle’ has not been declared
   56 |  static void Initialize(Handle<Object> target);
      |                         ^~~~~~
../ext/bson.h:56:31: error: expected ‘,’ or ‘...’ before ‘<’ token
   56 |  static void Initialize(Handle<Object> target);
      |                               ^
../ext/bson.h:72:9: error: ‘Handle’ does not name a type
   72 |  static Handle<Value> deserialize(BSON *bson, char *data, uint32_t dataLength, uint32_t startIndex, bool is_array_item);
      |         ^~~~~~
../ext/bson.h:120:41: error: ‘Handle’ does not name a type
  120 |  Local<Object> GetSerializeObject(const Handle<Value>& object);
      |                                         ^~~~~~
../ext/bson.h:120:47: error: expected ‘,’ or ‘...’ before ‘<’ token
  120 |  Local<Object> GetSerializeObject(const Handle<Value>& object);
      |                                               ^
../ext/bson.h:134:23: error: ‘Handle’ does not name a type
  134 |  void WriteByte(const Handle<Object>&, const Handle<String>&) { ++count; }
      |                       ^~~~~~
../ext/bson.h:134:29: error: expected ‘,’ or ‘...’ before ‘<’ token
  134 |  void WriteByte(const Handle<Object>&, const Handle<String>&) { ++count; }
      |                             ^
../ext/bson.h:134:7: error: ‘void CountStream::WriteByte(int)’ cannot be overloaded with ‘void CountStream::WriteByte(int)’
  134 |  void WriteByte(const Handle<Object>&, const Handle<String>&) { ++count; }
      |       ^~~~~~~~~
../ext/bson.h:133:7: note: previous declaration ‘void CountStream::WriteByte(int)’
  133 |  void WriteByte(int value)         { ++count; }
      |       ^~~~~~~~~
../ext/bson.h:135:23: error: ‘Handle’ does not name a type
  135 |  void WriteBool(const Handle<Value>& value)     { ++count; }
      |                       ^~~~~~
../ext/bson.h:135:29: error: expected ‘,’ or ‘...’ before ‘<’ token
  135 |  void WriteBool(const Handle<Value>& value)     { ++count; }
      |                             ^
../ext/bson.h:137:24: error: ‘Handle’ does not name a type
  137 |  void WriteInt32(const Handle<Value>& value)     { count += 4; }
      |                        ^~~~~~
../ext/bson.h:137:30: error: expected ‘,’ or ‘...’ before ‘<’ token
  137 |  void WriteInt32(const Handle<Value>& value)     { count += 4; }
      |                              ^
../ext/bson.h:137:7: error: ‘void CountStream::WriteInt32(int)’ cannot be overloaded with ‘void CountStream::WriteInt32(int32_t)’
  137 |  void WriteInt32(const Handle<Value>& value)     { count += 4; }
      |       ^~~~~~~~~~
../ext/bson.h:136:7: note: previous declaration ‘void CountStream::WriteInt32(int32_t)’
  136 |  void WriteInt32(int32_t value)        { count += 4; }
      |       ^~~~~~~~~~
../ext/bson.h:138:24: error: ‘Handle’ does not name a type
  138 |  void WriteInt32(const Handle<Object>& object, const Handle<String>& key) { count += 4; }
      |                        ^~~~~~
../ext/bson.h:138:30: error: expected ‘,’ or ‘...’ before ‘<’ token
  138 |  void WriteInt32(const Handle<Object>& object, const Handle<String>& key) { count += 4; }
      |                              ^
../ext/bson.h:138:7: error: ‘void CountStream::WriteInt32(int)’ cannot be overloaded with ‘void CountStream::WriteInt32(int32_t)’
  138 |  void WriteInt32(const Handle<Object>& object, const Handle<String>& key) { count += 4; }
      |       ^~~~~~~~~~
../ext/bson.h:136:7: note: previous declaration ‘void CountStream::WriteInt32(int32_t)’
  136 |  void WriteInt32(int32_t value)        { count += 4; }
      |       ^~~~~~~~~~
../ext/bson.h:140:24: error: ‘Handle’ does not name a type
  140 |  void WriteInt64(const Handle<Value>& value)     { count += 8; }
      |                        ^~~~~~
../ext/bson.h:140:30: error: expected ‘,’ or ‘...’ before ‘<’ token
  140 |  void WriteInt64(const Handle<Value>& value)     { count += 8; }
      |                              ^
../ext/bson.h:142:25: error: ‘Handle’ does not name a type
  142 |  void WriteDouble(const Handle<Value>& value)     { count += 8; }
      |                         ^~~~~~
../ext/bson.h:142:31: error: expected ‘,’ or ‘...’ before ‘<’ token
  142 |  void WriteDouble(const Handle<Value>& value)     { count += 8; }
      |                               ^
../ext/bson.h:143:25: error: ‘Handle’ does not name a type
  143 |  void WriteDouble(const Handle<Object>&, const Handle<String>&) { count += 8; }
      |                         ^~~~~~
../ext/bson.h:143:31: error: expected ‘,’ or ‘...’ before ‘<’ token
  143 |  void WriteDouble(const Handle<Object>&, const Handle<String>&) { count += 8; }
      |                               ^
../ext/bson.h:143:7: error: ‘void CountStream::WriteDouble(int)’ cannot be overloaded with ‘void CountStream::WriteDouble(int)’
  143 |  void WriteDouble(const Handle<Object>&, const Handle<String>&) { count += 8; }
      |       ^~~~~~~~~~~
../ext/bson.h:142:7: note: previous declaration ‘void CountStream::WriteDouble(int)’
  142 |  void WriteDouble(const Handle<Value>& value)     { count += 8; }
      |       ^~~~~~~~~~~
../ext/bson.h:146:27: error: ‘Handle’ does not name a type
  146 |  void WriteObjectId(const Handle<Object>& object, const Handle<String>& key)    { count += 12; }
      |                           ^~~~~~
../ext/bson.h:146:33: error: expected ‘,’ or ‘...’ before ‘<’ token
  146 |  void WriteObjectId(const Handle<Object>& object, const Handle<String>& key)    { count += 12; }
      |                                 ^
../ext/bson.h: In member function ‘void CountStream::WriteLengthPrefixedString(const v8::Local<v8::String>&)’:
../ext/bson.h:145:90: error: no matching function for call to ‘v8::String::Utf8Length()’
  145 |  void WriteLengthPrefixedString(const Local<String>& value) { count += value->Utf8Length()+5; }
      |                                                                                          ^
In file included from ../ext/bson.cc:14:
/home/connor/.cache/node-gyp/15.3.0/include/node/v8.h:3023:7: note: candidate: ‘int v8::String::Utf8Length(v8::Isolate*) const’
 3023 |   int Utf8Length(Isolate* isolate) const;
      |       ^~~~~~~~~~
/home/connor/.cache/node-gyp/15.3.0/include/node/v8.h:3023:7: note:   candidate expects 1 argument, 0 provided
In file included from ../ext/bson.cc:36:
../ext/bson.h: In member function ‘void CountStream::WriteString(const v8::Local<v8::String>&)’:
../ext/bson.h:147:80: error: no matching function for call to ‘v8::String::Utf8Length()’
  147 |  void WriteString(const Local<String>& value)     { count += value->Utf8Length() + 1; } // This returns the number of bytes exclusive of the NULL terminator
      |                                                                                ^
In file included from ../ext/bson.cc:14:
/home/connor/.cache/node-gyp/15.3.0/include/node/v8.h:3023:7: note: candidate: ‘int v8::String::Utf8Length(v8::Isolate*) const’
 3023 |   int Utf8Length(Isolate* isolate) const;
      |       ^~~~~~~~~~
/home/connor/.cache/node-gyp/15.3.0/include/node/v8.h:3023:7: note:   candidate expects 1 argument, 0 provided
In file included from ../ext/bson.cc:36:
../ext/bson.h: At global scope:
../ext/bson.h:170:23: error: ‘Handle’ does not name a type
  170 |  void WriteByte(const Handle<Object>& object, const Handle<String>& key) { *p++ = object->Get(key)->Int32Value(); }
      |                       ^~~~~~
../ext/bson.h:170:29: error: expected ‘,’ or ‘...’ before ‘<’ token
  170 |  void WriteByte(const Handle<Object>& object, const Handle<String>& key) { *p++ = object->Get(key)->Int32Value(); }
      |                             ^
../ext/bson.h:170:7: error: ‘void DataStream::WriteByte(int)’ cannot be overloaded with ‘void DataStream::WriteByte(int)’
  170 |  void WriteByte(const Handle<Object>& object, const Handle<String>& key) { *p++ = object->Get(key)->Int32Value(); }
      |       ^~~~~~~~~
../ext/bson.h:169:7: note: previous declaration ‘void DataStream::WriteByte(int)’
  169 |  void WriteByte(int value)         { *p++ = value; }
      |       ^~~~~~~~~
../ext/bson.h:180:23: error: ‘Handle’ does not name a type
  180 |  void WriteBool(const Handle<Value>& value)     { WriteByte(value->BooleanValue() ? 1 : 0); }
      |                       ^~~~~~
../ext/bson.h:180:29: error: expected ‘,’ or ‘...’ before ‘<’ token
  180 |  void WriteBool(const Handle<Value>& value)     { WriteByte(value->BooleanValue() ? 1 : 0); }
      |                             ^
../ext/bson.h:181:24: error: ‘Handle’ does not name a type
  181 |  void WriteInt32(const Handle<Value>& value)     { WriteInt32(value->Int32Value());   }
      |                        ^~~~~~
../ext/bson.h:181:30: error: expected ‘,’ or ‘...’ before ‘<’ token
  181 |  void WriteInt32(const Handle<Value>& value)     { WriteInt32(value->Int32Value());   }
      |                              ^
../ext/bson.h:181:7: error: ‘void DataStream::WriteInt32(int)’ cannot be overloaded with ‘void DataStream::WriteInt32(int32_t)’
  181 |  void WriteInt32(const Handle<Value>& value)     { WriteInt32(value->Int32Value());   }
      |       ^~~~~~~~~~
../ext/bson.h:172:7: note: previous declaration ‘void DataStream::WriteInt32(int32_t)’
  172 |  void WriteInt32(int32_t value)        { *reinterpret_cast<int32_t*>(p) = value; p += 4; }
      |       ^~~~~~~~~~
../ext/bson.h:182:24: error: ‘Handle’ does not name a type
  182 |  void WriteInt32(const Handle<Object>& object, const Handle<String>& key) { WriteInt32(object->Get(key)); }
      |                        ^~~~~~
../ext/bson.h:182:30: error: expected ‘,’ or ‘...’ before ‘<’ token
  182 |  void WriteInt32(const Handle<Object>& object, const Handle<String>& key) { WriteInt32(object->Get(key)); }
      |                              ^
../ext/bson.h:182:7: error: ‘void DataStream::WriteInt32(int)’ cannot be overloaded with ‘void DataStream::WriteInt32(int32_t)’
  182 |  void WriteInt32(const Handle<Object>& object, const Handle<String>& key) { WriteInt32(object->Get(key)); }
      |       ^~~~~~~~~~
../ext/bson.h:172:7: note: previous declaration ‘void DataStream::WriteInt32(int32_t)’
  172 |  void WriteInt32(int32_t value)        { *reinterpret_cast<int32_t*>(p) = value; p += 4; }
      |       ^~~~~~~~~~
../ext/bson.h:183:24: error: ‘Handle’ does not name a type
  183 |  void WriteInt64(const Handle<Value>& value)     { WriteInt64(value->IntegerValue());  }
      |                        ^~~~~~
../ext/bson.h:183:30: error: expected ‘,’ or ‘...’ before ‘<’ token
  183 |  void WriteInt64(const Handle<Value>& value)     { WriteInt64(value->IntegerValue());  }
      |                              ^
../ext/bson.h:184:25: error: ‘Handle’ does not name a type
  184 |  void WriteDouble(const Handle<Value>& value)     { WriteDouble(value->NumberValue());  }
      |                         ^~~~~~
../ext/bson.h:184:31: error: expected ‘,’ or ‘...’ before ‘<’ token
  184 |  void WriteDouble(const Handle<Value>& value)     { WriteDouble(value->NumberValue());  }
      |                               ^
../ext/bson.h:185:25: error: ‘Handle’ does not name a type
  185 |  void WriteDouble(const Handle<Object>& object, const Handle<String>& key) { WriteDouble(object->Get(key)); }
      |                         ^~~~~~
../ext/bson.h:185:31: error: expected ‘,’ or ‘...’ before ‘<’ token
  185 |  void WriteDouble(const Handle<Object>& object, const Handle<String>& key) { WriteDouble(object->Get(key)); }
      |                               ^
../ext/bson.h:185:7: error: ‘void DataStream::WriteDouble(int)’ cannot be overloaded with ‘void DataStream::WriteDouble(int)’
  185 |  void WriteDouble(const Handle<Object>& object, const Handle<String>& key) { WriteDouble(object->Get(key)); }
      |       ^~~~~~~~~~~
../ext/bson.h:184:7: note: previous declaration ‘void DataStream::WriteDouble(int)’
  184 |  void WriteDouble(const Handle<Value>& value)     { WriteDouble(value->NumberValue());  }
      |       ^~~~~~~~~~~
../ext/bson.h:188:27: error: ‘Handle’ does not name a type
  188 |  void WriteObjectId(const Handle<Object>& object, const Handle<String>& key);
      |                           ^~~~~~
../ext/bson.h:188:33: error: expected ‘,’ or ‘...’ before ‘<’ token
  188 |  void WriteObjectId(const Handle<Object>& object, const Handle<String>& key);
      |                                 ^
../ext/bson.h: In member function ‘void DataStream::WriteByte(int)’:
../ext/bson.h:170:83: error: ‘object’ was not declared in this scope
  170 |  void WriteByte(const Handle<Object>& object, const Handle<String>& key) { *p++ = object->Get(key)->Int32Value(); }
      |                                                                                   ^~~~~~
../ext/bson.h:170:95: error: ‘key’ was not declared in this scope
  170 |  void WriteByte(const Handle<Object>& object, const Handle<String>& key) { *p++ = object->Get(key)->Int32Value(); }
      |                                                                                               ^~~
../ext/bson.h: In member function ‘void DataStream::WriteBool(int)’:
../ext/bson.h:180:61: error: ‘value’ was not declared in this scope
  180 |  void WriteBool(const Handle<Value>& value)     { WriteByte(value->BooleanValue() ? 1 : 0); }
      |                                                             ^~~~~
../ext/bson.h: In member function ‘void DataStream::WriteInt32(int)’:
../ext/bson.h:181:63: error: ‘value’ was not declared in this scope
  181 |  void WriteInt32(const Handle<Value>& value)     { WriteInt32(value->Int32Value());   }
      |                                                               ^~~~~
../ext/bson.h: In member function ‘void DataStream::WriteInt32(int)’:
../ext/bson.h:182:88: error: ‘object’ was not declared in this scope
  182 |  void WriteInt32(const Handle<Object>& object, const Handle<String>& key) { WriteInt32(object->Get(key)); }
      |                                                                                        ^~~~~~
../ext/bson.h:182:100: error: ‘key’ was not declared in this scope
  182 |  void WriteInt32(const Handle<Object>& object, const Handle<String>& key) { WriteInt32(object->Get(key)); }
      |                                                                                                    ^~~
../ext/bson.h: In member function ‘void DataStream::WriteInt64(int)’:
../ext/bson.h:183:63: error: ‘value’ was not declared in this scope
  183 |  void WriteInt64(const Handle<Value>& value)     { WriteInt64(value->IntegerValue());  }
      |                                                               ^~~~~
../ext/bson.h: In member function ‘void DataStream::WriteDouble(int)’:
../ext/bson.h:184:65: error: ‘value’ was not declared in this scope
  184 |  void WriteDouble(const Handle<Value>& value)     { WriteDouble(value->NumberValue());  }
      |                                                                 ^~~~~
../ext/bson.h: In member function ‘void DataStream::WriteDouble(int)’:
../ext/bson.h:185:90: error: ‘object’ was not declared in this scope
  185 |  void WriteDouble(const Handle<Object>& object, const Handle<String>& key) { WriteDouble(object->Get(key)); }
      |                                                                                          ^~~~~~
../ext/bson.h:185:102: error: ‘key’ was not declared in this scope
  185 |  void WriteDouble(const Handle<Object>& object, const Handle<String>& key) { WriteDouble(object->Get(key)); }
      |                                                                                                      ^~~
../ext/bson.h: In member function ‘void DataStream::WriteLengthPrefixedString(const v8::Local<v8::String>&)’:
../ext/bson.h:187:92: error: no matching function for call to ‘v8::String::Utf8Length()’
  187 |  void WriteLengthPrefixedString(const Local<String>& value) { WriteInt32(value->Utf8Length()+1); WriteString(value); }
      |                                                                                            ^
In file included from ../ext/bson.cc:14:
/home/connor/.cache/node-gyp/15.3.0/include/node/v8.h:3023:7: note: candidate: ‘int v8::String::Utf8Length(v8::Isolate*) const’
 3023 |   int Utf8Length(Isolate* isolate) const;
      |       ^~~~~~~~~~
/home/connor/.cache/node-gyp/15.3.0/include/node/v8.h:3023:7: note:   candidate expects 1 argument, 0 provided
In file included from ../ext/bson.cc:36:
../ext/bson.h: In member function ‘void DataStream::WriteString(const v8::Local<v8::String>&)’:
../ext/bson.h:189:76: error: no matching function for call to ‘v8::String::WriteUtf8(char*&)’
  189 |  void WriteString(const Local<String>& value)     { p += value->WriteUtf8(p); }  // This returns the number of bytes inclusive of the NULL terminator.
      |                                                                            ^
In file included from ../ext/bson.cc:14:
/home/connor/.cache/node-gyp/15.3.0/include/node/v8.h:3083:7: note: candidate: ‘int v8::String::WriteUtf8(v8::Isolate*, char*, int, int*, int) const’
 3083 |   int WriteUtf8(Isolate* isolate, char* buffer, int length = -1,
      |       ^~~~~~~~~
/home/connor/.cache/node-gyp/15.3.0/include/node/v8.h:3083:7: note:   candidate expects 5 arguments, 1 provided
In file included from ../ext/bson.cc:36:
../ext/bson.h: At global scope:
../ext/bson.h:220:31: error: ‘Handle’ does not name a type
  220 |  void SerializeDocument(const Handle<Value>& value);
      |                               ^~~~~~
../ext/bson.h:220:37: error: expected ‘,’ or ‘...’ before ‘<’ token
  220 |  void SerializeDocument(const Handle<Value>& value);
      |                                     ^
../ext/bson.h:221:28: error: ‘Handle’ does not name a type
  221 |  void SerializeArray(const Handle<Value>& value);
      |                            ^~~~~~
../ext/bson.h:221:34: error: expected ‘,’ or ‘...’ before ‘<’ token
  221 |  void SerializeArray(const Handle<Value>& value);
      |                                  ^
../ext/bson.h:222:48: error: ‘Handle’ does not name a type
  222 |  void SerializeValue(void* typeLocation, const Handle<Value> value);
      |                                                ^~~~~~
../ext/bson.h:222:54: error: expected ‘,’ or ‘...’ before ‘<’ token
  222 |  void SerializeValue(void* typeLocation, const Handle<Value> value);
      |                                                      ^
../ext/bson.h:238:2: error: ‘Handle’ does not name a type
  238 |  Handle<Value> DeserializeDocument(bool promoteLongs);
      |  ^~~~~~
../ext/bson.h:241:2: error: ‘Handle’ does not name a type
  241 |  Handle<Value> ReadCString();
      |  ^~~~~~
../ext/bson.h:263:2: error: ‘Handle’ does not name a type
  263 |  Handle<Value> DeserializeArray(bool promoteLongs);
      |  ^~~~~~
../ext/bson.h:264:2: error: ‘Handle’ does not name a type
  264 |  Handle<Value> DeserializeValue(BsonType type, bool promoteLongs);
      |  ^~~~~~
../ext/bson.h:265:2: error: ‘Handle’ does not name a type
  265 |  Handle<Value> DeserializeDocumentInternal(bool promoteLongs);
      |  ^~~~~~
../ext/bson.h:266:2: error: ‘Handle’ does not name a type
  266 |  Handle<Value> DeserializeArrayInternal(bool promoteLongs);
      |  ^~~~~~
../ext/bson.cc:53:38: error: ‘Handle’ does not name a type
   53 | void DataStream::WriteObjectId(const Handle<Object>& object, const Handle<String>& key)
      |                                      ^~~~~~
../ext/bson.cc:53:44: error: expected ‘,’ or ‘...’ before ‘<’ token
   53 | void DataStream::WriteObjectId(const Handle<Object>& object, const Handle<String>& key)
      |                                            ^
../ext/bson.cc: In member function ‘void DataStream::WriteObjectId(int)’:
../ext/bson.cc:56:2: error: ‘object’ was not declared in this scope
   56 |  object->Get(key)->ToString()->Write(buffer, 0, 12);
      |  ^~~~~~
../ext/bson.cc:56:14: error: ‘key’ was not declared in this scope
   56 |  object->Get(key)->ToString()->Write(buffer, 0, 12);
      |              ^~~
../ext/bson.cc: In member function ‘void DataStream::CheckKey(const v8::Local<v8::String>&)’:
../ext/bson.cc:76:41: error: no matching function for call to ‘v8::String::Utf8Length()’
   76 |  size_t keyLength = keyName->Utf8Length();
      |                                         ^
In file included from ../ext/bson.cc:14:
/home/connor/.cache/node-gyp/15.3.0/include/node/v8.h:3023:7: note: candidate: ‘int v8::String::Utf8Length(v8::Isolate*) const’
 3023 |   int Utf8Length(Isolate* isolate) const;
      |       ^~~~~~~~~~
/home/connor/.cache/node-gyp/15.3.0/include/node/v8.h:3023:7: note:   candidate expects 1 argument, 0 provided
../ext/bson.cc:82:36: error: no matching function for call to ‘v8::String::WriteUtf8(char*&)’
   82 |  keyName->WriteUtf8(keyStringBuffer);
      |                                    ^
In file included from ../ext/bson.cc:14:
/home/connor/.cache/node-gyp/15.3.0/include/node/v8.h:3083:7: note: candidate: ‘int v8::String::WriteUtf8(v8::Isolate*, char*, int, int*, int) const’
 3083 |   int WriteUtf8(Isolate* isolate, char* buffer, int length = -1,
      |       ^~~~~~~~~
/home/connor/.cache/node-gyp/15.3.0/include/node/v8.h:3083:7: note:   candidate expects 5 arguments, 1 provided
../ext/bson.cc: At global scope:
../ext/bson.cc:102:70: error: ‘Handle’ does not name a type
  102 | template<typename T> void BSONSerializer<T>::SerializeDocument(const Handle<Value>& value)
      |                                                                      ^~~~~~
../ext/bson.cc:102:76: error: expected ‘,’ or ‘...’ before ‘<’ token
  102 | template<typename T> void BSONSerializer<T>::SerializeDocument(const Handle<Value>& value)
      |                                                                            ^
../ext/bson.cc: In member function ‘void BSONSerializer<T>::SerializeDocument(int)’:
../ext/bson.cc:105:50: error: ‘value’ was not declared in this scope
  105 |  Local<Object> object = bson->GetSerializeObject(value);
      |                                                  ^~~~~
../ext/bson.cc:108:57: error: no matching function for call to ‘v8::Object::GetPropertyNames()’
  108 |   Local<Array> propertyNames = object->GetPropertyNames();
      |                                                         ^
In file included from ../ext/bson.cc:14:
/home/connor/.cache/node-gyp/15.3.0/include/node/v8.h:3871:43: note: candidate: ‘v8::MaybeLocal<v8::Array> v8::Object::GetPropertyNames(v8::Local<v8::Context>)’
 3871 |   V8_WARN_UNUSED_RESULT MaybeLocal<Array> GetPropertyNames(
      |                                           ^~~~~~~~~~~~~~~~
/home/connor/.cache/node-gyp/15.3.0/include/node/v8.h:3871:43: note:   candidate expects 1 argument, 0 provided
/home/connor/.cache/node-gyp/15.3.0/include/node/v8.h:3873:43: note: candidate: ‘v8::MaybeLocal<v8::Array> v8::Object::GetPropertyNames(v8::Local<v8::Context>, v8::KeyCollectionMode, v8::PropertyFilter, v8::IndexFilter, v8::KeyConversionMode)’
 3873 |   V8_WARN_UNUSED_RESULT MaybeLocal<Array> GetPropertyNames(
      |                                           ^~~~~~~~~~~~~~~~
/home/connor/.cache/node-gyp/15.3.0/include/node/v8.h:3873:43: note:   candidate expects 5 arguments, 0 provided
../ext/bson.cc:114:59: error: no matching function for call to ‘v8::Array::Get(int&)’
  114 |   const Local<String>& propertyName = propertyNames->Get(i)->ToString();
      |                                                           ^
In file included from ../ext/bson.cc:14:
/home/connor/.cache/node-gyp/15.3.0/include/node/v8.h:3763:43: note: candidate: ‘v8::MaybeLocal<v8::Value> v8::Object::Get(v8::Local<v8::Context>, v8::Local<v8::Value>)’
 3763 |   V8_WARN_UNUSED_RESULT MaybeLocal<Value> Get(Local<Context> context,
      |                                           ^~~
/home/connor/.cache/node-gyp/15.3.0/include/node/v8.h:3763:43: note:   candidate expects 2 arguments, 1 provided
/home/connor/.cache/node-gyp/15.3.0/include/node/v8.h:3766:43: note: candidate: ‘v8::MaybeLocal<v8::Value> v8::Object::Get(v8::Local<v8::Context>, uint32_t)’
 3766 |   V8_WARN_UNUSED_RESULT MaybeLocal<Value> Get(Local<Context> context,
      |                                           ^~~
/home/connor/.cache/node-gyp/15.3.0/include/node/v8.h:3766:43: note:   candidate expects 2 arguments, 1 provided
../ext/bson.cc:117:63: error: no matching function for call to ‘v8::Object::Get(const v8::Local<v8::String>&)’
  117 |   const Local<Value>& propertyValue = object->Get(propertyName);
      |                                                               ^
In file included from ../ext/bson.cc:14:
/home/connor/.cache/node-gyp/15.3.0/include/node/v8.h:3763:43: note: candidate: ‘v8::MaybeLocal<v8::Value> v8::Object::Get(v8::Local<v8::Context>, v8::Local<v8::Value>)’
 3763 |   V8_WARN_UNUSED_RESULT MaybeLocal<Value> Get(Local<Context> context,
      |                                           ^~~
/home/connor/.cache/node-gyp/15.3.0/include/node/v8.h:3763:43: note:   candidate expects 2 arguments, 1 provided
/home/connor/.cache/node-gyp/15.3.0/include/node/v8.h:3766:43: note: candidate: ‘v8::MaybeLocal<v8::Value> v8::Object::Get(v8::Local<v8::Context>, uint32_t)’
 3766 |   V8_WARN_UNUSED_RESULT MaybeLocal<Value> Get(Local<Context> context,
      |                                           ^~~
/home/connor/.cache/node-gyp/15.3.0/include/node/v8.h:3766:43: note:   candidate expects 2 arguments, 1 provided
../ext/bson.cc: At global scope:
../ext/bson.cc:131:67: error: ‘Handle’ does not name a type
  131 | template<typename T> void BSONSerializer<T>::SerializeArray(const Handle<Value>& value)
      |                                                                   ^~~~~~
../ext/bson.cc:131:73: error: expected ‘,’ or ‘...’ before ‘<’ token
  131 | template<typename T> void BSONSerializer<T>::SerializeArray(const Handle<Value>& value)
      |                                                                         ^
../ext/bson.cc: In member function ‘void BSONSerializer<T>::SerializeArray(int)’:
../ext/bson.cc:135:42: error: ‘value’ was not declared in this scope
  135 |  Local<Array> array = Local<Array>::Cast(value->ToObject());
      |                                          ^~~~~
../ext/bson.cc:142:44: error: no matching function for call to ‘v8::Array::Get(uint32_t&)’
  142 |   SerializeValue(typeLocation, array->Get(i));
      |                                            ^
In file included from ../ext/bson.cc:14:
/home/connor/.cache/node-gyp/15.3.0/include/node/v8.h:3763:43: note: candidate: ‘v8::MaybeLocal<v8::Value> v8::Object::Get(v8::Local<v8::Context>, v8::Local<v8::Value>)’
 3763 |   V8_WARN_UNUSED_RESULT MaybeLocal<Value> Get(Local<Context> context,
      |                                           ^~~
/home/connor/.cache/node-gyp/15.3.0/include/node/v8.h:3763:43: note:   candidate expects 2 arguments, 1 provided
/home/connor/.cache/node-gyp/15.3.0/include/node/v8.h:3766:43: note: candidate: ‘v8::MaybeLocal<v8::Value> v8::Object::Get(v8::Local<v8::Context>, uint32_t)’
 3766 |   V8_WARN_UNUSED_RESULT MaybeLocal<Value> Get(Local<Context> context,
      |                                           ^~~
/home/connor/.cache/node-gyp/15.3.0/include/node/v8.h:3766:43: note:   candidate expects 2 arguments, 1 provided
../ext/bson.cc: At global scope:
../ext/bson.cc:152:87: error: ‘Handle’ does not name a type
  152 | template<typename T> void BSONSerializer<T>::SerializeValue(void* typeLocation, const Handle<Value> constValue)
      |                                                                                       ^~~~~~
../ext/bson.cc:152:93: error: expected ‘,’ or ‘...’ before ‘<’ token
  152 | template<typename T> void BSONSerializer<T>::SerializeValue(void* typeLocation, const Handle<Value> constValue)
      |                                                                                             ^
../ext/bson.cc: In member function ‘void BSONSerializer<T>::SerializeValue(void*, int)’:
../ext/bson.cc:155:37: error: ‘constValue’ was not declared in this scope
  155 |  Local<Value> value = NanNew<Value>(constValue);
      |                                     ^~~~~~~~~~
../ext/bson.cc:159:42: error: no matching function for call to ‘v8::Value::ToObject()’
  159 |   Local<Object> object = value->ToObject();
      |                                          ^
In file included from ../ext/bson.cc:14:
/home/connor/.cache/node-gyp/15.3.0/include/node/v8.h:2868:44: note: candidate: ‘v8::MaybeLocal<v8::Object> v8::Value::ToObject(v8::Local<v8::Context>) const’
 2868 |   V8_WARN_UNUSED_RESULT MaybeLocal<Object> ToObject(
      |                                            ^~~~~~~~
/home/connor/.cache/node-gyp/15.3.0/include/node/v8.h:2868:44: note:   candidate expects 1 argument, 0 provided
../ext/bson.cc:167:63: error: no matching function for call to ‘v8::Function::Call(v8::Local<v8::Object>&, int, NULL)’
  167 |    value = Local<Function>::Cast(toBSON)->Call(object, 0, NULL);
      |                                                               ^
In file included from ../ext/bson.cc:14:
/home/connor/.cache/node-gyp/15.3.0/include/node/v8.h:4514:43: note: candidate: ‘v8::MaybeLocal<v8::Value> v8::Function::Call(v8::Local<v8::Context>, v8::Local<v8::Value>, int, v8::Local<v8::Value>*)’
 4514 |   V8_WARN_UNUSED_RESULT MaybeLocal<Value> Call(Local<Context> context,
      |                                           ^~~~
/home/connor/.cache/node-gyp/15.3.0/include/node/v8.h:4514:43: note:   candidate expects 4 arguments, 3 provided
../ext/bson.cc:174:43: error: no matching function for call to ‘v8::Value::NumberValue()’
  174 |   double doubleValue = value->NumberValue();
      |                                           ^
In file included from ../ext/bson.cc:14:
/home/connor/.cache/node-gyp/15.3.0/include/node/v8.h:2907:39: note: candidate: ‘v8::Maybe<double> v8::Value::NumberValue(v8::Local<v8::Context>) const’
 2907 |   V8_WARN_UNUSED_RESULT Maybe<double> NumberValue(Local<Context> context) const;
      |                                       ^~~~~~~~~~~
/home/connor/.cache/node-gyp/15.3.0/include/node/v8.h:2907:39: note:   candidate expects 1 argument, 0 provided
../ext/bson.cc:190:51: error: no matching function for call to ‘v8::Value::ToString()’
  190 |   this->WriteLengthPrefixedString(value->ToString());
      |                                                   ^
In file included from ../ext/bson.cc:14:
/home/connor/.cache/node-gyp/15.3.0/include/node/v8.h:2856:44: note: candidate: ‘v8::MaybeLocal<v8::String> v8::Value::ToString(v8::Local<v8::Context>) const’
 2856 |   V8_WARN_UNUSED_RESULT MaybeLocal<String> ToString(
      |                                            ^~~~~~~~
/home/connor/.cache/node-gyp/15.3.0/include/node/v8.h:2856:44: note:   candidate expects 1 argument, 0 provided
../ext/bson.cc:210:9: error: ‘Handle’ does not name a type
  210 |   const Handle<RegExp>& regExp = Handle<RegExp>::Cast(value);
      |         ^~~~~~
../ext/bson.cc:212:21: error: ‘regExp’ was not declared in this scope
  212 |   this->WriteString(regExp->GetSource());
      |                     ^~~~~~
../ext/bson.cc:223:51: error: no matching function for call to ‘v8::Value::ToString()’
  223 |   this->WriteLengthPrefixedString(value->ToString());
      |                                                   ^
In file included from ../ext/bson.cc:14:
/home/connor/.cache/node-gyp/15.3.0/include/node/v8.h:2856:44: note: candidate: ‘v8::MaybeLocal<v8::String> v8::Value::ToString(v8::Local<v8::Context>) const’
 2856 |   V8_WARN_UNUSED_RESULT MaybeLocal<String> ToString(
      |                                            ^~~~~~~~
/home/connor/.cache/node-gyp/15.3.0/include/node/v8.h:2856:44: note:   candidate expects 1 argument, 0 provided
../ext/bson.cc:227:49: error: no matching function for call to ‘v8::Value::ToObject()’
  227 |   const Local<Object>& object = value->ToObject();
      |                                                 ^
In file included from ../ext/bson.cc:14:
/home/connor/.cache/node-gyp/15.3.0/include/node/v8.h:2868:44: note: candidate: ‘v8::MaybeLocal<v8::Object> v8::Value::ToObject(v8::Local<v8::Context>) const’
 2868 |   V8_WARN_UNUSED_RESULT MaybeLocal<Object> ToObject(
      |                                            ^~~~~~~~
/home/connor/.cache/node-gyp/15.3.0/include/node/v8.h:2868:44: note:   candidate expects 1 argument, 0 provided
../ext/bson.cc:228:24: error: missing template arguments before ‘(’ token
  228 |   if(object->Has(NanNew(bson->_bsontypeString)))
      |                        ^
../ext/bson.cc:230:63: error: missing template arguments before ‘(’ token
  230 |    const Local<String>& constructorString = object->Get(NanNew(bson->_bsontypeString))->ToString();
      |                                                               ^
../ext/bson.cc:231:13: error: missing template arguments before ‘(’ token
  231 |    if(NanNew(bson->longString)->StrictEquals(constructorString))
      |             ^
../ext/bson.cc:234:36: error: missing template arguments before ‘(’ token
  234 |     this->WriteInt32(object, NanNew(bson->_longLowString));
      |                                    ^
../ext/bson.cc:235:36: error: missing template arguments before ‘(’ token
  235 |     this->WriteInt32(object, NanNew(bson->_longHighString));
      |                                    ^
../ext/bson.cc:237:18: error: missing template arguments before ‘(’ token
  237 |    else if(NanNew(bson->timestampString)->StrictEquals(constructorString))
      |                  ^
../ext/bson.cc:240:36: error: missing template arguments before ‘(’ token
  240 |     this->WriteInt32(object, NanNew(bson->_longLowString));
      |                                    ^
../ext/bson.cc:241:36: error: missing template arguments before ‘(’ token
  241 |     this->WriteInt32(object, NanNew(bson->_longHighString));
      |                                    ^
../ext/bson.cc:243:18: error: missing template arguments before ‘(’ token
  243 |    else if(NanNew(bson->objectIDString)->StrictEquals(constructorString))
      |                  ^
../ext/bson.cc:246:39: error: missing template arguments before ‘(’ token
  246 |     this->WriteObjectId(object, NanNew(bson->_objectIDidString));
      |                                       ^
../ext/bson.cc:248:18: error: missing template arguments before ‘(’ token
  248 |    else if(NanNew(bson->binaryString)->StrictEquals(constructorString))
      |                  ^
../ext/bson.cc:252:41: error: missing template arguments before ‘(’ token
  252 |     uint32_t length = object->Get(NanNew(bson->_binaryPositionString))->Uint32Value();
      |                                         ^
../ext/bson.cc:253:49: error: missing template arguments before ‘(’ token
  253 |     Local<Object> bufferObj = object->Get(NanNew(bson->_binaryBufferString))->ToObject();
      |                                                 ^
../ext/bson.cc:256:35: error: missing template arguments before ‘(’ token
  256 |     this->WriteByte(object, NanNew(bson->_binarySubTypeString)); // write subtype
      |                                   ^
../ext/bson.cc:258:26: error: missing template arguments before ‘(’ token
  258 |     if(object->Get(NanNew(bson->_binarySubTypeString))->Int32Value() == 0x02) {
      |                          ^
../ext/bson.cc:264:18: error: missing template arguments before ‘(’ token
  264 |    else if(NanNew(bson->doubleString)->StrictEquals(constructorString))
      |                  ^
../ext/bson.cc:267:37: error: missing template arguments before ‘(’ token
  267 |     this->WriteDouble(object, NanNew(bson->_doubleValueString));
      |                                     ^
../ext/bson.cc:269:18: error: missing template arguments before ‘(’ token
  269 |    else if(NanNew(bson->symbolString)->StrictEquals(constructorString))
      |                  ^
../ext/bson.cc:272:55: error: missing template arguments before ‘(’ token
  272 |     this->WriteLengthPrefixedString(object->Get(NanNew(bson->_symbolValueString))->ToString());
      |                                                       ^
../ext/bson.cc:274:18: error: missing template arguments before ‘(’ token
  274 |    else if(NanNew(bson->codeString)->StrictEquals(constructorString))
      |                  ^
../ext/bson.cc:276:55: error: missing template arguments before ‘(’ token
  276 |     const Local<String>& function = object->Get(NanNew(bson->_codeCodeString))->ToString();
      |                                                       ^
../ext/bson.cc:277:52: error: missing template arguments before ‘(’ token
  277 |     const Local<Object>& scope = object->Get(NanNew(bson->_codeScopeString))->ToObject();
      |                                                    ^
../ext/bson.cc:283:67: error: no matching function for call to ‘v8::Object::GetOwnPropertyNames()’
  283 |          uint32_t propertyNameLength = scope->GetOwnPropertyNames()->Length();
      |                                                                   ^
In file included from ../ext/bson.cc:14:
/home/connor/.cache/node-gyp/15.3.0/include/node/v8.h:3883:43: note: candidate: ‘v8::MaybeLocal<v8::Array> v8::Object::GetOwnPropertyNames(v8::Local<v8::Context>)’
 3883 |   V8_WARN_UNUSED_RESULT MaybeLocal<Array> GetOwnPropertyNames(
      |                                           ^~~~~~~~~~~~~~~~~~~
/home/connor/.cache/node-gyp/15.3.0/include/node/v8.h:3883:43: note:   candidate expects 1 argument, 0 provided
/home/connor/.cache/node-gyp/15.3.0/include/node/v8.h:3892:43: note: candidate: ‘v8::MaybeLocal<v8::Array> v8::Object::GetOwnPropertyNames(v8::Local<v8::Context>, v8::PropertyFilter, v8::KeyConversionMode)’
 3892 |   V8_WARN_UNUSED_RESULT MaybeLocal<Array> GetOwnPropertyNames(
      |                                           ^~~~~~~~~~~~~~~~~~~
/home/connor/.cache/node-gyp/15.3.0/include/node/v8.h:3892:43: note:   candidate expects 3 arguments, 0 provided
../ext/bson.cc:290:57: error: no matching function for call to ‘v8::String::ToString()’
  290 |      this->WriteLengthPrefixedString(function->ToString());
      |                                                         ^
In file included from ../ext/bson.cc:14:
/home/connor/.cache/node-gyp/15.3.0/include/node/v8.h:2856:44: note: candidate: ‘v8::MaybeLocal<v8::String> v8::Value::ToString(v8::Local<v8::Context>) const’
 2856 |   V8_WARN_UNUSED_RESULT MaybeLocal<String> ToString(
      |                                            ^~~~~~~~
/home/connor/.cache/node-gyp/15.3.0/include/node/v8.h:2856:44: note:   candidate expects 1 argument, 0 provided
../ext/bson.cc:297:57: error: no matching function for call to ‘v8::String::ToString()’
  297 |      this->WriteLengthPrefixedString(function->ToString());
      |                                                         ^
In file included from ../ext/bson.cc:14:
/home/connor/.cache/node-gyp/15.3.0/include/node/v8.h:2856:44: note: candidate: ‘v8::MaybeLocal<v8::String> v8::Value::ToString(v8::Local<v8::Context>) const’
 2856 |   V8_WARN_UNUSED_RESULT MaybeLocal<String> ToString(
      |                                            ^~~~~~~~
/home/connor/.cache/node-gyp/15.3.0/include/node/v8.h:2856:44: note:   candidate expects 1 argument, 0 provided
../ext/bson.cc:300:18: error: missing template arguments before ‘(’ token
  300 |    else if(NanNew(bson->dbrefString)->StrictEquals(constructorString))
      |                  ^
../ext/bson.cc:308:47: error: missing template arguments before ‘(’ token
  308 |     SerializeValue(refType, object->Get(NanNew(bson->_dbRefNamespaceString)));
      |                                               ^
../ext/bson.cc:312:46: error: missing template arguments before ‘(’ token
  312 |     SerializeValue(idType, object->Get(NanNew(bson->_dbRefOidString)));
      |                                              ^
../ext/bson.cc:314:56: error: missing template arguments before ‘(’ token
  314 |     const Local<Value>& refDbValue = object->Get(NanNew(bson->_dbRefDbString));
      |                                                        ^
../ext/bson.cc:325:18: error: missing template arguments before ‘(’ token
  325 |    else if(NanNew(bson->minKeyString)->StrictEquals(constructorString))
      |                  ^
../ext/bson.cc:329:18: error: missing template arguments before ‘(’ token
  329 |    else if(NanNew(bson->maxKeyString)->StrictEquals(constructorString))
      |                  ^
../ext/bson.cc:342:54: error: no matching function for call to ‘v8::Value::ToObject()’
  342 |     uint32_t length = Buffer::Length(value->ToObject());
      |                                                      ^
In file included from ../ext/bson.cc:14:
/home/connor/.cache/node-gyp/15.3.0/include/node/v8.h:2868:44: note: candidate: ‘v8::MaybeLocal<v8::Object> v8::Value::ToObject(v8::Local<v8::Context>) const’
 2868 |   V8_WARN_UNUSED_RESULT MaybeLocal<Object> ToObject(
      |                                            ^~~~~~~~
/home/connor/.cache/node-gyp/15.3.0/include/node/v8.h:2868:44: note:   candidate expects 1 argument, 0 provided
../ext/bson.cc:347:49: error: no matching function for call to ‘v8::Value::ToObject()’
  347 |    this->WriteData(Buffer::Data(value->ToObject()), length);
      |                                                 ^
In file included from ../ext/bson.cc:14:
/home/connor/.cache/node-gyp/15.3.0/include/node/v8.h:2868:44: note: candidate: ‘v8::MaybeLocal<v8::Object> v8::Value::ToObject(v8::Local<v8::Context>) const’
 2868 |   V8_WARN_UNUSED_RESULT MaybeLocal<Object> ToObject(
      |                                            ^~~~~~~~
/home/connor/.cache/node-gyp/15.3.0/include/node/v8.h:2868:44: note:   candidate expects 1 argument, 0 provided
../ext/bson.cc: At global scope:
../ext/bson.cc:382:1: error: ‘Handle’ does not name a type
  382 | Handle<Value> BSONDeserializer::ReadCString()
      | ^~~~~~
../ext/bson.cc: In member function ‘v8::Local<v8::String> BSONDeserializer::ReadString()’:
../ext/bson.cc:424:39: error: no match for call to ‘(v8::Local<v8::String>) (char*&, uint32_t)’
  424 |  return NanNew<String>(start, length-1);
      |                                       ^
../ext/bson.cc: In member function ‘v8::Local<v8::String> BSONDeserializer::ReadObjectId()’:
../ext/bson.cc:434:36: error: no match for call to ‘(v8::Local<v8::String>) (uint16_t [12], int)’
  434 |  return NanNew<String>(objectId, 12);
      |                                    ^
../ext/bson.cc: At global scope:
../ext/bson.cc:437:1: error: ‘Handle’ does not name a type
  437 | Handle<Value> BSONDeserializer::DeserializeDocument(bool promoteLongs)
      | ^~~~~~
../ext/bson.cc:446:1: error: ‘Handle’ does not name a type
  446 | Handle<Value> BSONDeserializer::DeserializeDocumentInternal(bool promoteLongs)
      | ^~~~~~
../ext/bson.cc:474:1: error: ‘Handle’ does not name a type
  474 | Handle<Value> BSONDeserializer::DeserializeArray(bool promoteLongs)
      | ^~~~~~
../ext/bson.cc:483:1: error: ‘Handle’ does not name a type
  483 | Handle<Value> BSONDeserializer::DeserializeArrayInternal(bool promoteLongs)
      | ^~~~~~
../ext/bson.cc:499:1: error: ‘Handle’ does not name a type
  499 | Handle<Value> BSONDeserializer::DeserializeValue(BsonType type, bool promoteLongs)
      | ^~~~~~
../ext/bson.cc: In constructor ‘BSON::BSON()’:
../ext/bson.cc:632:66: error: no match for call to ‘(v8::Local<v8::String>) (const char [10])’
  632 |   NanAssignPersistent(_bsontypeString, NanNew<String>("_bsontype"));
      |                                                                  ^
../ext/bson.cc:633:60: error: no match for call to ‘(v8::Local<v8::String>) (const char [5])’
  633 |   NanAssignPersistent(_longLowString, NanNew<String>("low_"));
      |                                                            ^
../ext/bson.cc:634:62: error: no match for call to ‘(v8::Local<v8::String>) (const char [6])’
  634 |   NanAssignPersistent(_longHighString, NanNew<String>("high_"));
      |                                                              ^
../ext/bson.cc:635:61: error: no match for call to ‘(v8::Local<v8::String>) (const char [3])’
  635 |   NanAssignPersistent(_objectIDidString, NanNew<String>("id"));
      |                                                             ^
../ext/bson.cc:636:71: error: no match for call to ‘(v8::Local<v8::String>) (const char [9])’
  636 |   NanAssignPersistent(_binaryPositionString, NanNew<String>("position"));
      |                                                                       ^
../ext/bson.cc:637:70: error: no match for call to ‘(v8::Local<v8::String>) (const char [9])’
  637 |   NanAssignPersistent(_binarySubTypeString, NanNew<String>("sub_type"));
      |                                                                      ^
../ext/bson.cc:638:67: error: no match for call to ‘(v8::Local<v8::String>) (const char [7])’
  638 |   NanAssignPersistent(_binaryBufferString, NanNew<String>("buffer"));
      |                                                                   ^
../ext/bson.cc:639:65: error: no match for call to ‘(v8::Local<v8::String>) (const char [6])’
  639 |   NanAssignPersistent(_doubleValueString, NanNew<String>("value"));
      |                                                                 ^
../ext/bson.cc:640:65: error: no match for call to ‘(v8::Local<v8::String>) (const char [6])’
  640 |   NanAssignPersistent(_symbolValueString, NanNew<String>("value"));
      |                                                                 ^
../ext/bson.cc:641:61: error: no match for call to ‘(v8::Local<v8::String>) (const char [5])’
  641 |   NanAssignPersistent(_dbRefRefString, NanNew<String>("$ref"));
      |                                                             ^
../ext/bson.cc:642:62: error: no match for call to ‘(v8::Local<v8::String>) (const char [4])’
  642 |   NanAssignPersistent(_dbRefIdRefString, NanNew<String>("$id"));
      |                                                              ^
../ext/bson.cc:643:62: error: no match for call to ‘(v8::Local<v8::String>) (const char [4])’
  643 |   NanAssignPersistent(_dbRefDbRefString, NanNew<String>("$db"));
      |                                                              ^
../ext/bson.cc:644:72: error: no match for call to ‘(v8::Local<v8::String>) (const char [10])’
  644 |   NanAssignPersistent(_dbRefNamespaceString, NanNew<String>("namespace"));
      |                                                                        ^
../ext/bson.cc:645:58: error: no match for call to ‘(v8::Local<v8::String>) (const char [3])’
  645 |   NanAssignPersistent(_dbRefDbString, NanNew<String>("db"));
      |                                                          ^
../ext/bson.cc:646:60: error: no match for call to ‘(v8::Local<v8::String>) (const char [4])’
  646 |   NanAssignPersistent(_dbRefOidString, NanNew<String>("oid"));
      |                                                            ^
../ext/bson.cc:647:61: error: no match for call to ‘(v8::Local<v8::String>) (const char [5])’
  647 |   NanAssignPersistent(_codeCodeString, NanNew<String>("code"));
      |                                                             ^
../ext/bson.cc:648:63: error: no match for call to ‘(v8::Local<v8::String>) (const char [6])’
  648 |   NanAssignPersistent(_codeScopeString, NanNew<String>("scope"));
      |                                                               ^
../ext/bson.cc:649:61: error: no match for call to ‘(v8::Local<v8::String>) (const char [7])’
  649 |   NanAssignPersistent(_toBSONString, NanNew<String>("toBSON"));
      |                                                             ^
../ext/bson.cc:651:56: error: no match for call to ‘(v8::Local<v8::String>) (const char [5])’
  651 |   NanAssignPersistent(longString, NanNew<String>("Long"));
      |                                                        ^
../ext/bson.cc:652:64: error: no match for call to ‘(v8::Local<v8::String>) (const char [9])’
  652 |   NanAssignPersistent(objectIDString, NanNew<String>("ObjectID"));
      |                                                                ^
../ext/bson.cc:653:60: error: no match for call to ‘(v8::Local<v8::String>) (const char [7])’
  653 |   NanAssignPersistent(binaryString, NanNew<String>("Binary"));
      |                                                            ^
../ext/bson.cc:654:56: error: no match for call to ‘(v8::Local<v8::String>) (const char [5])’
  654 |   NanAssignPersistent(codeString, NanNew<String>("Code"));
      |                                                        ^
../ext/bson.cc:655:58: error: no match for call to ‘(v8::Local<v8::String>) (const char [6])’
  655 |   NanAssignPersistent(dbrefString, NanNew<String>("DBRef"));
      |                                                          ^
../ext/bson.cc:656:60: error: no match for call to ‘(v8::Local<v8::String>) (const char [7])’
  656 |   NanAssignPersistent(symbolString, NanNew<String>("Symbol"));
      |                                                            ^
../ext/bson.cc:657:60: error: no match for call to ‘(v8::Local<v8::String>) (const char [7])’
  657 |   NanAssignPersistent(doubleString, NanNew<String>("Double"));
      |                                                            ^
../ext/bson.cc:658:66: error: no match for call to ‘(v8::Local<v8::String>) (const char [10])’
  658 |   NanAssignPersistent(timestampString, NanNew<String>("Timestamp"));
      |                                                                  ^
../ext/bson.cc:659:60: error: no match for call to ‘(v8::Local<v8::String>) (const char [7])’
  659 |   NanAssignPersistent(minKeyString, NanNew<String>("MinKey"));
      |                                                            ^
../ext/bson.cc:660:60: error: no match for call to ‘(v8::Local<v8::String>) (const char [7])’
  660 |   NanAssignPersistent(maxKeyString, NanNew<String>("MaxKey"));
      |                                                            ^
../ext/bson.cc: At global scope:
../ext/bson.cc:663:6: error: variable or field ‘Initialize’ declared void
  663 | void BSON::Initialize(v8::Handle<v8::Object> target)
      |      ^~~~
../ext/bson.cc:663:27: error: ‘Handle’ is not a member of ‘v8’; did you mean ‘JobHandle’?
  663 | void BSON::Initialize(v8::Handle<v8::Object> target)
      |                           ^~~~~~
      |                           JobHandle
../ext/bson.cc:663:44: error: expected primary-expression before ‘>’ token
  663 | void BSON::Initialize(v8::Handle<v8::Object> target)
      |                                            ^
../ext/bson.cc:663:46: error: ‘target’ was not declared in this scope
  663 | void BSON::Initialize(v8::Handle<v8::Object> target)
      |                                              ^~~~~~
../ext/bson.cc: In static member function ‘static void BSON::New(const v8::FunctionCallbackInfo<v8::Value>&)’:
../ext/bson.cc:705:62: error: no matching function for call to ‘v8::Array::Get(uint32_t&)’
  705 |     Local<Function> func = Local<Function>::Cast(array->Get(i));
      |                                                              ^
In file included from ../ext/bson.cc:14:
/home/connor/.cache/node-gyp/15.3.0/include/node/v8.h:3763:43: note: candidate: ‘v8::MaybeLocal<v8::Value> v8::Object::Get(v8::Local<v8::Context>, v8::Local<v8::Value>)’
 3763 |   V8_WARN_UNUSED_RESULT MaybeLocal<Value> Get(Local<Context> context,
      |                                           ^~~
/home/connor/.cache/node-gyp/15.3.0/include/node/v8.h:3763:43: note:   candidate expects 2 arguments, 1 provided
/home/connor/.cache/node-gyp/15.3.0/include/node/v8.h:3766:43: note: candidate: ‘v8::MaybeLocal<v8::Value> v8::Object::Get(v8::Local<v8::Context>, uint32_t)’
 3766 |   V8_WARN_UNUSED_RESULT MaybeLocal<Value> Get(Local<Context> context,
      |                                           ^~~
/home/connor/.cache/node-gyp/15.3.0/include/node/v8.h:3766:43: note:   candidate expects 2 arguments, 1 provided
../ext/bson.cc:706:60: error: no matching function for call to ‘v8::Value::ToString()’
  706 |     Local<String> functionName = func->GetName()->ToString();
      |                                                            ^
In file included from ../ext/bson.cc:14:
/home/connor/.cache/node-gyp/15.3.0/include/node/v8.h:2856:44: note: candidate: ‘v8::MaybeLocal<v8::String> v8::Value::ToString(v8::Local<v8::Context>) const’
 2856 |   V8_WARN_UNUSED_RESULT MaybeLocal<String> ToString(
      |                                            ^~~~~~~~
/home/connor/.cache/node-gyp/15.3.0/include/node/v8.h:2856:44: note:   candidate expects 1 argument, 0 provided
../ext/bson.cc:709:41: error: missing template arguments before ‘(’ token
  709 |     if(functionName->StrictEquals(NanNew(bson->longString))) {
      |                                         ^
../ext/bson.cc:710:53: error: no matching function for call to ‘NanAssignPersistent(v8::Persistent<v8::Function>&, v8::Local<v8::Function>&)’
  710 |      NanAssignPersistent(bson->longConstructor, func);
      |                                                     ^
In file included from ../ext/bson.h:17,
                 from ../ext/bson.cc:36:
../../../../nan/nan.h:505:19: note: candidate: ‘template<class T> void NanAssignPersistent(v8::Persistent<T, v8::NonCopyablePersistentTraits<T> >&, int)’
  505 |   NAN_INLINE void NanAssignPersistent(
      |                   ^~~~~~~~~~~~~~~~~~~
../../../../nan/nan.h:505:19: note:   template argument deduction/substitution failed:
../ext/bson.cc:710:49: note:   cannot convert ‘func’ (type ‘v8::Local<v8::Function>’) to type ‘int’
  710 |      NanAssignPersistent(bson->longConstructor, func);
      |                                                 ^~~~
In file included from ../ext/bson.h:17,
                 from ../ext/bson.cc:36:
../../../../nan/nan.h:512:19: note: candidate: ‘template<class T> void NanAssignPersistent(v8::Persistent<T, v8::NonCopyablePersistentTraits<T> >&, const v8::Persistent<T, v8::NonCopyablePersistentTraits<T> >&)’
  512 |   NAN_INLINE void NanAssignPersistent(
      |                   ^~~~~~~~~~~~~~~~~~~
../../../../nan/nan.h:512:19: note:   template argument deduction/substitution failed:
../ext/bson.cc:710:53: note:   ‘v8::Local<v8::Function>’ is not derived from ‘const v8::Persistent<T, v8::NonCopyablePersistentTraits<T> >’
  710 |      NanAssignPersistent(bson->longConstructor, func);
      |                                                     ^
../ext/bson.cc:712:48: error: missing template arguments before ‘(’ token
  712 |     } else if(functionName->StrictEquals(NanNew(bson->objectIDString))) {
      |                                                ^
../ext/bson.cc:713:57: error: no matching function for call to ‘NanAssignPersistent(v8::Persistent<v8::Function>&, v8::Local<v8::Function>&)’
  713 |      NanAssignPersistent(bson->objectIDConstructor, func);
      |                                                         ^
In file included from ../ext/bson.h:17,
                 from ../ext/bson.cc:36:
../../../../nan/nan.h:505:19: note: candidate: ‘template<class T> void NanAssignPersistent(v8::Persistent<T, v8::NonCopyablePersistentTraits<T> >&, int)’
  505 |   NAN_INLINE void NanAssignPersistent(
      |                   ^~~~~~~~~~~~~~~~~~~
../../../../nan/nan.h:505:19: note:   template argument deduction/substitution failed:
../ext/bson.cc:713:53: note:   cannot convert ‘func’ (type ‘v8::Local<v8::Function>’) to type ‘int’
  713 |      NanAssignPersistent(bson->objectIDConstructor, func);
      |                                                     ^~~~
In file included from ../ext/bson.h:17,
                 from ../ext/bson.cc:36:
../../../../nan/nan.h:512:19: note: candidate: ‘template<class T> void NanAssignPersistent(v8::Persistent<T, v8::NonCopyablePersistentTraits<T> >&, const v8::Persistent<T, v8::NonCopyablePersistentTraits<T> >&)’
  512 |   NAN_INLINE void NanAssignPersistent(
      |                   ^~~~~~~~~~~~~~~~~~~
../../../../nan/nan.h:512:19: note:   template argument deduction/substitution failed:
../ext/bson.cc:713:57: note:   ‘v8::Local<v8::Function>’ is not derived from ‘const v8::Persistent<T, v8::NonCopyablePersistentTraits<T> >’
  713 |      NanAssignPersistent(bson->objectIDConstructor, func);
      |                                                         ^
../ext/bson.cc:715:48: error: missing template arguments before ‘(’ token
  715 |     } else if(functionName->StrictEquals(NanNew(bson->binaryString))) {
      |                                                ^
../ext/bson.cc:716:55: error: no matching function for call to ‘NanAssignPersistent(v8::Persistent<v8::Function>&, v8::Local<v8::Function>&)’
  716 |      NanAssignPersistent(bson->binaryConstructor, func);
      |                                                       ^
In file included from ../ext/bson.h:17,
                 from ../ext/bson.cc:36:
../../../../nan/nan.h:505:19: note: candidate: ‘template<class T> void NanAssignPersistent(v8::Persistent<T, v8::NonCopyablePersistentTraits<T> >&, int)’
  505 |   NAN_INLINE void NanAssignPersistent(
      |                   ^~~~~~~~~~~~~~~~~~~
../../../../nan/nan.h:505:19: note:   template argument deduction/substitution failed:
../ext/bson.cc:716:51: note:   cannot convert ‘func’ (type ‘v8::Local<v8::Function>’) to type ‘int’
  716 |      NanAssignPersistent(bson->binaryConstructor, func);
      |                                                   ^~~~
In file included from ../ext/bson.h:17,
                 from ../ext/bson.cc:36:
../../../../nan/nan.h:512:19: note: candidate: ‘template<class T> void NanAssignPersistent(v8::Persistent<T, v8::NonCopyablePersistentTraits<T> >&, const v8::Persistent<T, v8::NonCopyablePersistentTraits<T> >&)’
  512 |   NAN_INLINE void NanAssignPersistent(
      |                   ^~~~~~~~~~~~~~~~~~~
../../../../nan/nan.h:512:19: note:   template argument deduction/substitution failed:
../ext/bson.cc:716:55: note:   ‘v8::Local<v8::Function>’ is not derived from ‘const v8::Persistent<T, v8::NonCopyablePersistentTraits<T> >’
  716 |      NanAssignPersistent(bson->binaryConstructor, func);
      |                                                       ^
../ext/bson.cc:718:48: error: missing template arguments before ‘(’ token
  718 |     } else if(functionName->StrictEquals(NanNew(bson->codeString))) {
      |                                                ^
../ext/bson.cc:719:53: error: no matching function for call to ‘NanAssignPersistent(v8::Persistent<v8::Function>&, v8::Local<v8::Function>&)’
  719 |      NanAssignPersistent(bson->codeConstructor, func);
      |                                                     ^
In file included from ../ext/bson.h:17,
                 from ../ext/bson.cc:36:
../../../../nan/nan.h:505:19: note: candidate: ‘template<class T> void NanAssignPersistent(v8::Persistent<T, v8::NonCopyablePersistentTraits<T> >&, int)’
  505 |   NAN_INLINE void NanAssignPersistent(
      |                   ^~~~~~~~~~~~~~~~~~~
../../../../nan/nan.h:505:19: note:   template argument deduction/substitution failed:
../ext/bson.cc:719:49: note:   cannot convert ‘func’ (type ‘v8::Local<v8::Function>’) to type ‘int’
  719 |      NanAssignPersistent(bson->codeConstructor, func);
      |                                                 ^~~~
In file included from ../ext/bson.h:17,
                 from ../ext/bson.cc:36:
../../../../nan/nan.h:512:19: note: candidate: ‘template<class T> void NanAssignPersistent(v8::Persistent<T, v8::NonCopyablePersistentTraits<T> >&, const v8::Persistent<T, v8::NonCopyablePersistentTraits<T> >&)’
  512 |   NAN_INLINE void NanAssignPersistent(
      |                   ^~~~~~~~~~~~~~~~~~~
../../../../nan/nan.h:512:19: note:   template argument deduction/substitution failed:
../ext/bson.cc:719:53: note:   ‘v8::Local<v8::Function>’ is not derived from ‘const v8::Persistent<T, v8::NonCopyablePersistentTraits<T> >’
  719 |      NanAssignPersistent(bson->codeConstructor, func);
      |                                                     ^
../ext/bson.cc:721:48: error: missing template arguments before ‘(’ token
  721 |     } else if(functionName->StrictEquals(NanNew(bson->dbrefString))) {
      |                                                ^
../ext/bson.cc:722:54: error: no matching function for call to ‘NanAssignPersistent(v8::Persistent<v8::Function>&, v8::Local<v8::Function>&)’
  722 |      NanAssignPersistent(bson->dbrefConstructor, func);
      |                                                      ^
In file included from ../ext/bson.h:17,
                 from ../ext/bson.cc:36:
../../../../nan/nan.h:505:19: note: candidate: ‘template<class T> void NanAssignPersistent(v8::Persistent<T, v8::NonCopyablePersistentTraits<T> >&, int)’
  505 |   NAN_INLINE void NanAssignPersistent(
      |                   ^~~~~~~~~~~~~~~~~~~
../../../../nan/nan.h:505:19: note:   template argument deduction/substitution failed:
../ext/bson.cc:722:50: note:   cannot convert ‘func’ (type ‘v8::Local<v8::Function>’) to type ‘int’
  722 |      NanAssignPersistent(bson->dbrefConstructor, func);
      |                                                  ^~~~
In file included from ../ext/bson.h:17,
                 from ../ext/bson.cc:36:
../../../../nan/nan.h:512:19: note: candidate: ‘template<class T> void NanAssignPersistent(v8::Persistent<T, v8::NonCopyablePersistentTraits<T> >&, const v8::Persistent<T, v8::NonCopyablePersistentTraits<T> >&)’
  512 |   NAN_INLINE void NanAssignPersistent(
      |                   ^~~~~~~~~~~~~~~~~~~
../../../../nan/nan.h:512:19: note:   template argument deduction/substitution failed:
../ext/bson.cc:722:54: note:   ‘v8::Local<v8::Function>’ is not derived from ‘const v8::Persistent<T, v8::NonCopyablePersistentTraits<T> >’
  722 |      NanAssignPersistent(bson->dbrefConstructor, func);
      |                                                      ^
../ext/bson.cc:724:48: error: missing template arguments before ‘(’ token
  724 |     } else if(functionName->StrictEquals(NanNew(bson->symbolString))) {
      |                                                ^
../ext/bson.cc:725:55: error: no matching function for call to ‘NanAssignPersistent(v8::Persistent<v8::Function>&, v8::Local<v8::Function>&)’
  725 |      NanAssignPersistent(bson->symbolConstructor, func);
      |                                                       ^
In file included from ../ext/bson.h:17,
                 from ../ext/bson.cc:36:
../../../../nan/nan.h:505:19: note: candidate: ‘template<class T> void NanAssignPersistent(v8::Persistent<T, v8::NonCopyablePersistentTraits<T> >&, int)’
  505 |   NAN_INLINE void NanAssignPersistent(
      |                   ^~~~~~~~~~~~~~~~~~~
../../../../nan/nan.h:505:19: note:   template argument deduction/substitution failed:
../ext/bson.cc:725:51: note:   cannot convert ‘func’ (type ‘v8::Local<v8::Function>’) to type ‘int’
  725 |      NanAssignPersistent(bson->symbolConstructor, func);
      |                                                   ^~~~
In file included from ../ext/bson.h:17,
                 from ../ext/bson.cc:36:
../../../../nan/nan.h:512:19: note: candidate: ‘template<class T> void NanAssignPersistent(v8::Persistent<T, v8::NonCopyablePersistentTraits<T> >&, const v8::Persistent<T, v8::NonCopyablePersistentTraits<T> >&)’
  512 |   NAN_INLINE void NanAssignPersistent(
      |                   ^~~~~~~~~~~~~~~~~~~
../../../../nan/nan.h:512:19: note:   template argument deduction/substitution failed:
../ext/bson.cc:725:55: note:   ‘v8::Local<v8::Function>’ is not derived from ‘const v8::Persistent<T, v8::NonCopyablePersistentTraits<T> >’
  725 |      NanAssignPersistent(bson->symbolConstructor, func);
      |                                                       ^
../ext/bson.cc:727:48: error: missing template arguments before ‘(’ token
  727 |     } else if(functionName->StrictEquals(NanNew(bson->doubleString))) {
      |                                                ^
../ext/bson.cc:728:55: error: no matching function for call to ‘NanAssignPersistent(v8::Persistent<v8::Function>&, v8::Local<v8::Function>&)’
  728 |      NanAssignPersistent(bson->doubleConstructor, func);
      |                                                       ^
In file included from ../ext/bson.h:17,
                 from ../ext/bson.cc:36:
../../../../nan/nan.h:505:19: note: candidate: ‘template<class T> void NanAssignPersistent(v8::Persistent<T, v8::NonCopyablePersistentTraits<T> >&, int)’
  505 |   NAN_INLINE void NanAssignPersistent(
      |                   ^~~~~~~~~~~~~~~~~~~
../../../../nan/nan.h:505:19: note:   template argument deduction/substitution failed:
../ext/bson.cc:728:51: note:   cannot convert ‘func’ (type ‘v8::Local<v8::Function>’) to type ‘int’
  728 |      NanAssignPersistent(bson->doubleConstructor, func);
      |                                                   ^~~~
In file included from ../ext/bson.h:17,
                 from ../ext/bson.cc:36:
../../../../nan/nan.h:512:19: note: candidate: ‘template<class T> void NanAssignPersistent(v8::Persistent<T, v8::NonCopyablePersistentTraits<T> >&, const v8::Persistent<T, v8::NonCopyablePersistentTraits<T> >&)’
  512 |   NAN_INLINE void NanAssignPersistent(
      |                   ^~~~~~~~~~~~~~~~~~~
../../../../nan/nan.h:512:19: note:   template argument deduction/substitution failed:
../ext/bson.cc:728:55: note:   ‘v8::Local<v8::Function>’ is not derived from ‘const v8::Persistent<T, v8::NonCopyablePersistentTraits<T> >’
  728 |      NanAssignPersistent(bson->doubleConstructor, func);
      |                                                       ^
../ext/bson.cc:730:48: error: missing template arguments before ‘(’ token
  730 |     } else if(functionName->StrictEquals(NanNew(bson->timestampString))) {
      |                                                ^
../ext/bson.cc:731:58: error: no matching function for call to ‘NanAssignPersistent(v8::Persistent<v8::Function>&, v8::Local<v8::Function>&)’
  731 |      NanAssignPersistent(bson->timestampConstructor, func);
      |                                                          ^
In file included from ../ext/bson.h:17,
                 from ../ext/bson.cc:36:
../../../../nan/nan.h:505:19: note: candidate: ‘template<class T> void NanAssignPersistent(v8::Persistent<T, v8::NonCopyablePersistentTraits<T> >&, int)’
  505 |   NAN_INLINE void NanAssignPersistent(
      |                   ^~~~~~~~~~~~~~~~~~~
../../../../nan/nan.h:505:19: note:   template argument deduction/substitution failed:
../ext/bson.cc:731:54: note:   cannot convert ‘func’ (type ‘v8::Local<v8::Function>’) to type ‘int’
  731 |      NanAssignPersistent(bson->timestampConstructor, func);
      |                                                      ^~~~
In file included from ../ext/bson.h:17,
                 from ../ext/bson.cc:36:
../../../../nan/nan.h:512:19: note: candidate: ‘template<class T> void NanAssignPersistent(v8::Persistent<T, v8::NonCopyablePersistentTraits<T> >&, const v8::Persistent<T, v8::NonCopyablePersistentTraits<T> >&)’
  512 |   NAN_INLINE void NanAssignPersistent(
      |                   ^~~~~~~~~~~~~~~~~~~
../../../../nan/nan.h:512:19: note:   template argument deduction/substitution failed:
../ext/bson.cc:731:58: note:   ‘v8::Local<v8::Function>’ is not derived from ‘const v8::Persistent<T, v8::NonCopyablePersistentTraits<T> >’
  731 |      NanAssignPersistent(bson->timestampConstructor, func);
      |                                                          ^
../ext/bson.cc:733:48: error: missing template arguments before ‘(’ token
  733 |     } else if(functionName->StrictEquals(NanNew(bson->minKeyString))) {
      |                                                ^
../ext/bson.cc:734:55: error: no matching function for call to ‘NanAssignPersistent(v8::Persistent<v8::Function>&, v8::Local<v8::Function>&)’
  734 |      NanAssignPersistent(bson->minKeyConstructor, func);
      |                                                       ^
In file included from ../ext/bson.h:17,
                 from ../ext/bson.cc:36:
../../../../nan/nan.h:505:19: note: candidate: ‘template<class T> void NanAssignPersistent(v8::Persistent<T, v8::NonCopyablePersistentTraits<T> >&, int)’
  505 |   NAN_INLINE void NanAssignPersistent(
      |                   ^~~~~~~~~~~~~~~~~~~
../../../../nan/nan.h:505:19: note:   template argument deduction/substitution failed:
../ext/bson.cc:734:51: note:   cannot convert ‘func’ (type ‘v8::Local<v8::Function>’) to type ‘int’
  734 |      NanAssignPersistent(bson->minKeyConstructor, func);
      |                                                   ^~~~
In file included from ../ext/bson.h:17,
                 from ../ext/bson.cc:36:
../../../../nan/nan.h:512:19: note: candidate: ‘template<class T> void NanAssignPersistent(v8::Persistent<T, v8::NonCopyablePersistentTraits<T> >&, const v8::Persistent<T, v8::NonCopyablePersistentTraits<T> >&)’
  512 |   NAN_INLINE void NanAssignPersistent(
      |                   ^~~~~~~~~~~~~~~~~~~
../../../../nan/nan.h:512:19: note:   template argument deduction/substitution failed:
../ext/bson.cc:734:55: note:   ‘v8::Local<v8::Function>’ is not derived from ‘const v8::Persistent<T, v8::NonCopyablePersistentTraits<T> >’
  734 |      NanAssignPersistent(bson->minKeyConstructor, func);
      |                                                       ^
../ext/bson.cc:736:48: error: missing template arguments before ‘(’ token
  736 |     } else if(functionName->StrictEquals(NanNew(bson->maxKeyString))) {
      |                                                ^
../ext/bson.cc:737:55: error: no matching function for call to ‘NanAssignPersistent(v8::Persistent<v8::Function>&, v8::Local<v8::Function>&)’
  737 |      NanAssignPersistent(bson->maxKeyConstructor, func);
      |                                                       ^
In file included from ../ext/bson.h:17,
                 from ../ext/bson.cc:36:
../../../../nan/nan.h:505:19: note: candidate: ‘template<class T> void NanAssignPersistent(v8::Persistent<T, v8::NonCopyablePersistentTraits<T> >&, int)’
  505 |   NAN_INLINE void NanAssignPersistent(
      |                   ^~~~~~~~~~~~~~~~~~~
../../../../nan/nan.h:505:19: note:   template argument deduction/substitution failed:
../ext/bson.cc:737:51: note:   cannot convert ‘func’ (type ‘v8::Local<v8::Function>’) to type ‘int’
  737 |      NanAssignPersistent(bson->maxKeyConstructor, func);
      |                                                   ^~~~
In file included from ../ext/bson.h:17,
                 from ../ext/bson.cc:36:
../../../../nan/nan.h:512:19: note: candidate: ‘template<class T> void NanAssignPersistent(v8::Persistent<T, v8::NonCopyablePersistentTraits<T> >&, const v8::Persistent<T, v8::NonCopyablePersistentTraits<T> >&)’
  512 |   NAN_INLINE void NanAssignPersistent(
      |                   ^~~~~~~~~~~~~~~~~~~
../../../../nan/nan.h:512:19: note:   template argument deduction/substitution failed:
../ext/bson.cc:737:55: note:   ‘v8::Local<v8::Function>’ is not derived from ‘const v8::Persistent<T, v8::NonCopyablePersistentTraits<T> >’
  737 |      NanAssignPersistent(bson->maxKeyConstructor, func);
      |                                                       ^
In file included from ../ext/bson.h:17,
                 from ../ext/bson.cc:36:
../../../../nan/nan.h:401:80: error: missing template arguments before ‘(’ token
  401 | # define NanReturnValue(value) return args.GetReturnValue().Set(_NanEnsureLocal(value))
      |                                                                                ^
../ext/bson.cc:748:5: note: in expansion of macro ‘NanReturnValue’
  748 |     NanReturnValue(args.This());
      |     ^~~~~~~~~~~~~~
../ext/bson.cc: In static member function ‘static void BSON::BSONDeserialize(const v8::FunctionCallbackInfo<v8::Value>&)’:
../ext/bson.cc:780:45: error: no matching function for call to ‘v8::Value::ToObject()’
  780 |   Local<Object> options = args[1]->ToObject();
      |                                             ^
In file included from ../ext/bson.cc:14:
/home/connor/.cache/node-gyp/15.3.0/include/node/v8.h:2868:44: note: candidate: ‘v8::MaybeLocal<v8::Object> v8::Value::ToObject(v8::Local<v8::Context>) const’
 2868 |   V8_WARN_UNUSED_RESULT MaybeLocal<Object> ToObject(
      |                                            ^~~~~~~~
/home/connor/.cache/node-gyp/15.3.0/include/node/v8.h:2868:44: note:   candidate expects 1 argument, 0 provided
../ext/bson.cc:782:48: error: no match for call to ‘(v8::Local<v8::String>) (const char [13])’
  782 |   if(options->Has(NanNew<String>("promoteLongs"))) {
      |                                                ^
../ext/bson.cc:783:61: error: no match for call to ‘(v8::Local<v8::String>) (const char [13])’
  783 |    promoteLongs = options->Get(NanNew<String>("promoteLongs"))->ToBoolean()->Value();
      |                                                             ^
../ext/bson.cc:788:40: error: no matching function for call to ‘v8::Value::ToObject()’
  788 |  Local<Object> obj = args[0]->ToObject();
      |                                        ^
In file included from ../ext/bson.cc:14:
/home/connor/.cache/node-gyp/15.3.0/include/node/v8.h:2868:44: note: candidate: ‘v8::MaybeLocal<v8::Object> v8::Value::ToObject(v8::Local<v8::Context>) const’
 2868 |   V8_WARN_UNUSED_RESULT MaybeLocal<Object> ToObject(
      |                                            ^~~~~~~~
/home/connor/.cache/node-gyp/15.3.0/include/node/v8.h:2868:44: note:   candidate expects 1 argument, 0 provided
In file included from ../ext/bson.h:17,
                 from ../ext/bson.cc:36:
../../../../nan/nan.h:401:80: error: missing template arguments before ‘(’ token
  401 | # define NanReturnValue(value) return args.GetReturnValue().Set(_NanEnsureLocal(value))
      |                                                                                ^
../ext/bson.cc:812:4: note: in expansion of macro ‘NanReturnValue’
  812 |    NanReturnValue(deserializer.DeserializeDocument(promoteLongs));
      |    ^~~~~~~~~~~~~~
../ext/bson.cc:812:32: error: ‘class BSONDeserializer’ has no member named ‘DeserializeDocument’
  812 |    NanReturnValue(deserializer.DeserializeDocument(promoteLongs));
      |                                ^~~~~~~~~~~~~~~~~~~
../../../../nan/nan.h:401:81: note: in definition of macro ‘NanReturnValue’
  401 | # define NanReturnValue(value) return args.GetReturnValue().Set(_NanEnsureLocal(value))
      |                                                                                 ^~~~~
../ext/bson.cc:816:50: error: no match for call to ‘(v8::Local<v8::String>) (char*&)’
  816 |    Local<String> error = NanNew<String>(exception);
      |                                                  ^
../ext/bson.cc:818:30: error: no matching function for call to ‘NanThrowError(v8::Local<v8::String>&)’
  818 |    return NanThrowError(error);
      |                              ^
In file included from ../ext/bson.h:17,
                 from ../ext/bson.cc:36:
../../../../nan/nan.h:610:19: note: candidate: ‘void NanThrowError(const char*)’
  610 |   NAN_INLINE void NanThrowError(const char* errmsg) {
      |                   ^~~~~~~~~~~~~
../../../../nan/nan.h:610:45: note:   no known conversion for argument 1 from ‘v8::Local<v8::String>’ to ‘const char*’
  610 |   NAN_INLINE void NanThrowError(const char* errmsg) {
      |                                 ~~~~~~~~~~~~^~~~~~
../../../../nan/nan.h:629:19: note: candidate: ‘void NanThrowError(const char*, int)’
  629 |   NAN_INLINE void NanThrowError(
      |                   ^~~~~~~~~~~~~
../../../../nan/nan.h:629:19: note:   candidate expects 2 arguments, 1 provided
../ext/bson.cc:825:35: error: cannot convert ‘v8::Local<v8::Value>’ to ‘v8::Isolate*’
  825 |   ssize_t len = DecodeBytes(args[0], BINARY);
      |                             ~~~~~~^
      |                                   |
      |                                   v8::Local<v8::Value>
In file included from ../ext/bson.cc:22:
/home/connor/.cache/node-gyp/15.3.0/include/node/node.h:752:46: note:   initializing argument 1 of ‘ssize_t node::DecodeBytes(v8::Isolate*, v8::Local<v8::Value>, node::encoding)’
  752 | NODE_EXTERN ssize_t DecodeBytes(v8::Isolate* isolate,
      |                                 ~~~~~~~~~~~~~^~~~~~~
../ext/bson.cc:833:15: error: cannot convert ‘char*’ to ‘v8::Isolate*’
  833 |   DecodeWrite(data, len, args[0], BINARY);
      |               ^~~~
      |               |
      |               char*
In file included from ../ext/bson.cc:22:
/home/connor/.cache/node-gyp/15.3.0/include/node/node.h:756:46: note:   initializing argument 1 of ‘ssize_t node::DecodeWrite(v8::Isolate*, char*, size_t, v8::Local<v8::Value>, node::encoding)’
  756 | NODE_EXTERN ssize_t DecodeWrite(v8::Isolate* isolate,
      |                                 ~~~~~~~~~~~~~^~~~~~~
../ext/bson.cc:839:4: error: ‘Handle’ was not declared in this scope; did you mean ‘handle’?
  839 |    Handle<Value> result = deserializer.DeserializeDocument(promoteLongs);
      |    ^~~~~~
      |    handle
../ext/bson.cc:839:16: error: expected primary-expression before ‘>’ token
  839 |    Handle<Value> result = deserializer.DeserializeDocument(promoteLongs);
      |                ^
../ext/bson.cc:839:18: error: ‘result’ was not declared in this scope
  839 |    Handle<Value> result = deserializer.DeserializeDocument(promoteLongs);
      |                  ^~~~~~
../ext/bson.cc:839:40: error: ‘class BSONDeserializer’ has no member named ‘DeserializeDocument’
  839 |    Handle<Value> result = deserializer.DeserializeDocument(promoteLongs);
      |                                        ^~~~~~~~~~~~~~~~~~~
In file included from ../ext/bson.h:17,
                 from ../ext/bson.cc:36:
../../../../nan/nan.h:401:80: error: missing template arguments before ‘(’ token
  401 | # define NanReturnValue(value) return args.GetReturnValue().Set(_NanEnsureLocal(value))
      |                                                                                ^
../ext/bson.cc:841:4: note: in expansion of macro ‘NanReturnValue’
  841 |    NanReturnValue(result);
      |    ^~~~~~~~~~~~~~
../ext/bson.cc:846:50: error: no match for call to ‘(v8::Local<v8::String>) (char*&)’
  846 |    Local<String> error = NanNew<String>(exception);
      |                                                  ^
../ext/bson.cc:849:30: error: no matching function for call to ‘NanThrowError(v8::Local<v8::String>&)’
  849 |    return NanThrowError(error);
      |                              ^
In file included from ../ext/bson.h:17,
                 from ../ext/bson.cc:36:
../../../../nan/nan.h:610:19: note: candidate: ‘void NanThrowError(const char*)’
  610 |   NAN_INLINE void NanThrowError(const char* errmsg) {
      |                   ^~~~~~~~~~~~~
../../../../nan/nan.h:610:45: note:   no known conversion for argument 1 from ‘v8::Local<v8::String>’ to ‘const char*’
  610 |   NAN_INLINE void NanThrowError(const char* errmsg) {
      |                                 ~~~~~~~~~~~~^~~~~~
../../../../nan/nan.h:629:19: note: candidate: ‘void NanThrowError(const char*, int)’
  629 |   NAN_INLINE void NanThrowError(
      |                   ^~~~~~~~~~~~~
../../../../nan/nan.h:629:19: note:   candidate expects 2 arguments, 1 provided
../ext/bson.cc: At global scope:
../ext/bson.cc:854:46: error: ‘Handle’ does not name a type
  854 | Local<Object> BSON::GetSerializeObject(const Handle<Value>& argValue)
      |                                              ^~~~~~
../ext/bson.cc:854:52: error: expected ‘,’ or ‘...’ before ‘<’ token
  854 | Local<Object> BSON::GetSerializeObject(const Handle<Value>& argValue)
      |                                                    ^
../ext/bson.cc: In member function ‘v8::Local<v8::Object> BSON::GetSerializeObject(int)’:
../ext/bson.cc:856:25: error: ‘argValue’ was not declared in this scope
  856 |  Local<Object> object = argValue->ToObject();
      |                         ^~~~~~~~
../ext/bson.cc:857:23: error: missing template arguments before ‘(’ token
  857 |  if(object->Has(NanNew(_toBSONString)))
      |                       ^
../ext/bson.cc:859:50: error: missing template arguments before ‘(’ token
  859 |   const Local<Value>& toBSON = object->Get(NanNew(_toBSONString));
      |                                                  ^
../ext/bson.cc:862:76: error: no matching function for call to ‘v8::Function::Call(v8::Local<v8::Object>&, int, NULL)’
  862 |   Local<Value> result = Local<Function>::Cast(toBSON)->Call(object, 0, NULL);
      |                                                                            ^
In file included from ../ext/bson.cc:14:
/home/connor/.cache/node-gyp/15.3.0/include/node/v8.h:4514:43: note: candidate: ‘v8::MaybeLocal<v8::Value> v8::Function::Call(v8::Local<v8::Context>, v8::Local<v8::Value>, int, v8::Local<v8::Value>*)’
 4514 |   V8_WARN_UNUSED_RESULT MaybeLocal<Value> Call(Local<Context> context,
      |                                           ^~~~
/home/connor/.cache/node-gyp/15.3.0/include/node/v8.h:4514:43: note:   candidate expects 4 arguments, 3 provided
../ext/bson.cc:864:27: error: no matching function for call to ‘v8::Value::ToObject()’
  864 |   return result->ToObject();
      |                           ^
In file included from ../ext/bson.cc:14:
/home/connor/.cache/node-gyp/15.3.0/include/node/v8.h:2868:44: note: candidate: ‘v8::MaybeLocal<v8::Object> v8::Value::ToObject(v8::Local<v8::Context>) const’
 2868 |   V8_WARN_UNUSED_RESULT MaybeLocal<Object> ToObject(
      |                                            ^~~~~~~~
/home/connor/.cache/node-gyp/15.3.0/include/node/v8.h:2868:44: note:   candidate expects 1 argument, 0 provided
../ext/bson.cc: In static member function ‘static void BSON::BSONSerialize(const v8::FunctionCallbackInfo<v8::Value>&)’:
../ext/bson.cc:890:74: error: no matching function for call to ‘v8::Value::BooleanValue()’
  890 |  bool serializeFunctions = (args.Length() >= 4) && args[3]->BooleanValue();
      |                                                                          ^
In file included from ../ext/bson.cc:14:
/home/connor/.cache/node-gyp/15.3.0/include/node/v8.h:2904:8: note: candidate: ‘bool v8::Value::BooleanValue(v8::Isolate*) const’
 2904 |   bool BooleanValue(Isolate* isolate) const;
      |        ^~~~~~~~~~~~
/home/connor/.cache/node-gyp/15.3.0/include/node/v8.h:2904:8: note:   candidate expects 1 argument, 0 provided
../ext/bson.cc:896:57: error: cannot convert ‘v8::Local<v8::Value>’ to ‘int’
  896 |   Local<Object> object = bson->GetSerializeObject(args[0]);
      |                                                   ~~~~~~^
      |                                                         |
      |                                                         v8::Local<v8::Value>
../ext/bson.cc:854:40: note:   initializing argument 1 of ‘v8::Local<v8::Object> BSON::GetSerializeObject(int)’
  854 | Local<Object> BSON::GetSerializeObject(const Handle<Value>& argValue)
      |                                        ^~~~~~~~~~~~
../ext/bson.cc:899:29: error: cannot convert ‘v8::Local<v8::Object>’ to ‘int’
  899 |   counter.SerializeDocument(object);
      |                             ^~~~~~
      |                             |
      |                             v8::Local<v8::Object>
../ext/bson.cc:102:64: note:   initializing argument 1 of ‘void BSONSerializer<T>::SerializeDocument(int) [with T = CountStream]’
  102 | template<typename T> void BSONSerializer<T>::SerializeDocument(const Handle<Value>& value)
      |                                                                ^~~~~~~~~~~~
../ext/bson.cc:907:88: error: no matching function for call to ‘v8::Value::BooleanValue()’
  907 |   bool checkKeys = args.Length() >= 3 && args[1]->IsBoolean() && args[1]->BooleanValue();
      |                                                                                        ^
In file included from ../ext/bson.cc:14:
/home/connor/.cache/node-gyp/15.3.0/include/node/v8.h:2904:8: note: candidate: ‘bool v8::Value::BooleanValue(v8::Isolate*) const’
 2904 |   bool BooleanValue(Isolate* isolate) const;
      |        ^~~~~~~~~~~~
/home/connor/.cache/node-gyp/15.3.0/include/node/v8.h:2904:8: note:   candidate expects 1 argument, 0 provided
../ext/bson.cc:909:26: error: cannot convert ‘v8::Local<v8::Object>’ to ‘int’
  909 |   data.SerializeDocument(object);
      |                          ^~~~~~
      |                          |
      |                          v8::Local<v8::Object>
../ext/bson.cc:102:64: note:   initializing argument 1 of ‘void BSONSerializer<T>::SerializeDocument(int) [with T = DataStream]’
  102 | template<typename T> void BSONSerializer<T>::SerializeDocument(const Handle<Value>& value)
      |                                                                ^~~~~~~~~~~~
../ext/bson.cc:914:47: error: no match for call to ‘(v8::Local<v8::String>) (char*&)’
  914 |   Local<String> error = NanNew<String>(err_msg);
      |                                               ^
../ext/bson.cc:916:29: error: no matching function for call to ‘NanThrowError(v8::Local<v8::String>&)’
  916 |   return NanThrowError(error);
      |                             ^
In file included from ../ext/bson.h:17,
                 from ../ext/bson.cc:36:
../../../../nan/nan.h:610:19: note: candidate: ‘void NanThrowError(const char*)’
  610 |   NAN_INLINE void NanThrowError(const char* errmsg) {
      |                   ^~~~~~~~~~~~~
../../../../nan/nan.h:610:45: note:   no known conversion for argument 1 from ‘v8::Local<v8::String>’ to ‘const char*’
  610 |   NAN_INLINE void NanThrowError(const char* errmsg) {
      |                                 ~~~~~~~~~~~~^~~~~~
../../../../nan/nan.h:629:19: note: candidate: ‘void NanThrowError(const char*, int)’
  629 |   NAN_INLINE void NanThrowError(
      |                   ^~~~~~~~~~~~~
../../../../nan/nan.h:629:19: note:   candidate expects 2 arguments, 1 provided
../../../../nan/nan.h:401:80: error: missing template arguments before ‘(’ token
  401 | # define NanReturnValue(value) return args.GetReturnValue().Set(_NanEnsureLocal(value))
      |                                                                                ^
../ext/bson.cc:924:3: note: in expansion of macro ‘NanReturnValue’
  924 |   NanReturnValue(buffer);
      |   ^~~~~~~~~~~~~~
../ext/bson.cc:928:73: error: no matching function for call to ‘Encode(char*&, size_t&, node::encoding)’
  928 |   Local<Value> bin_value = Encode(serialized_object, object_size, BINARY)->ToString();
      |                                                                         ^
In file included from ../ext/bson.cc:22:
/home/connor/.cache/node-gyp/15.3.0/include/node/node.h:740:34: note: candidate: ‘v8::Local<v8::Value> node::Encode(v8::Isolate*, const char*, size_t, node::encoding)’
  740 | NODE_EXTERN v8::Local<v8::Value> Encode(v8::Isolate* isolate,
      |                                  ^~~~~~
/home/connor/.cache/node-gyp/15.3.0/include/node/node.h:740:54: note:   no known conversion for argument 1 from ‘char*’ to ‘v8::Isolate*’
  740 | NODE_EXTERN v8::Local<v8::Value> Encode(v8::Isolate* isolate,
      |                                         ~~~~~~~~~~~~~^~~~~~~
/home/connor/.cache/node-gyp/15.3.0/include/node/node.h:747:34: note: candidate: ‘v8::Local<v8::Value> node::Encode(v8::Isolate*, const uint16_t*, size_t)’
  747 | NODE_EXTERN v8::Local<v8::Value> Encode(v8::Isolate* isolate,
      |                                  ^~~~~~
/home/connor/.cache/node-gyp/15.3.0/include/node/node.h:747:54: note:   no known conversion for argument 1 from ‘char*’ to ‘v8::Isolate*’
  747 | NODE_EXTERN v8::Local<v8::Value> Encode(v8::Isolate* isolate,
      |                                         ~~~~~~~~~~~~~^~~~~~~
In file included from ../ext/bson.h:17,
                 from ../ext/bson.cc:36:
../../../../nan/nan.h:401:80: error: missing template arguments before ‘(’ token
  401 | # define NanReturnValue(value) return args.GetReturnValue().Set(_NanEnsureLocal(value))
      |                                                                                ^
../ext/bson.cc:930:3: note: in expansion of macro ‘NanReturnValue’
  930 |   NanReturnValue(bin_value);
      |   ^~~~~~~~~~~~~~
../ext/bson.cc: In static member function ‘static void BSON::CalculateObjectSize(const v8::FunctionCallbackInfo<v8::Value>&)’:
../ext/bson.cc:944:74: error: no matching function for call to ‘v8::Value::BooleanValue()’
  944 |  bool serializeFunctions = (args.Length() >= 2) && args[1]->BooleanValue();
      |                                                                          ^
In file included from ../ext/bson.cc:14:
/home/connor/.cache/node-gyp/15.3.0/include/node/v8.h:2904:8: note: candidate: ‘bool v8::Value::BooleanValue(v8::Isolate*) const’
 2904 |   bool BooleanValue(Isolate* isolate) const;
      |        ^~~~~~~~~~~~
/home/connor/.cache/node-gyp/15.3.0/include/node/v8.h:2904:8: note:   candidate expects 1 argument, 0 provided
../ext/bson.cc:946:42: error: cannot convert ‘v8::Local<v8::Value>’ to ‘int’
  946 |  countSerializer.SerializeDocument(args[0]);
      |                                    ~~~~~~^
      |                                          |
      |                                          v8::Local<v8::Value>
../ext/bson.cc:102:64: note:   initializing argument 1 of ‘void BSONSerializer<T>::SerializeDocument(int) [with T = CountStream]’
  102 | template<typename T> void BSONSerializer<T>::SerializeDocument(const Handle<Value>& value)
      |                                                                ^~~~~~~~~~~~
In file included from ../ext/bson.h:17,
                 from ../ext/bson.cc:36:
../../../../nan/nan.h:401:80: error: missing template arguments before ‘(’ token
  401 | # define NanReturnValue(value) return args.GetReturnValue().Set(_NanEnsureLocal(value))
      |                                                                                ^
../ext/bson.cc:949:2: note: in expansion of macro ‘NanReturnValue’
  949 |  NanReturnValue(NanNew<Uint32>((uint32_t) countSerializer.GetSerializeSize()));
      |  ^~~~~~~~~~~~~~
../ext/bson.cc:949:77: error: no match for call to ‘(v8::Local<v8::Uint32>) (uint32_t)’
  949 |  NanReturnValue(NanNew<Uint32>((uint32_t) countSerializer.GetSerializeSize()));
      |                                                                             ^
../../../../nan/nan.h:401:81: note: in definition of macro ‘NanReturnValue’
  401 | # define NanReturnValue(value) return args.GetReturnValue().Set(_NanEnsureLocal(value))
      |                                                                                 ^~~~~
../ext/bson.cc: In static member function ‘static void BSON::SerializeWithBufferAndIndex(const v8::FunctionCallbackInfo<v8::Value>&)’:
../ext/bson.cc:969:41: error: no matching function for call to ‘v8::Value::ToObject()’
  969 |   Local<Object> obj = args[2]->ToObject();
      |                                         ^
In file included from ../ext/bson.cc:14:
/home/connor/.cache/node-gyp/15.3.0/include/node/v8.h:2868:44: note: candidate: ‘v8::MaybeLocal<v8::Object> v8::Value::ToObject(v8::Local<v8::Context>) const’
 2868 |   V8_WARN_UNUSED_RESULT MaybeLocal<Object> ToObject(
      |                                            ^~~~~~~~
/home/connor/.cache/node-gyp/15.3.0/include/node/v8.h:2868:44: note:   candidate expects 1 argument, 0 provided
../ext/bson.cc:973:32: error: no matching function for call to ‘v8::Value::Uint32Value()’
  973 |   index = args[3]->Uint32Value();
      |                                ^
In file included from ../ext/bson.cc:14:
/home/connor/.cache/node-gyp/15.3.0/include/node/v8.h:2912:41: note: candidate: ‘v8::Maybe<unsigned int> v8::Value::Uint32Value(v8::Local<v8::Context>) const’
 2912 |   V8_WARN_UNUSED_RESULT Maybe<uint32_t> Uint32Value(
      |                                         ^~~~~~~~~~~
/home/connor/.cache/node-gyp/15.3.0/include/node/v8.h:2912:41: note:   candidate expects 1 argument, 0 provided
../ext/bson.cc:974:88: error: no matching function for call to ‘v8::Value::BooleanValue()’
  974 |   bool checkKeys = args.Length() >= 4 && args[1]->IsBoolean() && args[1]->BooleanValue();
      |                                                                                        ^
In file included from ../ext/bson.cc:14:
/home/connor/.cache/node-gyp/15.3.0/include/node/v8.h:2904:8: note: candidate: ‘bool v8::Value::BooleanValue(v8::Isolate*) const’
 2904 |   bool BooleanValue(Isolate* isolate) const;
      |        ^~~~~~~~~~~~
/home/connor/.cache/node-gyp/15.3.0/include/node/v8.h:2904:8: note:   candidate expects 1 argument, 0 provided
../ext/bson.cc:975:75: error: no matching function for call to ‘v8::Value::BooleanValue()’
  975 |   bool serializeFunctions = (args.Length() == 5) && args[4]->BooleanValue();
      |                                                                           ^
In file included from ../ext/bson.cc:14:
/home/connor/.cache/node-gyp/15.3.0/include/node/v8.h:2904:8: note: candidate: ‘bool v8::Value::BooleanValue(v8::Isolate*) const’
 2904 |   bool BooleanValue(Isolate* isolate) const;
      |        ^~~~~~~~~~~~
/home/connor/.cache/node-gyp/15.3.0/include/node/v8.h:2904:8: note:   candidate expects 1 argument, 0 provided
../ext/bson.cc:978:67: error: cannot convert ‘v8::Local<v8::Value>’ to ‘int’
  978 |   dataSerializer.SerializeDocument(bson->GetSerializeObject(args[0]));
      |                                                             ~~~~~~^
      |                                                                   |
      |                                                                   v8::Local<v8::Value>
../ext/bson.cc:854:40: note:   initializing argument 1 of ‘v8::Local<v8::Object> BSON::GetSerializeObject(int)’
  854 | Local<Object> BSON::GetSerializeObject(const Handle<Value>& argValue)
      |                                        ^~~~~~~~~~~~
../ext/bson.cc:985:49: error: no match for call to ‘(v8::Local<v8::String>) (char*&)’
  985 |   Local<String> error = NanNew<String>(exception);
      |                                                 ^
../ext/bson.cc:987:29: error: no matching function for call to ‘NanThrowError(v8::Local<v8::String>&)’
  987 |   return NanThrowError(error);
      |                             ^
In file included from ../ext/bson.h:17,
                 from ../ext/bson.cc:36:
../../../../nan/nan.h:610:19: note: candidate: ‘void NanThrowError(const char*)’
  610 |   NAN_INLINE void NanThrowError(const char* errmsg) {
      |                   ^~~~~~~~~~~~~
../../../../nan/nan.h:610:45: note:   no known conversion for argument 1 from ‘v8::Local<v8::String>’ to ‘const char*’
  610 |   NAN_INLINE void NanThrowError(const char* errmsg) {
      |                                 ~~~~~~~~~~~~^~~~~~
../../../../nan/nan.h:629:19: note: candidate: ‘void NanThrowError(const char*, int)’
  629 |   NAN_INLINE void NanThrowError(
      |                   ^~~~~~~~~~~~~
../../../../nan/nan.h:629:19: note:   candidate expects 2 arguments, 1 provided
../../../../nan/nan.h:401:80: error: missing template arguments before ‘(’ token
  401 | # define NanReturnValue(value) return args.GetReturnValue().Set(_NanEnsureLocal(value))
      |                                                                                ^
../ext/bson.cc:990:2: note: in expansion of macro ‘NanReturnValue’
  990 |  NanReturnValue(NanNew<Uint32>((uint32_t) (index + object_size - 1)));
      |  ^~~~~~~~~~~~~~
../ext/bson.cc:990:68: error: no match for call to ‘(v8::Local<v8::Uint32>) (uint32_t)’
  990 |  NanReturnValue(NanNew<Uint32>((uint32_t) (index + object_size - 1)));
      |                                                                    ^
../../../../nan/nan.h:401:81: note: in definition of macro ‘NanReturnValue’
  401 | # define NanReturnValue(value) return args.GetReturnValue().Set(_NanEnsureLocal(value))
      |                                                                                 ^~~~~
../ext/bson.cc: In static member function ‘static void BSON::BSONDeserializeStream(const v8::FunctionCallbackInfo<v8::Value>&)’:
../ext/bson.cc:1014:40: error: no matching function for call to ‘v8::Value::ToObject()’
 1014 |  Local<Object> obj = args[0]->ToObject();
      |                                        ^
In file included from ../ext/bson.cc:14:
/home/connor/.cache/node-gyp/15.3.0/include/node/v8.h:2868:44: note: candidate: ‘v8::MaybeLocal<v8::Object> v8::Value::ToObject(v8::Local<v8::Context>) const’
 2868 |   V8_WARN_UNUSED_RESULT MaybeLocal<Object> ToObject(
      |                                            ^~~~~~~~
/home/connor/.cache/node-gyp/15.3.0/include/node/v8.h:2868:44: note:   candidate expects 1 argument, 0 provided
../ext/bson.cc:1015:52: error: no matching function for call to ‘v8::Value::Uint32Value()’
 1015 |  uint32_t numberOfDocuments = args[2]->Uint32Value();
      |                                                    ^
In file included from ../ext/bson.cc:14:
/home/connor/.cache/node-gyp/15.3.0/include/node/v8.h:2912:41: note: candidate: ‘v8::Maybe<unsigned int> v8::Value::Uint32Value(v8::Local<v8::Context>) const’
 2912 |   V8_WARN_UNUSED_RESULT Maybe<uint32_t> Uint32Value(
      |                                         ^~~~~~~~~~~
/home/connor/.cache/node-gyp/15.3.0/include/node/v8.h:2912:41: note:   candidate expects 1 argument, 0 provided
../ext/bson.cc:1016:40: error: no matching function for call to ‘v8::Value::Uint32Value()’
 1016 |  uint32_t index = args[1]->Uint32Value();
      |                                        ^
In file included from ../ext/bson.cc:14:
/home/connor/.cache/node-gyp/15.3.0/include/node/v8.h:2912:41: note: candidate: ‘v8::Maybe<unsigned int> v8::Value::Uint32Value(v8::Local<v8::Context>) const’
 2912 |   V8_WARN_UNUSED_RESULT Maybe<uint32_t> Uint32Value(
      |                                         ^~~~~~~~~~~
/home/connor/.cache/node-gyp/15.3.0/include/node/v8.h:2912:41: note:   candidate expects 1 argument, 0 provided
../ext/bson.cc:1017:46: error: no matching function for call to ‘v8::Value::Uint32Value()’
 1017 |  uint32_t resultIndex = args[4]->Uint32Value();
      |                                              ^
In file included from ../ext/bson.cc:14:
/home/connor/.cache/node-gyp/15.3.0/include/node/v8.h:2912:41: note: candidate: ‘v8::Maybe<unsigned int> v8::Value::Uint32Value(v8::Local<v8::Context>) const’
 2912 |   V8_WARN_UNUSED_RESULT Maybe<uint32_t> Uint32Value(
      |                                         ^~~~~~~~~~~
/home/connor/.cache/node-gyp/15.3.0/include/node/v8.h:2912:41: note:   candidate expects 1 argument, 0 provided
../ext/bson.cc:1022:45: error: no matching function for call to ‘v8::Value::ToObject()’
 1022 |   Local<Object> options = args[5]->ToObject();
      |                                             ^
In file included from ../ext/bson.cc:14:
/home/connor/.cache/node-gyp/15.3.0/include/node/v8.h:2868:44: note: candidate: ‘v8::MaybeLocal<v8::Object> v8::Value::ToObject(v8::Local<v8::Context>) const’
 2868 |   V8_WARN_UNUSED_RESULT MaybeLocal<Object> ToObject(
      |                                            ^~~~~~~~
/home/connor/.cache/node-gyp/15.3.0/include/node/v8.h:2868:44: note:   candidate expects 1 argument, 0 provided
../ext/bson.cc:1025:48: error: no match for call to ‘(v8::Local<v8::String>) (const char [13])’
 1025 |   if(options->Has(NanNew<String>("promoteLongs"))) {
      |                                                ^
../ext/bson.cc:1026:61: error: no match for call to ‘(v8::Local<v8::String>) (const char [13])’
 1026 |    promoteLongs = options->Get(NanNew<String>("promoteLongs"))->ToBoolean()->Value();
      |                                                             ^
../ext/bson.cc:1044:46: error: no matching function for call to ‘v8::Value::ToObject()’
 1044 |  Local<Object> documents = args[3]->ToObject();
      |                                              ^
In file included from ../ext/bson.cc:14:
/home/connor/.cache/node-gyp/15.3.0/include/node/v8.h:2868:44: note: candidate: ‘v8::MaybeLocal<v8::Object> v8::Value::ToObject(v8::Local<v8::Context>) const’
 2868 |   V8_WARN_UNUSED_RESULT MaybeLocal<Object> ToObject(
      |                                            ^~~~~~~~
/home/connor/.cache/node-gyp/15.3.0/include/node/v8.h:2868:44: note:   candidate expects 1 argument, 0 provided
../ext/bson.cc:1051:49: error: ‘class BSONDeserializer’ has no member named ‘DeserializeDocument’
 1051 |    documents->Set(i + resultIndex, deserializer.DeserializeDocument(promoteLongs));
      |                                                 ^~~~~~~~~~~~~~~~~~~
../ext/bson.cc:1055:57: error: no match for call to ‘(v8::Local<v8::String>) (char*&)’
 1055 |           Local<String> error = NanNew<String>(exception);
      |                                                         ^
../ext/bson.cc:1057:30: error: no matching function for call to ‘NanThrowError(v8::Local<v8::String>&)’
 1057 |    return NanThrowError(error);
      |                              ^
In file included from ../ext/bson.h:17,
                 from ../ext/bson.cc:36:
../../../../nan/nan.h:610:19: note: candidate: ‘void NanThrowError(const char*)’
  610 |   NAN_INLINE void NanThrowError(const char* errmsg) {
      |                   ^~~~~~~~~~~~~
../../../../nan/nan.h:610:45: note:   no known conversion for argument 1 from ‘v8::Local<v8::String>’ to ‘const char*’
  610 |   NAN_INLINE void NanThrowError(const char* errmsg) {
      |                                 ~~~~~~~~~~~~^~~~~~
../../../../nan/nan.h:629:19: note: candidate: ‘void NanThrowError(const char*, int)’
  629 |   NAN_INLINE void NanThrowError(
      |                   ^~~~~~~~~~~~~
../../../../nan/nan.h:629:19: note:   candidate expects 2 arguments, 1 provided
../../../../nan/nan.h:401:80: error: missing template arguments before ‘(’ token
  401 | # define NanReturnValue(value) return args.GetReturnValue().Set(_NanEnsureLocal(value))
      |                                                                                ^
../ext/bson.cc:1062:2: note: in expansion of macro ‘NanReturnValue’
 1062 |  NanReturnValue(NanNew<Uint32>((uint32_t) (index + deserializer.GetSerializeSize())));
      |  ^~~~~~~~~~~~~~
../ext/bson.cc:1062:84: error: no match for call to ‘(v8::Local<v8::Uint32>) (uint32_t)’
 1062 |  NanReturnValue(NanNew<Uint32>((uint32_t) (index + deserializer.GetSerializeSize())));
      |                                                                                    ^
../../../../nan/nan.h:401:81: note: in definition of macro ‘NanReturnValue’
  401 | # define NanReturnValue(value) return args.GetReturnValue().Set(_NanEnsureLocal(value))
      |                                                                                 ^~~~~
../ext/bson.cc: At global scope:
../ext/bson.cc:1066:17: error: variable or field ‘init’ declared void
 1066 | extern "C" void init(Handle<Object> target)
      |                 ^~~~
../ext/bson.cc:1066:22: error: ‘Handle’ was not declared in this scope
 1066 | extern "C" void init(Handle<Object> target)
      |                      ^~~~~~
../ext/bson.cc:1066:35: error: expected primary-expression before ‘>’ token
 1066 | extern "C" void init(Handle<Object> target)
      |                                   ^
../ext/bson.cc:1066:37: error: ‘target’ was not declared in this scope
 1066 | extern "C" void init(Handle<Object> target)
      |                                     ^~~~~~
In file included from ../ext/bson.cc:22:
/home/connor/.cache/node-gyp/15.3.0/include/node/node.h:835:7: warning: cast between incompatible function types from ‘void (*)(int)’ to ‘node::addon_register_func’ {aka ‘void (*)(v8::Local<v8::Object>, v8::Local<v8::Value>, void*)’} [-Wcast-function-type]
  835 |       (node::addon_register_func) (regfunc),                          \
      |       ^~~~~~~~~~~~~~~~~~~~~~~~~~~~~~~~~~~~~
/home/connor/.cache/node-gyp/15.3.0/include/node/node.h:869:3: note: in expansion of macro ‘NODE_MODULE_X’
  869 |   NODE_MODULE_X(modname, regfunc, NULL, 0)  // NOLINT (readability/null_usage)
      |   ^~~~~~~~~~~~~
../ext/bson.cc:1072:1: note: in expansion of macro ‘NODE_MODULE’
 1072 | NODE_MODULE(bson, BSON::Initialize);
      | ^~~~~~~~~~~
In file included from ../ext/bson.h:17,
                 from ../ext/bson.cc:36:
../../../../nan/nan.h:1956:13: warning: ‘_NanGetExternalParts’ defined but not used [-Wunused-variable]
 1956 | static bool _NanGetExternalParts(
      |             ^~~~~~~~~~~~~~~~~~~~
make: *** [bson.target.mk:105: Release/obj.target/bson/ext/bson.o] Error 1
gyp ERR! build error 
gyp ERR! stack Error: `make` failed with exit code: 2
gyp ERR! stack     at ChildProcess.onExit (/usr/lib/node_modules/npm/node_modules/node-gyp/lib/build.js:194:23)
gyp ERR! stack     at ChildProcess.emit (node:events:376:20)
gyp ERR! stack     at Process.ChildProcess._handle.onexit (node:internal/child_process:277:12)
gyp ERR! System Linux 5.9.11-3-MANJARO
gyp ERR! command "/usr/bin/node" "/usr/lib/node_modules/npm/node_modules/node-gyp/bin/node-gyp.js" "rebuild"
gyp ERR! cwd /home/connor/Documents/GitHub/HappyCamper/part2/node_modules/passport-mongoose/node_modules/bson
gyp ERR! node -v v15.3.0
gyp ERR! node-gyp -v v5.1.0
gyp ERR! not ok 
